<?xml version="1.0" encoding="utf-8"?><testsuites name="pytest tests"><testsuite name="pytest" errors="0" failures="0" skipped="0" tests="19" time="4.166" timestamp="2026-05-06T20:10:46.978848+00:00" hostname="agent-env-ef63f8d2-661d-4471-956d-6b3ae3af9570"><testcase classname="backend.tests.test_iter8.TestSlots" name="test_subscriber_403" time="0.183" /><testcase classname="backend.tests.test_iter8.TestSlots" name="test_boy_returns_shape_open" time="0.138" /><testcase classname="backend.tests.test_iter8.TestSlots" name="test_dispatch_blocked_when_closed" time="0.147" /><testcase classname="backend.tests.test_iter8.TestSlots" name="test_dispatch_open_window_succeeds" time="0.134" /><testcase classname="backend.tests.test_iter8.TestLocationGeocode" name="test_returns_pincode_or_null" time="0.257" /><testcase classname="backend.tests.test_iter8.TestTiffinBalance" name="test_mark_delivered_increments_balance" time="0.340" /><testcase classname="backend.tests.test_iter8.TestTiffinBalance" name="test_admin_collect_empty_decrements" time="0.147" /><testcase classname="backend.tests.test_iter8.TestTiffinBalance" name="test_admin_collect_clamps_to_balance" time="0.149" /><testcase classname="backend.tests.test_iter8.TestTiffinBalance" name="test_boy_collect_empty" time="0.140" /><testcase classname="backend.tests.test_iter8.TestTiffinBalance" name="test_boy_collect_requires_boy" time="0.151" /><testcase classname="backend.tests.test_iter8.TestTiffinBalance" name="test_admin_empties_list" time="0.434" /><testcase classname="backend.tests.test_iter8.TestTiffinBalance" name="test_boy_empties_filters_by_pincode" time="0.147" /><testcase classname="backend.tests.test_iter8.TestDispatchInPayloads" name="test_admin_live_includes_dispatch" time="0.145" /><testcase classname="backend.tests.test_iter8.TestDispatchInPayloads" name="test_boy_today_includes_dispatch" time="0.136" /><testcase classname="backend.tests.test_iter8.TestDispatchInPayloads" name="test_track_includes_dispatch_and_balance" time="0.141" /><testcase classname="backend.tests.test_iter8.TestDashboardConfig" name="test_get_public_no_auth" time="0.153" /><testcase classname="backend.tests.test_iter8.TestDashboardConfig" name="test_patch_admin_only" time="0.236" /><testcase classname="backend.tests.test_iter8.TestDashboardConfig" name="test_patch_persists_and_order_preserved" time="0.690" /><testcase classname="backend.tests.test_iter8.TestDashboardConfig" name="test_reset_admin_only" time="0.155" /></testsuite></testsuites>