<?xml version="1.0" encoding="utf-8"?><testsuites name="pytest tests"><testsuite name="pytest" errors="0" failures="0" skipped="0" tests="14" time="2.680" timestamp="2026-05-06T21:40:08.830699+00:00" hostname="agent-env-ef63f8d2-661d-4471-956d-6b3ae3af9570"><testcase classname="backend.tests.test_iter10.TestCustomPricing" name="test_half_tiffin_50_per_meal" time="0.274" /><testcase classname="backend.tests.test_iter10.TestCustomPricing" name="test_full_tiffin_70_per_meal" time="0.140" /><testcase classname="backend.tests.test_iter10.TestCustomPricing" name="test_dining_70_per_meal" time="0.120" /><testcase classname="backend.tests.test_iter10.TestWalletOverride" name="test_admin_only" time="0.124" /><testcase classname="backend.tests.test_iter10.TestWalletOverride" name="test_credit_with_extension" time="0.281" /><testcase classname="backend.tests.test_iter10.TestWalletOverride" name="test_debit_clamps_at_zero" time="0.119" /><testcase classname="backend.tests.test_iter10.TestWalletOverride" name="test_reason_required" time="0.136" /><testcase classname="backend.tests.test_iter10.TestRawMaterials" name="test_admin_only" time="0.152" /><testcase classname="backend.tests.test_iter10.TestRawMaterials" name="test_get_returns_breakdown" time="0.122" /><testcase classname="backend.tests.test_iter10.TestRawMaterials" name="test_persons_weighting" time="0.125" /><testcase classname="backend.tests.test_iter10.TestRawMaterials" name="test_put_updates_rates" time="0.385" /><testcase classname="backend.tests.test_iter10.TestRawMaterials" name="test_negative_value_rejected" time="0.281" /><testcase classname="backend.tests.test_iter10.TestTickMealsModel" name="test_active_day_bumps_meals" time="0.154" /><testcase classname="backend.tests.test_iter10.TestTickMealsModel" name="test_inactive_day_keeps_meals" time="0.128" /></testsuite></testsuites>