<?xml version="1.0" encoding="utf-8"?><testsuites name="pytest tests"><testsuite name="pytest" errors="0" failures="0" skipped="0" tests="10" time="0.189" timestamp="2026-06-10T08:20:55.548595+00:00" hostname="agent-env-ef63f8d2-661d-4471-956d-6b3ae3af9570"><testcase classname="backend.tests.test_iter91_franchise_sections.TestGetFranchiseSections" name="test_unauth_blocked" time="0.008" /><testcase classname="backend.tests.test_iter91_franchise_sections.TestGetFranchiseSections" name="test_franchise_role_forbidden" time="0.005" /><testcase classname="backend.tests.test_iter91_franchise_sections.TestGetFranchiseSections" name="test_admin_default_returns_all_6_when_null" time="0.005" /><testcase classname="backend.tests.test_iter91_franchise_sections.TestGetFranchiseSections" name="test_404_for_unknown_mess" time="0.003" /><testcase classname="backend.tests.test_iter91_franchise_sections.TestPatchFranchiseSections" name="test_save_subset_persists" time="0.007" /><testcase classname="backend.tests.test_iter91_franchise_sections.TestPatchFranchiseSections" name="test_invalid_key_rejected_400" time="0.003" /><testcase classname="backend.tests.test_iter91_franchise_sections.TestPatchFranchiseSections" name="test_franchise_role_cannot_patch" time="0.003" /><testcase classname="backend.tests.test_iter91_franchise_sections.TestMyVisibleSections" name="test_unauth_blocked" time="0.002" /><testcase classname="backend.tests.test_iter91_franchise_sections.TestMyVisibleSections" name="test_franchise_returns_subset" time="0.006" /><testcase classname="backend.tests.test_iter91_franchise_sections.TestZRestore" name="test_restore_state" time="0.003" /></testsuite></testsuites>