<?xml version="1.0" encoding="utf-8"?><testsuites name="pytest tests"><testsuite name="pytest" errors="0" failures="0" skipped="0" tests="3" time="3.269" timestamp="2026-06-20T04:54:19.423614+00:00" hostname="agent-env-ef63f8d2-661d-4471-956d-6b3ae3af9570"><testcase classname="backend.tests.test_iter101_assign_sub" name="test_assign_subscription_custom_and_notice_flow" time="1.722" /><testcase classname="backend.tests.test_iter101_assign_sub" name="test_assign_subscription_replace_requires_explicit_flag" time="0.654" /><testcase classname="backend.tests.test_iter101_assign_sub" name="test_assign_subscription_validates_inputs" time="0.806" /></testsuite></testsuites>