<?xml version="1.0" encoding="utf-8"?><testsuites name="pytest tests"><testsuite name="pytest" errors="0" failures="1" skipped="0" tests="27" time="0.284" timestamp="2026-06-19T11:58:59.570098+00:00" hostname="agent-env-ef63f8d2-661d-4471-956d-6b3ae3af9570"><testcase classname="backend.tests.test_iter99_profile_and_negative_extend.TestProfileOriginalFailingPayload" name="test_rushikesh_payload_now_succeeds" time="0.013" /><testcase classname="backend.tests.test_iter99_profile_and_negative_extend.TestNameRegexAccepts" name="test_accept[Rohan 23]" time="0.004" /><testcase classname="backend.tests.test_iter99_profile_and_negative_extend.TestNameRegexAccepts" name="test_accept[\u0930\u093e\u0939\u0941\u0932]" time="0.003"><failure message="AssertionError: name='राहुल' → 400 {&quot;detail&quot;:&quot;Name looks invalid — 2 to 80 characters, letters / digits / spaces / . - ' allowed&quot;}&#10;assert 400 == 200&#10; +  where 400 = &lt;Response [400]&gt;.status_code">backend/tests/test_iter99_profile_and_negative_extend.py:165: in test_accept
    assert r.status_code == 200, f"name={name!r} → {r.status_code} {r.text}"
E   AssertionError: name='राहुल' → 400 {"detail":"Name looks invalid — 2 to 80 characters, letters / digits / spaces / . - ' allowed"}
E   assert 400 == 200
E    +  where 400 = &lt;Response [400]&gt;.status_code</failure></testcase><testcase classname="backend.tests.test_iter99_profile_and_negative_extend.TestNameRegexAccepts" name="test_accept[Mary-Anne O'Brien]" time="0.004" /><testcase classname="backend.tests.test_iter99_profile_and_negative_extend.TestNameRegexAccepts" name="test_accept[Dr. A.P.J. Kalam]" time="0.004" /><testcase classname="backend.tests.test_iter99_profile_and_negative_extend.TestNameRegexAccepts" name="test_accept[AB]" time="0.004" /><testcase classname="backend.tests.test_iter99_profile_and_negative_extend.TestNameRegexAccepts" name="test_accept[XXXXXXXXXXXXXXXXXXXXXXXXXXXXXXXXXXXXXXXXXXXXXXXXXXXXXXXXXXXXXXXXXXXXXXXXXXXXXXXX]" time="0.004" /><testcase classname="backend.tests.test_iter99_profile_and_negative_extend.TestNameRegexRejects" name="test_reject[-required]" time="0.003" /><testcase classname="backend.tests.test_iter99_profile_and_negative_extend.TestNameRegexRejects" name="test_reject[A-invalid]" time="0.003" /><testcase classname="backend.tests.test_iter99_profile_and_negative_extend.TestNameRegexRejects" name="test_reject[XXXXXXXXXXXXXXXXXXXXXXXXXXXXXXXXXXXXXXXXXXXXXXXXXXXXXXXXXXXXXXXXXXXXXXXXXXXXXXXXX-invalid]" time="0.003" /><testcase classname="backend.tests.test_iter99_profile_and_negative_extend.TestAddressMinLength" name="test_address_9_chars_rejected" time="0.003" /><testcase classname="backend.tests.test_iter99_profile_and_negative_extend.TestAddressMinLength" name="test_address_18_chars_ok" time="0.004" /><testcase classname="backend.tests.test_iter99_profile_and_negative_extend.TestPhoneValidationUnchanged" name="test_phone_reject[1234567890]" time="0.003" /><testcase classname="backend.tests.test_iter99_profile_and_negative_extend.TestPhoneValidationUnchanged" name="test_phone_reject[5421372391]" time="0.003" /><testcase classname="backend.tests.test_iter99_profile_and_negative_extend.TestPhoneValidationUnchanged" name="test_phone_reject[842137239]" time="0.003" /><testcase classname="backend.tests.test_iter99_profile_and_negative_extend.TestPhoneValidationUnchanged" name="test_phone_reject[84213723910]" time="0.003" /><testcase classname="backend.tests.test_iter99_profile_and_negative_extend.TestPhoneValidationUnchanged" name="test_phone_reject[abcdefghij]" time="0.003" /><testcase classname="backend.tests.test_iter99_profile_and_negative_extend.TestPhoneValidationUnchanged" name="test_phone_accept[6421372391]" time="0.004" /><testcase classname="backend.tests.test_iter99_profile_and_negative_extend.TestPhoneValidationUnchanged" name="test_phone_accept[7421372391]" time="0.004" /><testcase classname="backend.tests.test_iter99_profile_and_negative_extend.TestPhoneValidationUnchanged" name="test_phone_accept[8421372391]" time="0.004" /><testcase classname="backend.tests.test_iter99_profile_and_negative_extend.TestPhoneValidationUnchanged" name="test_phone_accept[9421372391]" time="0.004" /><testcase classname="backend.tests.test_iter99_profile_and_negative_extend.TestNegativeExtendDays" name="test_negative_5_pulls_back_5_days" time="0.006" /><testcase classname="backend.tests.test_iter99_profile_and_negative_extend.TestNegativeExtendDays" name="test_huge_negative_clamps_to_start_date" time="0.006" /><testcase classname="backend.tests.test_iter99_profile_and_negative_extend.TestNegativeExtendDays" name="test_audit_records_signed_extend_days" time="0.005" /><testcase classname="backend.tests.test_iter99_profile_and_negative_extend.TestNegativeExtendDays" name="test_positive_extend_still_works" time="0.005" /><testcase classname="backend.tests.test_iter99_profile_and_negative_extend.TestIter98Regression" name="test_meals_delta_deduct" time="0.006" /><testcase classname="backend.tests.test_iter99_profile_and_negative_extend.TestIter98Regression" name="test_meals_delta_restore" time="0.008" /></testsuite></testsuites>