<?xml version="1.0" encoding="utf-8"?><testsuites name="pytest tests"><testsuite name="pytest" errors="0" failures="0" skipped="0" tests="17" time="5.806" timestamp="2026-05-12T10:45:55.024658+00:00" hostname="agent-env-ef63f8d2-661d-4471-956d-6b3ae3af9570"><testcase classname="backend.tests.test_iter42.TestPydanticLiteralVariant" name="test_invalid_variant_returns_422" time="0.345" /><testcase classname="backend.tests.test_iter42.TestPydanticLiteralVariant" name="test_valid_variants_still_pass" time="0.892" /><testcase classname="backend.tests.test_iter42.TestVariantPricesOverride" name="test_a_multiplier_override_large_1_8x" time="1.198" /><testcase classname="backend.tests.test_iter42.TestVariantPricesOverride" name="test_b_absolute_override_family_650" time="0.489" /><testcase classname="backend.tests.test_iter42.TestVariantPricesOverride" name="test_c_empty_override_keeps_default_multipliers" time="0.829" /><testcase classname="backend.tests.test_iter42.TestVariantPricesOverride" name="test_d_admin_save_accepts_variant_prices_field" time="0.236" /><testcase classname="backend.tests.test_iter42.TestScanEnrichment" name="test_admin_scan_returns_subscriber_identity" time="0.595" /><testcase classname="backend.tests.test_iter42.TestScanEnrichment" name="test_scan_rejects_invalid_qr" time="0.045" /><testcase classname="backend.tests.test_iter42.TestScanEnrichment" name="test_scan_requires_staff_or_admin" time="0.046" /><testcase classname="backend.tests.test_iter42.TestAdminTodayAttendance" name="test_today_attendance_rows_enriched" time="0.047" /><testcase classname="backend.tests.test_iter42.TestAdminTodayAttendance" name="test_today_attendance_admin_only" time="0.053" /><testcase classname="backend.tests.test_iter42.TestWebPUpload" name="test_menu_image_upload_converts_to_webp" time="0.315" /><testcase classname="backend.tests.test_iter42.TestWebPUpload" name="test_promo_image_upload_converts_to_webp" time="0.281" /><testcase classname="backend.tests.test_iter42.TestRegression" name="test_menu" time="0.119" /><testcase classname="backend.tests.test_iter42.TestRegression" name="test_theme" time="0.067" /><testcase classname="backend.tests.test_iter42.TestRegression" name="test_categories" time="0.076" /><testcase classname="backend.tests.test_iter42.TestRegression" name="test_landing_promotion" time="0.073" /></testsuite></testsuites>