<?xml version="1.0" encoding="utf-8"?><testsuites name="pytest tests"><testsuite name="pytest" errors="0" failures="0" skipped="0" tests="9" time="2.649" timestamp="2026-06-05T05:18:15.856659+00:00" hostname="agent-env-ef63f8d2-661d-4471-956d-6b3ae3af9570"><testcase classname="backend.tests.test_iter66" name="test_push_config_get_put_persists" time="0.278" /><testcase classname="backend.tests.test_iter66" name="test_push_config_subscriber_forbidden" time="0.182" /><testcase classname="backend.tests.test_iter66" name="test_push_preview_400_without_menu_then_200_with_menu" time="0.173" /><testcase classname="backend.tests.test_iter66" name="test_send_now_idempotent_and_public_read" time="0.317" /><testcase classname="backend.tests.test_iter66" name="test_send_now_400_when_no_menu" time="0.119" /><testcase classname="backend.tests.test_iter66" name="test_mess_order_returns_checkout_block_with_mock" time="0.373" /><testcase classname="backend.tests.test_iter66" name="test_mess_order_verify_mock_auto_verifies_and_is_idempotent" time="0.581" /><testcase classname="backend.tests.test_iter66" name="test_tick_broadcasts_at_configured_hour_and_is_idempotent" time="0.463" /><testcase classname="backend.tests.test_iter66" name="test_tick_skips_outside_hour" time="0.005" /></testsuite></testsuites>