<?xml version="1.0" encoding="utf-8"?><testsuites name="pytest tests"><testsuite name="pytest" errors="0" failures="2" skipped="0" tests="4" time="2.985" timestamp="2026-06-20T04:54:58.835670+00:00" hostname="agent-env-ef63f8d2-661d-4471-956d-6b3ae3af9570"><testcase classname="backend.tests.test_iter101_extra" name="test_auth_me_includes_mess_id_field" time="0.555" /><testcase classname="backend.tests.test_iter101_extra" name="test_assign_subscription_via_plan_id" time="0.415"><failure message="KeyError: 0">backend/tests/test_iter101_extra.py:52: in test_assign_subscription_via_plan_id
    plan = plans[0]
           ^^^^^^^^
E   KeyError: 0</failure></testcase><testcase classname="backend.tests.test_iter101_extra" name="test_only_unread_filter_and_specific_ack" time="0.863"><failure message="KeyError: 'id'">backend/tests/test_iter101_extra.py:90: in test_only_unread_filter_and_specific_ack
    ids = [n["id"] for n in body["notices"]]
          ^^^^^^^^^^^^^^^^^^^^^^^^^^^^^^^^^^
backend/tests/test_iter101_extra.py:90: in &lt;listcomp&gt;
    ids = [n["id"] for n in body["notices"]]
           ^^^^^^^
E   KeyError: 'id'</failure></testcase><testcase classname="backend.tests.test_iter101_extra" name="test_wallet_adjust_pushes_notice_with_extend_and_meals" time="0.966" /></testsuite></testsuites>