<?xml version="1.0" encoding="utf-8"?><testsuites name="pytest tests"><testsuite name="pytest" errors="0" failures="0" skipped="0" tests="6" time="2.185" timestamp="2026-06-01T20:28:56.156879+00:00" hostname="agent-env-ef63f8d2-661d-4471-956d-6b3ae3af9570"><testcase classname="tests.test_iter53_extra" name="test_pending_cash_redacts_otp_and_enriches_customer" time="0.312" /><testcase classname="tests.test_iter53_extra" name="test_subscriber_cannot_access_admin_stock_or_cash" time="0.312" /><testcase classname="tests.test_iter53_extra" name="test_threshold_persists_and_low_stock_flag" time="0.271" /><testcase classname="tests.test_iter53_extra" name="test_assign_staff_and_resend_otp" time="0.414" /><testcase classname="tests.test_iter53_extra" name="test_pending_partials_admin_listing" time="0.554" /><testcase classname="tests.test_iter53_extra" name="test_stock_floor_at_zero_via_adjust" time="0.173" /></testsuite></testsuites>