<?xml version="1.0" encoding="utf-8"?><testsuites name="pytest tests"><testsuite name="pytest" errors="0" failures="0" skipped="0" tests="25" time="6.027" timestamp="2026-06-08T07:53:43.735062+00:00" hostname="agent-env-ef63f8d2-661d-4471-956d-6b3ae3af9570"><testcase classname="backend.tests.test_iter75" name="test_content_about_full_schema" time="0.137" /><testcase classname="backend.tests.test_iter75" name="test_content_about_admin_merge_persists" time="0.291" /><testcase classname="backend.tests.test_iter75" name="test_content_privacy_structure" time="0.125" /><testcase classname="backend.tests.test_iter75" name="test_content_refund_structure" time="0.106" /><testcase classname="backend.tests.test_iter75" name="test_messes_public_list_has_default" time="0.095" /><testcase classname="backend.tests.test_iter75" name="test_mess_detail_by_slug" time="0.152" /><testcase classname="backend.tests.test_iter75" name="test_admin_messes_list_requires_admin" time="0.158" /><testcase classname="backend.tests.test_iter75" name="test_admin_mess_crud_and_dup_slug" time="0.357" /><testcase classname="backend.tests.test_iter75" name="test_franchise_apply_public_creates_pending_review" time="0.164" /><testcase classname="backend.tests.test_iter74" name="test_qr_provider_get_default_paytm" time="0.150" /><testcase classname="backend.tests.test_iter74" name="test_qr_provider_put_razorpay_then_get" time="0.262" /><testcase classname="backend.tests.test_iter74" name="test_qr_provider_put_forbidden_for_non_admin" time="0.202" /><testcase classname="backend.tests.test_iter74" name="test_kiosk_order_paytm_provider_upi_intent" time="0.166" /><testcase classname="backend.tests.test_iter74" name="test_kiosk_order_razorpay_provider_qr_image" time="1.136" /><testcase classname="backend.tests.test_iter74" name="test_regression_mess_cash_and_phone_validation" time="0.247" /><testcase classname="backend.tests.test_iter73" name="test_mess_order_cash_dining_no_razorpay" time="0.114" /><testcase classname="backend.tests.test_iter73" name="test_mess_order_online_dining_live_razorpay_checkout" time="0.517" /><testcase classname="backend.tests.test_iter73" name="test_mess_order_delivery_phone_validation" time="0.253" /><testcase classname="backend.tests.test_iter73" name="test_mess_order_partial_rejected" time="0.115" /><testcase classname="backend.tests.test_iter73" name="test_kiosk_rejects_delivery" time="0.109" /><testcase classname="backend.tests.test_iter73" name="test_kiosk_online_upi_qr" time="0.127" /><testcase classname="backend.tests.test_iter73" name="test_kiosk_mixed_payment_balance" time="0.239" /><testcase classname="backend.tests.test_iter73" name="test_kiosk_confirm_online_settles" time="0.195" /><testcase classname="backend.tests.test_iter73" name="test_kiosk_confirm_mixed_requires_both" time="0.279" /><testcase classname="backend.tests.test_iter73" name="test_content_footer_contract" time="0.106" /></testsuite></testsuites>