<?xml version="1.0" encoding="utf-8"?><testsuites name="pytest tests"><testsuite name="pytest" errors="0" failures="0" skipped="0" tests="10" time="2.756" timestamp="2026-05-06T23:30:48.151057+00:00" hostname="agent-env-ef63f8d2-661d-4471-956d-6b3ae3af9570"><testcase classname="backend.tests.test_iter12.TestTestimonialsPublic" name="test_public_get_no_auth" time="0.154" /><testcase classname="backend.tests.test_iter12.TestTestimonialsPublic" name="test_public_does_not_show_hidden" time="0.560" /><testcase classname="backend.tests.test_iter12.TestTestimonialsAdminAuth" name="test_no_auth_returns_401_or_403" time="0.132" /><testcase classname="backend.tests.test_iter12.TestTestimonialsAdminAuth" name="test_subscriber_role_forbidden" time="0.391" /><testcase classname="backend.tests.test_iter12.TestTestimonialsAdminAuth" name="test_admin_get_all_includes_hidden" time="0.140" /><testcase classname="backend.tests.test_iter12.TestTestimonialsCRUD" name="test_put_clamping_and_trimming" time="0.376" /><testcase classname="backend.tests.test_iter12.TestTestimonialsCRUD" name="test_reset_restores_defaults" time="0.339" /><testcase classname="backend.tests.test_iter12.TestExpiryReminders" name="test_admin_only" time="0.123" /><testcase classname="backend.tests.test_iter12.TestExpiryReminders" name="test_no_auth" time="0.126" /><testcase classname="backend.tests.test_iter12.TestExpiryReminders" name="test_run_with_seeded_subs_and_idempotent" time="0.264" /></testsuite></testsuites>