<?xml version="1.0" encoding="utf-8"?><testsuites name="pytest tests"><testsuite name="pytest" errors="0" failures="0" skipped="0" tests="42" time="0.703" timestamp="2026-06-10T09:41:51.699053+00:00" hostname="agent-env-ef63f8d2-661d-4471-956d-6b3ae3af9570"><testcase classname="backend.tests.test_iter92_franchise_branch_scope.TestAdminStats" name="test_stats_admin_global_scope" time="0.050" /><testcase classname="backend.tests.test_iter92_franchise_branch_scope.TestAdminStats" name="test_stats_franchise_branch_scope" time="0.045" /><testcase classname="backend.tests.test_iter92_franchise_branch_scope.TestAdminStats" name="test_stats_franchise_b_isolated" time="0.015" /><testcase classname="backend.tests.test_iter92_franchise_branch_scope.TestAttendance" name="test_attendance_admin_returns_ok" time="0.004" /><testcase classname="backend.tests.test_iter92_franchise_branch_scope.TestAttendance" name="test_attendance_franchise_returns_ok" time="0.006" /><testcase classname="backend.tests.test_iter92_franchise_branch_scope.TestRestaurantOrdersList" name="test_admin_sees_both_branches" time="0.007" /><testcase classname="backend.tests.test_iter92_franchise_branch_scope.TestRestaurantOrdersList" name="test_franchise_a_sees_only_branch_a" time="0.014" /><testcase classname="backend.tests.test_iter92_franchise_branch_scope.TestRestaurantOrdersList" name="test_franchise_b_sees_only_branch_b" time="0.006" /><testcase classname="backend.tests.test_iter92_franchise_branch_scope.TestOrderStatus" name="test_franchise_same_branch_can_set_status" time="0.006" /><testcase classname="backend.tests.test_iter92_franchise_branch_scope.TestOrderStatus" name="test_franchise_cross_branch_status_403" time="0.005" /><testcase classname="backend.tests.test_iter92_franchise_branch_scope.TestAssignRider" name="test_franchise_same_branch_assign" time="0.006" /><testcase classname="backend.tests.test_iter92_franchise_branch_scope.TestAssignRider" name="test_franchise_cross_branch_assign_403" time="0.005" /><testcase classname="backend.tests.test_iter92_franchise_branch_scope.TestWalletAdjust" name="test_franchise_same_branch_adjust" time="0.007" /><testcase classname="backend.tests.test_iter92_franchise_branch_scope.TestWalletAdjust" name="test_franchise_cross_branch_adjust_403" time="0.004" /><testcase classname="backend.tests.test_iter92_franchise_branch_scope.TestWalletAdjust" name="test_admin_can_adjust_any" time="0.005" /><testcase classname="backend.tests.test_iter92_franchise_branch_scope.TestWalletHistory" name="test_franchise_same_branch_history" time="0.005" /><testcase classname="backend.tests.test_iter92_franchise_branch_scope.TestWalletHistory" name="test_franchise_cross_branch_history_403" time="0.004" /><testcase classname="backend.tests.test_iter92_franchise_branch_scope.TestRefundDecision" name="test_franchise_cross_branch_refund_403" time="0.005" /><testcase classname="backend.tests.test_iter92_franchise_branch_scope.TestRefundDecision" name="test_franchise_same_branch_refund_approve" time="0.010" /><testcase classname="backend.tests.test_iter90_franchise_pages.TestPagesCatalog" name="test_unauth_returns_401" time="0.006" /><testcase classname="backend.tests.test_iter90_franchise_pages.TestPagesCatalog" name="test_franchise_role_forbidden" time="0.005" /><testcase classname="backend.tests.test_iter90_franchise_pages.TestPagesCatalog" name="test_admin_returns_21_entries" time="0.005" /><testcase classname="backend.tests.test_iter90_franchise_pages.TestGetFranchisePages" name="test_unauth_blocked" time="0.002" /><testcase classname="backend.tests.test_iter90_franchise_pages.TestGetFranchisePages" name="test_default_returns_all_when_null" time="0.005" /><testcase classname="backend.tests.test_iter90_franchise_pages.TestGetFranchisePages" name="test_404_for_unknown_mess" time="0.004" /><testcase classname="backend.tests.test_iter90_franchise_pages.TestPatchFranchisePages" name="test_save_subset_persists" time="0.009" /><testcase classname="backend.tests.test_iter90_franchise_pages.TestPatchFranchisePages" name="test_invalid_key_rejected_400" time="0.004" /><testcase classname="backend.tests.test_iter90_franchise_pages.TestPatchFranchisePages" name="test_franchise_role_cannot_patch" time="0.004" /><testcase classname="backend.tests.test_iter90_franchise_pages.TestMyVisiblePages" name="test_unauth_blocked" time="0.002" /><testcase classname="backend.tests.test_iter90_franchise_pages.TestMyVisiblePages" name="test_admin_returns_all_21" time="0.004" /><testcase classname="backend.tests.test_iter90_franchise_pages.TestMyVisiblePages" name="test_franchise_returns_mess_subset" time="0.209" /><testcase classname="backend.tests.test_iter90_franchise_pages.TestZRestore" name="test_restore_all_pages" time="0.003" /><testcase classname="backend.tests.test_iter91_franchise_sections.TestGetFranchiseSections" name="test_unauth_blocked" time="0.005" /><testcase classname="backend.tests.test_iter91_franchise_sections.TestGetFranchiseSections" name="test_franchise_role_forbidden" time="0.005" /><testcase classname="backend.tests.test_iter91_franchise_sections.TestGetFranchiseSections" name="test_admin_default_returns_all_6_when_null" time="0.005" /><testcase classname="backend.tests.test_iter91_franchise_sections.TestGetFranchiseSections" name="test_404_for_unknown_mess" time="0.004" /><testcase classname="backend.tests.test_iter91_franchise_sections.TestPatchFranchiseSections" name="test_save_subset_persists" time="0.007" /><testcase classname="backend.tests.test_iter91_franchise_sections.TestPatchFranchiseSections" name="test_invalid_key_rejected_400" time="0.003" /><testcase classname="backend.tests.test_iter91_franchise_sections.TestPatchFranchiseSections" name="test_franchise_role_cannot_patch" time="0.003" /><testcase classname="backend.tests.test_iter91_franchise_sections.TestMyVisibleSections" name="test_unauth_blocked" time="0.002" /><testcase classname="backend.tests.test_iter91_franchise_sections.TestMyVisibleSections" name="test_franchise_returns_subset" time="0.007" /><testcase classname="backend.tests.test_iter91_franchise_sections.TestZRestore" name="test_restore_state" time="0.003" /></testsuite></testsuites>