<?xml version="1.0" encoding="utf-8"?><testsuites name="pytest tests"><testsuite name="pytest" errors="0" failures="0" skipped="0" tests="11" time="3.186" timestamp="2026-05-09T00:03:45.764378+00:00" hostname="agent-env-ef63f8d2-661d-4471-956d-6b3ae3af9570"><testcase classname="backend.tests.test_iter22.TestCheckoutWallet" name="test_apply_wallet_reduces_payable" time="0.428" /><testcase classname="backend.tests.test_iter22.TestCheckoutWallet" name="test_apply_wallet_false_default" time="0.353" /><testcase classname="backend.tests.test_iter22.TestCheckoutWallet" name="test_full_wallet_payment_then_verify_deducts" time="0.245" /><testcase classname="backend.tests.test_iter22.TestProfileAutoSave" name="test_order_writes_name_phone_address_to_user_doc" time="0.449" /><testcase classname="backend.tests.test_iter22.TestRiderApplyFlow" name="test_apply_then_duplicate_then_approve_promotes" time="0.584" /><testcase classname="backend.tests.test_iter22.TestRiderApplyFlow" name="test_reject_keeps_role" time="0.314" /><testcase classname="backend.tests.test_iter22.TestAdminRoleByPhoneOrEmail" name="test_set_role_by_phone_only" time="0.122" /><testcase classname="backend.tests.test_iter22.TestAdminRoleByPhoneOrEmail" name="test_set_role_by_email_only" time="0.114" /><testcase classname="backend.tests.test_iter22.TestAdminRoleByPhoneOrEmail" name="test_set_role_missing_both_400" time="0.165" /><testcase classname="backend.tests.test_iter22.TestAdminRoleByPhoneOrEmail" name="test_set_role_unknown_user_404" time="0.104" /><testcase classname="backend.tests.test_iter22.TestMultiOrderList" name="test_two_in_flight_orders_listed" time="0.146" /></testsuite></testsuites>