<?xml version="1.0" encoding="utf-8"?><testsuites name="pytest tests"><testsuite name="pytest" errors="0" failures="0" skipped="0" tests="43" time="7.367" timestamp="2026-05-10T11:46:57.009706+00:00" hostname="agent-env-ef63f8d2-661d-4471-956d-6b3ae3af9570"><testcase classname="backend.tests.test_iter29.TestHeaderMenu" name="test_get_header_menu_public_default" time="0.158" /><testcase classname="backend.tests.test_iter29.TestHeaderMenu" name="test_put_header_menu_non_admin_403" time="0.361" /><testcase classname="backend.tests.test_iter29.TestHeaderMenu" name="test_put_header_menu_admin_then_reset" time="0.713" /><testcase classname="backend.tests.test_iter29.TestManualTakeaway" name="test_manual_takeaway_admin_creates_row" time="0.267" /><testcase classname="backend.tests.test_iter29.TestManualTakeaway" name="test_manual_takeaway_subscriber_403" time="0.102" /><testcase classname="backend.tests.test_iter29.TestManualTakeaway" name="test_manual_takeaway_validation" time="0.264" /><testcase classname="backend.tests.test_iter29.TestPnLExpenses" name="test_get_expenses_admin_default_zero_or_existing" time="0.104" /><testcase classname="backend.tests.test_iter29.TestPnLExpenses" name="test_get_expenses_subscriber_403" time="0.106" /><testcase classname="backend.tests.test_iter29.TestPnLExpenses" name="test_put_expenses_admin_persists" time="0.218" /><testcase classname="backend.tests.test_iter29.TestPnLExpenses" name="test_put_expenses_subscriber_403" time="0.098" /><testcase classname="backend.tests.test_iter29.TestPnLExpenses" name="test_put_expenses_negative_rejected" time="0.107" /><testcase classname="backend.tests.test_iter29.TestPnLDaily" name="test_daily_default_30_rows" time="0.125" /><testcase classname="backend.tests.test_iter29.TestPnLDaily" name="test_daily_pagination_bounds[1]" time="0.100" /><testcase classname="backend.tests.test_iter29.TestPnLDaily" name="test_daily_pagination_bounds[7]" time="0.105" /><testcase classname="backend.tests.test_iter29.TestPnLDaily" name="test_daily_pagination_bounds[60]" time="0.103" /><testcase classname="backend.tests.test_iter29.TestPnLDaily" name="test_daily_pagination_bounds[90]" time="0.103" /><testcase classname="backend.tests.test_iter29.TestPnLDaily" name="test_daily_clamps_above_90" time="0.124" /><testcase classname="backend.tests.test_iter29.TestPnLDaily" name="test_daily_clamps_zero" time="0.113" /><testcase classname="backend.tests.test_iter29.TestPnLDaily" name="test_daily_subscriber_403" time="0.102" /><testcase classname="backend.tests.test_iter29.TestThemeNewColors" name="test_put_theme_accepts_new_color_fields" time="0.109" /><testcase classname="backend.tests.test_iter29.TestThemeNewColors" name="test_get_theme_returns_persisted_new_colors" time="0.238" /><testcase classname="backend.tests.test_iter29.TestThemeNewColors" name="test_cleanup_theme_clear_new_colors" time="0.101" /><testcase classname="backend.tests.test_iter29.TestMenuReturnableTiffinPersist" name="test_put_menu_with_returnable_persists" time="0.423" /><testcase classname="backend.tests.test_iter28.TestMenuReturnableTiffin" name="test_menu_items_have_is_returnable_tiffin_flag" time="0.103" /><testcase classname="backend.tests.test_iter28.TestMenuReturnableTiffin" name="test_tiffin_specials_default_true" time="0.107" /><testcase classname="backend.tests.test_iter28.TestMenuReturnableTiffin" name="test_non_tiffin_default_false" time="0.097" /><testcase classname="backend.tests.test_iter28.TestRestaurantTheme" name="test_put_theme_accepts_all_new_fields" time="0.335" /><testcase classname="backend.tests.test_iter28.TestRestaurantTheme" name="test_get_theme_returns_persisted_new_fields" time="0.224" /><testcase classname="backend.tests.test_iter28.TestRestaurantTheme" name="test_put_theme_non_admin_403" time="0.313" /><testcase classname="backend.tests.test_iter28.TestTakeawayPendency" name="test_list_admin_ok" time="0.106" /><testcase classname="backend.tests.test_iter28.TestTakeawayPendency" name="test_list_subscriber_403" time="0.106" /><testcase classname="backend.tests.test_iter28.TestTakeawayPendency" name="test_collect_unknown_id_404" time="0.101" /><testcase classname="backend.tests.test_iter28.TestTakeawayPendency" name="test_filter_collected_param" time="0.196" /><testcase classname="backend.tests.test_iter28.TestRawMaterials" name="test_get_raw_materials_breakdown_has_stock_fields" time="0.111" /><testcase classname="backend.tests.test_iter28.TestRawMaterials" name="test_stock_topup_updates_current_stock" time="0.199" /><testcase classname="backend.tests.test_iter28.TestRawMaterials" name="test_stock_topup_low_triggers_alert_and_auto_po" time="0.264" /><testcase classname="backend.tests.test_iter28.TestRawMaterials" name="test_stock_topup_unknown_key_404" time="0.106" /><testcase classname="backend.tests.test_iter28.TestRawMaterials" name="test_stock_topup_negative_qty_400" time="0.101" /><testcase classname="backend.tests.test_iter28.TestRawMaterials" name="test_stock_topup_non_admin_403" time="0.101" /><testcase classname="backend.tests.test_iter28.TestRegression" name="test_bottom_nav_public" time="0.100" /><testcase classname="backend.tests.test_iter28.TestRegression" name="test_notify_sound_public" time="0.116" /><testcase classname="backend.tests.test_iter28.TestRegression" name="test_plans_public" time="0.106" /><testcase classname="backend.tests.test_iter28.TestRegression" name="test_theme_public" time="0.099" /></testsuite></testsuites>