<?xml version="1.0" encoding="utf-8"?><testsuites name="pytest tests"><testsuite name="pytest" errors="0" failures="0" skipped="0" tests="10" time="2.337" timestamp="2026-05-11T15:26:05.640938+00:00" hostname="agent-env-ef63f8d2-661d-4471-956d-6b3ae3af9570"><testcase classname="backend.tests.test_restaurant_variant.TestVariantPricing" name="test_large_variant_doubles_price" time="0.739" /><testcase classname="backend.tests.test_restaurant_variant.TestVariantPricing" name="test_family_variant_4x" time="0.316" /><testcase classname="backend.tests.test_restaurant_variant.TestVariantPricing" name="test_unknown_variant_returns_400" time="0.071" /><testcase classname="backend.tests.test_restaurant_variant.TestVariantPricing" name="test_no_variant_defaults_to_regular" time="0.314" /><testcase classname="backend.tests.test_restaurant_variant.TestVariantPricing" name="test_get_orders_carries_variant_fields" time="0.103" /><testcase classname="backend.tests.test_restaurant_variant.TestVariantPricing" name="test_mixed_cart_two_variants_same_item" time="0.343" /><testcase classname="backend.tests.test_restaurant_variant.TestRegression" name="test_menu_endpoint" time="0.073" /><testcase classname="backend.tests.test_restaurant_variant.TestRegression" name="test_theme_endpoint" time="0.069" /><testcase classname="backend.tests.test_restaurant_variant.TestRegression" name="test_categories_endpoint" time="0.078" /><testcase classname="backend.tests.test_restaurant_variant.TestRegression" name="test_guest_cart_sync" time="0.143" /></testsuite></testsuites>