<?xml version="1.0" encoding="utf-8"?><testsuites name="pytest tests"><testsuite name="pytest" errors="0" failures="0" skipped="0" tests="59" time="47.085" timestamp="2026-05-05T10:07:18.388108+00:00" hostname="agent-env-ef63f8d2-661d-4471-956d-6b3ae3af9570"><testcase classname="backend.tests.backend_test.TestRoot" name="test_root_rebrand" time="0.201" /><testcase classname="backend.tests.backend_test.TestPlans" name="test_plans_seeded" time="0.103" /><testcase classname="backend.tests.backend_test.TestOtp" name="test_send_otp_dev" time="0.132" /><testcase classname="backend.tests.backend_test.TestOtp" name="test_verify_otp_creates_user" time="0.229" /><testcase classname="backend.tests.backend_test.TestOtp" name="test_verify_otp_wrong" time="0.270" /><testcase classname="backend.tests.backend_test.TestOtp" name="test_verify_otp_too_many_attempts" time="0.756" /><testcase classname="backend.tests.backend_test.TestProfile" name="test_profile_update_ok" time="0.104" /><testcase classname="backend.tests.backend_test.TestProfile" name="test_profile_update_missing_field" time="0.105" /><testcase classname="backend.tests.backend_test.TestPayments" name="test_order_requires_complete_profile" time="0.113" /><testcase classname="backend.tests.backend_test.TestPayments" name="test_order_premium_mock" time="0.108" /><testcase classname="backend.tests.backend_test.TestPayments" name="test_order_invalid_plan" time="0.103" /><testcase classname="backend.tests.backend_test.TestPayments" name="test_verify_mock_creates_subscription" time="0.211" /><testcase classname="backend.tests.backend_test.TestWallet" name="test_my_wallet_no_sub" time="0.110" /><testcase classname="backend.tests.backend_test.TestWallet" name="test_my_subscription_inactive" time="0.107" /><testcase classname="backend.tests.backend_test.TestTick" name="test_inactivity_pauses_and_extends" time="0.334" /><testcase classname="backend.tests.backend_test.TestTick" name="test_recent_scan_causes_deduction" time="0.334" /><testcase classname="backend.tests.backend_test.TestAdminPlans" name="test_list_plans_subscriber_403" time="0.176" /><testcase classname="backend.tests.backend_test.TestAdminPlans" name="test_list_plans_admin" time="0.102" /><testcase classname="backend.tests.backend_test.TestAdminPlans" name="test_create_update_delete_plan" time="0.528" /><testcase classname="backend.tests.backend_test.TestAdminPlans" name="test_admin_stats_inr" time="0.109" /><testcase classname="backend.tests.backend_test.TestSelfScanHMAC" name="test_self_scan_works" time="0.465" /><testcase classname="backend.tests.backend_test.TestWebhook" name="test_webhook_no_event_received" time="0.106" /><testcase classname="backend.tests.backend_test.TestWebhook" name="test_webhook_payment_captured_idempotent" time="0.434" /><testcase classname="backend.tests.test_iter4.TestTheme" name="test_get_theme_defaults" time="0.113" /><testcase classname="backend.tests.test_iter4.TestTheme" name="test_admin_theme_update_subscriber_403" time="0.105" /><testcase classname="backend.tests.test_iter4.TestTheme" name="test_admin_theme_update_admin_ok" time="0.226" /><testcase classname="backend.tests.test_iter4.TestTheme" name="test_admin_theme_reset" time="0.234" /><testcase classname="backend.tests.test_iter4.TestTheme" name="test_admin_theme_reset_subscriber_403" time="0.121" /><testcase classname="backend.tests.test_iter4.TestWalletTransactions" name="test_requires_auth" time="0.102" /><testcase classname="backend.tests.test_iter4.TestWalletTransactions" name="test_empty_initial" time="0.110" /><testcase classname="backend.tests.test_iter4.TestWalletTransactions" name="test_credit_logged_on_payment_verify" time="0.329" /><testcase classname="backend.tests.test_iter4.TestWalletTransactions" name="test_debit_and_pause_logged_on_tick" time="0.489" /><testcase classname="backend.tests.test_iter4.TestAdminAutoPromote" name="test_otp_phone_creates_admin" time="0.208" /><testcase classname="backend.tests.test_iter4.TestAdminAutoPromote" name="test_existing_subscriber_promoted_on_otp_login" time="36.133" /><testcase classname="backend.tests.test_iter4.TestAdminAutoPromote" name="test_admin_email_promotion_via_create_or_get_user" time="0.288" /><testcase classname="backend.tests.test_iter4.TestRoleGating" name="test_admin_theme_requires_admin" time="0.152" /><testcase classname="backend.tests.test_iter4.TestRoleGating" name="test_wallet_txns_requires_auth" time="0.107" /><testcase classname="backend.tests.test_iter5.TestPublicContent" name="test_footer" time="0.109" /><testcase classname="backend.tests.test_iter5.TestPublicContent" name="test_privacy" time="0.102" /><testcase classname="backend.tests.test_iter5.TestPublicContent" name="test_refund" time="0.101" /><testcase classname="backend.tests.test_iter5.TestPublicContent" name="test_contact" time="0.104" /><testcase classname="backend.tests.test_iter5.TestPublicContent" name="test_landing" time="0.109" /><testcase classname="backend.tests.test_iter5.TestPublicContent" name="test_unknown_key_404" time="0.105" /><testcase classname="backend.tests.test_iter5.TestAdminContent" name="test_update_requires_admin_and_persists" time="0.414" /><testcase classname="backend.tests.test_iter5.TestThemeDefaults" name="test_theme_new_defaults" time="0.099" /><testcase classname="backend.tests.test_iter5.TestThemeDefaults" name="test_theme_reset_returns_new_defaults" time="0.110" /><testcase classname="backend.tests.test_iter6.TestProfilePhotoUrl" name="test_profile_accepts_and_persists_photo_url" time="0.158" /><testcase classname="backend.tests.test_iter6.TestProfilePhotoUrl" name="test_profile_rejects_oversized_photo" time="0.243" /><testcase classname="backend.tests.test_iter6.TestPaymentsOrderRequiresPhoto" name="test_missing_photo_returns_400_with_message" time="0.113" /><testcase classname="backend.tests.test_iter6.TestPaymentsOrderRequiresPhoto" name="test_with_all_4_fields_proceeds" time="0.119" /><testcase classname="backend.tests.test_iter6.TestWalletNoSubscription" name="test_wallet_returns_zero_for_user_without_sub" time="0.115" /><testcase classname="backend.tests.test_iter6.TestWalletNoSubscription" name="test_wallet_txns_returns_empty_for_user_without_sub" time="0.124" /><testcase classname="backend.tests.test_iter6.TestRegression" name="test_theme" time="0.097" /><testcase classname="backend.tests.test_iter6.TestRegression" name="test_content_footer" time="0.112" /><testcase classname="backend.tests.test_iter6.TestRegression" name="test_plans" time="0.099" /><testcase classname="backend.tests.test_iter6.TestRegression" name="test_send_otp_dev" time="0.108" /><testcase classname="backend.tests.test_iter6.TestRegression" name="test_menu_today" time="0.110" /><testcase classname="backend.tests.test_iter6.TestRegression" name="test_stats_today" time="0.101" /><testcase classname="backend.tests.test_iter6.TestRegression" name="test_counter_qr_public" time="0.109" /></testsuite></testsuites>