<?xml version="1.0" encoding="utf-8"?><testsuites name="pytest tests"><testsuite name="pytest" errors="0" failures="0" skipped="0" tests="7" time="4.254" timestamp="2026-06-20T05:53:27.418998+00:00" hostname="agent-env-ef63f8d2-661d-4471-956d-6b3ae3af9570"><testcase classname="backend.tests.test_iter102_extra" name="test_otp_twice_same_phone_returns_same_user_id" time="0.606" /><testcase classname="backend.tests.test_iter102_extra" name="test_create_or_get_user_backfills_email_when_only_phone_existed" time="0.709" /><testcase classname="backend.tests.test_iter102_extra" name="test_duplicates_endpoint_requires_admin" time="0.570" /><testcase classname="backend.tests.test_iter102_extra" name="test_merge_endpoint_requires_admin" time="0.525" /><testcase classname="backend.tests.test_iter102_extra" name="test_merge_refuses_rider_into_admin" time="0.358" /><testcase classname="backend.tests.test_iter102_extra" name="test_merge_pushes_account_merged_notice" time="0.527" /><testcase classname="backend.tests.test_iter102_extra" name="test_iter101_regression_assign_sub_and_wallet_adjust" time="0.852" /></testsuite></testsuites>