<?xml version="1.0" encoding="utf-8"?><testsuites name="pytest tests"><testsuite name="pytest" errors="0" failures="0" skipped="0" tests="17" time="4.629" timestamp="2026-06-11T05:10:36.863995+00:00" hostname="agent-env-ef63f8d2-661d-4471-956d-6b3ae3af9570"><testcase classname="backend.tests.test_iter95_branch_writes.TestRawMaterialsPerMess" name="test_fr_get_autoseeds_branch_doc" time="0.138" /><testcase classname="backend.tests.test_iter95_branch_writes.TestRawMaterialsPerMess" name="test_fr_put_does_not_mutate_global" time="0.275" /><testcase classname="backend.tests.test_iter95_branch_writes.TestRawMaterialsPerMess" name="test_fr_stock_topup_does_not_mutate_global" time="0.151" /><testcase classname="backend.tests.test_iter95_branch_writes.TestRawMaterialsPerMess" name="test_admin_can_view_branch_via_as_mess_id" time="1.268" /><testcase classname="backend.tests.test_iter95_branch_writes.TestKitchenSettingsPerMess" name="test_fr_put_writes_branch_doc_not_global" time="0.101" /><testcase classname="backend.tests.test_iter95_branch_writes.TestKitchenSettingsPerMess" name="test_fr_get_returns_branch_scope" time="0.108" /><testcase classname="backend.tests.test_iter95_branch_writes.TestKitchenSettingsPerMess" name="test_admin_put_with_as_mess_id_persists_per_branch" time="0.127" /><testcase classname="backend.tests.test_iter95_branch_writes.TestCashBranchScope" name="test_fr_cash_totals_in_mess_only" time="1.149" /><testcase classname="backend.tests.test_iter95_branch_writes.TestCashBranchScope" name="test_fr_pending_deposit_in_mess_only" time="0.103" /><testcase classname="backend.tests.test_iter95_branch_writes.TestCashBranchScope" name="test_admin_unfiltered" time="0.111" /><testcase classname="backend.tests.test_iter95_branch_writes.TestCashBranchScope" name="test_admin_as_mess_id_filtered" time="0.112" /><testcase classname="backend.tests.test_iter95_branch_writes.TestMarkDepositedSilentSkip" name="test_fr_mark_mixed_only_in_mess_flipped" time="0.108" /><testcase classname="backend.tests.test_iter95_branch_writes.TestScopeOverride" name="test_fr_cannot_override_with_bogus" time="0.216" /><testcase classname="backend.tests.test_iter95_branch_writes.TestScopeOverride" name="test_admin_bogus_mess_returns_404" time="0.135" /><testcase classname="backend.tests.test_iter95_branch_writes.TestAdminAsMessIdParam" name="test_as_mess_id_returns_scope[/admin/stats-True]" time="0.140" /><testcase classname="backend.tests.test_iter95_branch_writes.TestAdminAsMessIdParam" name="test_as_mess_id_returns_scope[/admin/attendance/today-False]" time="0.113" /><testcase classname="backend.tests.test_iter95_branch_writes.TestAdminAsMessIdParam" name="test_as_mess_id_returns_scope[/admin/control-tower-True]" time="0.130" /></testsuite></testsuites>