<?xml version="1.0" encoding="utf-8"?><testsuites name="pytest tests"><testsuite name="pytest" errors="0" failures="0" skipped="0" tests="7" time="2.397" timestamp="2026-06-05T04:56:54.163389+00:00" hostname="agent-env-ef63f8d2-661d-4471-956d-6b3ae3af9570"><testcase classname="backend.tests.test_iter65" name="test_admin_stats_period_cycle_and_label" time="0.629" /><testcase classname="backend.tests.test_iter65" name="test_admin_stats_active_subs_excludes_orphans" time="0.296" /><testcase classname="backend.tests.test_iter65" name="test_admin_stats_non_admin_forbidden" time="0.111" /><testcase classname="backend.tests.test_iter65" name="test_mess_menu_config_get_put_persists" time="0.353" /><testcase classname="backend.tests.test_iter65" name="test_mess_menu_config_subscriber_forbidden" time="0.215" /><testcase classname="backend.tests.test_iter65" name="test_mess_menu_order_requires_auth" time="0.144" /><testcase classname="backend.tests.test_iter65" name="test_mess_menu_order_validation_and_success" time="0.493" /></testsuite></testsuites>