<?xml version="1.0" encoding="utf-8"?><testsuites name="pytest tests"><testsuite name="pytest" errors="0" failures="0" skipped="0" tests="12" time="1.861" timestamp="2026-06-03T11:35:29.521358+00:00" hostname="agent-env-ef63f8d2-661d-4471-956d-6b3ae3af9570"><testcase classname="backend.tests.test_iter56" name="test_dashboard_styles_public_read" time="0.246" /><testcase classname="backend.tests.test_iter56" name="test_dashboard_styles_admin_put" time="0.160" /><testcase classname="backend.tests.test_iter56" name="test_dashboard_styles_subscriber_cannot_put" time="0.114" /><testcase classname="backend.tests.test_iter56" name="test_bank_account_admin_put_get" time="0.163" /><testcase classname="backend.tests.test_iter56" name="test_bank_account_subscriber_forbidden" time="0.120" /><testcase classname="backend.tests.test_iter56" name="test_upload_deposit_proof_returns_data_url" time="0.123" /><testcase classname="backend.tests.test_iter56" name="test_upload_deposit_proof_subscriber_forbidden" time="0.140" /><testcase classname="backend.tests.test_iter56" name="test_pending_deposit_notification_under_threshold" time="0.115" /><testcase classname="backend.tests.test_iter56" name="test_pending_deposit_notification_over_threshold_then_mark_read" time="0.214" /><testcase classname="backend.tests.test_iter56" name="test_pending_deposit_notification_subscriber_forbidden" time="0.144" /><testcase classname="backend.tests.test_iter56" name="test_google_verify_rejects_invalid_credential" time="0.186" /><testcase classname="backend.tests.test_iter56" name="test_google_route_does_not_pull_name_from_idinfo" time="0.000" /></testsuite></testsuites>