<?xml version="1.0" encoding="utf-8"?><testsuites name="pytest tests"><testsuite name="pytest" errors="0" failures="0" skipped="0" tests="14" time="0.291" timestamp="2026-06-19T09:13:51.733851+00:00" hostname="agent-env-ef63f8d2-661d-4471-956d-6b3ae3af9570"><testcase classname="backend.tests.test_iter98_wallet_meals_bidirectional.TestMealsDeltaBidirectional" name="test_deduct_raises_meals_used" time="0.021" /><testcase classname="backend.tests.test_iter98_wallet_meals_bidirectional.TestMealsDeltaBidirectional" name="test_restore_lowers_meals_used" time="0.007" /><testcase classname="backend.tests.test_iter98_wallet_meals_bidirectional.TestLegacyRestoreMeals" name="test_legacy_restore_meals_still_works" time="0.011" /><testcase classname="backend.tests.test_iter98_wallet_meals_bidirectional.TestLegacyRestoreMeals" name="test_meals_delta_and_restore_meals_merge" time="0.012" /><testcase classname="backend.tests.test_iter98_wallet_meals_bidirectional.TestHardClamp" name="test_deduct_caps_at_meals_total" time="0.012" /><testcase classname="backend.tests.test_iter98_wallet_meals_bidirectional.TestHardClamp" name="test_restore_floors_at_zero" time="0.013" /><testcase classname="backend.tests.test_iter98_wallet_meals_bidirectional.TestValidation" name="test_400_when_all_fields_zero" time="0.004" /><testcase classname="backend.tests.test_iter98_wallet_meals_bidirectional.TestValidation" name="test_400_when_reason_blank" time="0.005" /><testcase classname="backend.tests.test_iter98_wallet_meals_bidirectional.TestAuditPersistence" name="test_audit_doc_records_meals_fields" time="0.008" /><testcase classname="backend.tests.test_iter98_wallet_meals_bidirectional.TestRegressionDeltaAndExtend" name="test_wallet_credit_still_works" time="0.007" /><testcase classname="backend.tests.test_iter98_wallet_meals_bidirectional.TestRegressionDeltaAndExtend" name="test_wallet_debit_still_works" time="0.009" /><testcase classname="backend.tests.test_iter98_wallet_meals_bidirectional.TestRegressionDeltaAndExtend" name="test_extend_days_still_works" time="0.007" /><testcase classname="backend.tests.test_iter98_wallet_meals_bidirectional.TestFranchiseScope" name="test_fr_a_can_adjust_own_branch_user" time="0.006" /><testcase classname="backend.tests.test_iter98_wallet_meals_bidirectional.TestFranchiseScope" name="test_fr_b_blocked_cross_branch" time="0.007" /></testsuite></testsuites>