<?xml version="1.0" encoding="utf-8"?><testsuites name="pytest tests"><testsuite name="pytest" errors="0" failures="0" skipped="0" tests="23" time="4.123" timestamp="2026-05-10T09:31:21.036734+00:00" hostname="agent-env-ef63f8d2-661d-4471-956d-6b3ae3af9570"><testcase classname="backend.tests.test_iter29.TestHeaderMenu" name="test_get_header_menu_public_default" time="0.175" /><testcase classname="backend.tests.test_iter29.TestHeaderMenu" name="test_put_header_menu_non_admin_403" time="0.331" /><testcase classname="backend.tests.test_iter29.TestHeaderMenu" name="test_put_header_menu_admin_then_reset" time="0.618" /><testcase classname="backend.tests.test_iter29.TestManualTakeaway" name="test_manual_takeaway_admin_creates_row" time="0.214" /><testcase classname="backend.tests.test_iter29.TestManualTakeaway" name="test_manual_takeaway_subscriber_403" time="0.102" /><testcase classname="backend.tests.test_iter29.TestManualTakeaway" name="test_manual_takeaway_validation" time="0.217" /><testcase classname="backend.tests.test_iter29.TestPnLExpenses" name="test_get_expenses_admin_default_zero_or_existing" time="0.131" /><testcase classname="backend.tests.test_iter29.TestPnLExpenses" name="test_get_expenses_subscriber_403" time="0.102" /><testcase classname="backend.tests.test_iter29.TestPnLExpenses" name="test_put_expenses_admin_persists" time="0.238" /><testcase classname="backend.tests.test_iter29.TestPnLExpenses" name="test_put_expenses_subscriber_403" time="0.108" /><testcase classname="backend.tests.test_iter29.TestPnLExpenses" name="test_put_expenses_negative_rejected" time="0.104" /><testcase classname="backend.tests.test_iter29.TestPnLDaily" name="test_daily_default_30_rows" time="0.112" /><testcase classname="backend.tests.test_iter29.TestPnLDaily" name="test_daily_pagination_bounds[1]" time="0.110" /><testcase classname="backend.tests.test_iter29.TestPnLDaily" name="test_daily_pagination_bounds[7]" time="0.124" /><testcase classname="backend.tests.test_iter29.TestPnLDaily" name="test_daily_pagination_bounds[60]" time="0.105" /><testcase classname="backend.tests.test_iter29.TestPnLDaily" name="test_daily_pagination_bounds[90]" time="0.119" /><testcase classname="backend.tests.test_iter29.TestPnLDaily" name="test_daily_clamps_above_90" time="0.104" /><testcase classname="backend.tests.test_iter29.TestPnLDaily" name="test_daily_clamps_zero" time="0.104" /><testcase classname="backend.tests.test_iter29.TestPnLDaily" name="test_daily_subscriber_403" time="0.114" /><testcase classname="backend.tests.test_iter29.TestThemeNewColors" name="test_put_theme_accepts_new_color_fields" time="0.099" /><testcase classname="backend.tests.test_iter29.TestThemeNewColors" name="test_get_theme_returns_persisted_new_colors" time="0.199" /><testcase classname="backend.tests.test_iter29.TestThemeNewColors" name="test_cleanup_theme_clear_new_colors" time="0.100" /><testcase classname="backend.tests.test_iter29.TestMenuReturnableTiffinPersist" name="test_put_menu_with_returnable_persists" time="0.406" /></testsuite></testsuites>