<?xml version="1.0" encoding="utf-8"?><testsuites name="pytest tests"><testsuite name="pytest" errors="0" failures="0" skipped="0" tests="14" time="2.927" timestamp="2026-06-09T19:59:06.805254+00:00" hostname="agent-env-ef63f8d2-661d-4471-956d-6b3ae3af9570"><testcase classname="tests.test_iter79_restaurant_hours.TestRestaurantStatus" name="test_status_shape" time="0.165" /><testcase classname="tests.test_iter79_restaurant_hours.TestRestaurantStatus" name="test_status_outside_hours_has_opens_in" time="0.103" /><testcase classname="tests.test_iter79_restaurant_hours.TestRestaurantStatus" name="test_manual_off_makes_status_closed" time="0.482" /><testcase classname="tests.test_iter79_restaurant_hours.TestRestaurantStatus" name="test_manual_on_makes_status_open" time="0.279" /><testcase classname="tests.test_iter79_restaurant_hours.TestRestaurantStatus" name="test_auto_mode_respects_time_window" time="0.274" /><testcase classname="tests.test_iter79_restaurant_hours.TestAdminHours" name="test_admin_get_hours" time="0.117" /><testcase classname="tests.test_iter79_restaurant_hours.TestAdminHours" name="test_non_admin_cannot_set_hours" time="0.375" /><testcase classname="tests.test_iter79_restaurant_hours.TestAdminHours" name="test_invalid_time_range_400" time="0.127" /><testcase classname="tests.test_iter79_restaurant_hours.TestAdminHours" name="test_invalid_mode_422" time="0.132" /><testcase classname="tests.test_iter79_restaurant_hours.TestOrderGate" name="test_order_returns_423_when_closed" time="0.241" /><testcase classname="tests.test_iter79_restaurant_hours.TestNearbyMesses" name="test_nearby_returns_distance_and_closest" time="0.123" /><testcase classname="tests.test_iter79_restaurant_hours.TestGeoReverse" name="test_reverse_amravati_label" time="0.125" /><testcase classname="tests.test_iter79_restaurant_hours.TestGeoReverse" name="test_reverse_zero_zero_empty_label" time="0.112" /><testcase classname="tests.test_iter79_restaurant_hours.TestProfileSpeed" name="test_profile_save_under_1s_with_base64_photo" time="0.119" /></testsuite></testsuites>