<?xml version="1.0" encoding="utf-8"?><testsuites name="pytest tests"><testsuite name="pytest" errors="0" failures="1" skipped="0" tests="27" time="24.129" timestamp="2026-05-12T09:05:07.378901+00:00" hostname="agent-env-ef63f8d2-661d-4471-956d-6b3ae3af9570"><testcase classname="backend.tests.test_iter40_promo_veg.TestLandingPromotion" name="test_public_get_shape" time="0.005" /><testcase classname="backend.tests.test_iter40_promo_veg.TestLandingPromotion" name="test_admin_only_endpoints_reject_anon" time="0.004" /><testcase classname="backend.tests.test_iter40_promo_veg.TestLandingPromotion" name="test_admin_only_rejects_regular_user" time="0.098" /><testcase classname="backend.tests.test_iter40_promo_veg.TestLandingPromotion" name="test_admin_put_then_start_stop_flow" time="0.237" /><testcase classname="backend.tests.test_iter40_promo_veg.TestLandingPromotion" name="test_admin_upload_image_then_get" time="0.068" /><testcase classname="backend.tests.test_iter40_promo_veg.TestVegEnforcement" name="test_check_veg_chicken_flagged" time="0.046" /><testcase classname="backend.tests.test_iter40_promo_veg.TestVegEnforcement" name="test_check_veg_paneer_passes" time="0.044" /><testcase classname="backend.tests.test_iter40_promo_veg.TestVegEnforcement" name="test_admin_save_menu_rejects_nonveg" time="0.045" /><testcase classname="backend.tests.test_iter40_promo_veg.TestVegEnforcement" name="test_public_menu_filters_nonveg" time="0.004" /><testcase classname="backend.tests.test_iter40_promo_veg.TestGenerateImage" name="test_menu_generate_image_nonveg_400" time="0.043" /><testcase classname="backend.tests.test_iter40_promo_veg.TestGenerateImage" name="test_menu_generate_image_veg_200_or_502" time="3.866" /><testcase classname="backend.tests.test_iter40_promo_veg.TestGenerateImage" name="test_promo_generate_image_admin_only" time="0.003" /><testcase classname="backend.tests.test_iter40_promo_veg.TestGenerateImage" name="test_promo_generate_image_admin_200_or_502" time="17.920" /><testcase classname="backend.tests.test_iter40_promo_veg.TestRegression" name="test_public_restaurant_endpoints[/api/restaurant/menu]" time="0.004" /><testcase classname="backend.tests.test_iter40_promo_veg.TestRegression" name="test_public_restaurant_endpoints[/api/restaurant/theme]" time="0.002" /><testcase classname="backend.tests.test_iter40_promo_veg.TestRegression" name="test_public_restaurant_endpoints[/api/restaurant/categories]" time="0.002" /><testcase classname="backend.tests.test_iter40_promo_veg.TestRegression" name="test_restaurant_orders_auth" time="0.004" /><testcase classname="backend.tests.test_restaurant_variant.TestVariantPricing" name="test_large_variant_doubles_price" time="0.311"><failure message="AssertionError: Butter Chicken not in menu&#10;assert None">backend/tests/test_restaurant_variant.py:60: in test_large_variant_doubles_price
    assert bc, "Butter Chicken not in menu"
E   AssertionError: Butter Chicken not in menu
E   assert None</failure></testcase><testcase classname="backend.tests.test_restaurant_variant.TestVariantPricing" name="test_family_variant_4x" time="0.296" /><testcase classname="backend.tests.test_restaurant_variant.TestVariantPricing" name="test_unknown_variant_returns_400" time="0.047" /><testcase classname="backend.tests.test_restaurant_variant.TestVariantPricing" name="test_no_variant_defaults_to_regular" time="0.290" /><testcase classname="backend.tests.test_restaurant_variant.TestVariantPricing" name="test_get_orders_carries_variant_fields" time="0.049" /><testcase classname="backend.tests.test_restaurant_variant.TestVariantPricing" name="test_mixed_cart_two_variants_same_item" time="0.361" /><testcase classname="backend.tests.test_restaurant_variant.TestRegression" name="test_menu_endpoint" time="0.049" /><testcase classname="backend.tests.test_restaurant_variant.TestRegression" name="test_theme_endpoint" time="0.045" /><testcase classname="backend.tests.test_restaurant_variant.TestRegression" name="test_categories_endpoint" time="0.044" /><testcase classname="backend.tests.test_restaurant_variant.TestRegression" name="test_guest_cart_sync" time="0.094" /></testsuite></testsuites>