<?xml version="1.0" encoding="utf-8"?><testsuites name="pytest tests"><testsuite name="pytest" errors="0" failures="0" skipped="0" tests="6" time="2.378" timestamp="2026-06-06T16:43:31.116589+00:00" hostname="agent-env-ef63f8d2-661d-4471-956d-6b3ae3af9570"><testcase classname="backend.tests.test_iter74" name="test_qr_provider_get_default_paytm" time="0.282" /><testcase classname="backend.tests.test_iter74" name="test_qr_provider_put_razorpay_then_get" time="0.288" /><testcase classname="backend.tests.test_iter74" name="test_qr_provider_put_forbidden_for_non_admin" time="0.227" /><testcase classname="backend.tests.test_iter74" name="test_kiosk_order_paytm_provider_upi_intent" time="0.179" /><testcase classname="backend.tests.test_iter74" name="test_kiosk_order_razorpay_provider_qr_image" time="1.032" /><testcase classname="backend.tests.test_iter74" name="test_regression_mess_cash_and_phone_validation" time="0.219" /></testsuite></testsuites>