<?xml version="1.0" encoding="utf-8"?><testsuites name="pytest tests"><testsuite name="pytest" errors="0" failures="0" skipped="0" tests="5" time="0.992" timestamp="2026-06-03T10:12:24.457769+00:00" hostname="agent-env-ef63f8d2-661d-4471-956d-6b3ae3af9570"><testcase classname="backend.tests.test_iter55_extra" name="test_tiffin_pref_upload_returns_data_url" time="0.283" /><testcase classname="backend.tests.test_iter55_extra" name="test_landing_upload_returns_data_url" time="0.127" /><testcase classname="backend.tests.test_iter55_extra" name="test_kitchen_location_public_no_auth" time="0.112" /><testcase classname="backend.tests.test_iter55_extra" name="test_cash_totals_numeric_fields" time="0.142" /><testcase classname="backend.tests.test_iter55_extra" name="test_admin_kitchen_settings_get_role_gate" time="0.179" /></testsuite></testsuites>