<?xml version="1.0" encoding="utf-8"?><testsuites name="pytest tests"><testsuite name="pytest" errors="0" failures="0" skipped="0" tests="17" time="36.133" timestamp="2026-05-11T19:56:37.146015+00:00" hostname="agent-env-ef63f8d2-661d-4471-956d-6b3ae3af9570"><testcase classname="backend.tests.test_iter40_promo_veg.TestLandingPromotion" name="test_public_get_shape" time="0.256" /><testcase classname="backend.tests.test_iter40_promo_veg.TestLandingPromotion" name="test_admin_only_endpoints_reject_anon" time="0.270" /><testcase classname="backend.tests.test_iter40_promo_veg.TestLandingPromotion" name="test_admin_only_rejects_regular_user" time="0.236" /><testcase classname="backend.tests.test_iter40_promo_veg.TestLandingPromotion" name="test_admin_put_then_start_stop_flow" time="0.948" /><testcase classname="backend.tests.test_iter40_promo_veg.TestLandingPromotion" name="test_admin_upload_image_then_get" time="0.244" /><testcase classname="backend.tests.test_iter40_promo_veg.TestVegEnforcement" name="test_check_veg_chicken_flagged" time="0.080" /><testcase classname="backend.tests.test_iter40_promo_veg.TestVegEnforcement" name="test_check_veg_paneer_passes" time="0.078" /><testcase classname="backend.tests.test_iter40_promo_veg.TestVegEnforcement" name="test_admin_save_menu_rejects_nonveg" time="0.080" /><testcase classname="backend.tests.test_iter40_promo_veg.TestVegEnforcement" name="test_public_menu_filters_nonveg" time="0.112" /><testcase classname="backend.tests.test_iter40_promo_veg.TestGenerateImage" name="test_menu_generate_image_nonveg_400" time="0.077" /><testcase classname="backend.tests.test_iter40_promo_veg.TestGenerateImage" name="test_menu_generate_image_veg_200_or_502" time="15.002" /><testcase classname="backend.tests.test_iter40_promo_veg.TestGenerateImage" name="test_promo_generate_image_admin_only" time="0.134" /><testcase classname="backend.tests.test_iter40_promo_veg.TestGenerateImage" name="test_promo_generate_image_admin_200_or_502" time="18.070" /><testcase classname="backend.tests.test_iter40_promo_veg.TestRegression" name="test_public_restaurant_endpoints[/api/restaurant/menu]" time="0.158" /><testcase classname="backend.tests.test_iter40_promo_veg.TestRegression" name="test_public_restaurant_endpoints[/api/restaurant/theme]" time="0.107" /><testcase classname="backend.tests.test_iter40_promo_veg.TestRegression" name="test_public_restaurant_endpoints[/api/restaurant/categories]" time="0.134" /><testcase classname="backend.tests.test_iter40_promo_veg.TestRegression" name="test_restaurant_orders_auth" time="0.063" /></testsuite></testsuites>