<?xml version="1.0" encoding="utf-8"?><testsuites name="pytest tests"><testsuite name="pytest" errors="0" failures="0" skipped="0" tests="34" time="7.782" timestamp="2026-05-09T18:47:15.298690+00:00" hostname="agent-env-ef63f8d2-661d-4471-956d-6b3ae3af9570"><testcase classname="backend.tests.test_iter12.TestTestimonialsPublic" name="test_public_get_no_auth" time="0.140" /><testcase classname="backend.tests.test_iter12.TestTestimonialsPublic" name="test_public_does_not_show_hidden" time="0.491" /><testcase classname="backend.tests.test_iter12.TestTestimonialsAdminAuth" name="test_no_auth_returns_401_or_403" time="0.117" /><testcase classname="backend.tests.test_iter12.TestTestimonialsAdminAuth" name="test_subscriber_role_forbidden" time="0.395" /><testcase classname="backend.tests.test_iter12.TestTestimonialsAdminAuth" name="test_admin_get_all_includes_hidden" time="0.114" /><testcase classname="backend.tests.test_iter12.TestTestimonialsCRUD" name="test_put_clamping_and_trimming" time="0.380" /><testcase classname="backend.tests.test_iter12.TestTestimonialsCRUD" name="test_reset_restores_defaults" time="0.230" /><testcase classname="backend.tests.test_iter12.TestExpiryReminders" name="test_admin_only" time="0.111" /><testcase classname="backend.tests.test_iter12.TestExpiryReminders" name="test_no_auth" time="0.107" /><testcase classname="backend.tests.test_iter12.TestExpiryReminders" name="test_run_with_seeded_subs_and_idempotent" time="0.235" /><testcase classname="backend.tests.test_iter13" name="test_send_otp_per_phone_limit" time="0.470" /><testcase classname="backend.tests.test_iter13" name="test_send_otp_invalid_phone_returns_400_not_429" time="0.540" /><testcase classname="backend.tests.test_iter13" name="test_rate_limit_collection_has_ttl_index" time="0.107" /><testcase classname="backend.tests.test_iter13" name="test_razorpay_status_unauth_returns_401" time="0.119" /><testcase classname="backend.tests.test_iter13" name="test_razorpay_status_admin_returns_diagnostic" time="0.363" /><testcase classname="backend.tests.test_iter14" name="test_auth_send_otp_route_still_at_original_path" time="0.133" /><testcase classname="backend.tests.test_iter14" name="test_auth_me_unauth_returns_401" time="0.107" /><testcase classname="backend.tests.test_iter14" name="test_payments_custom_preview_route_still_works" time="0.102" /><testcase classname="backend.tests.test_iter14" name="test_payments_order_unauth_returns_401" time="0.104" /><testcase classname="backend.tests.test_iter14" name="test_webhook_logs_event_when_no_secret" time="0.123" /><testcase classname="backend.tests.test_iter14" name="test_webhook_admin_events_listing_shape" time="0.244" /><testcase classname="backend.tests.test_iter14" name="test_webhook_admin_events_unauth_returns_401" time="0.118" /><testcase classname="backend.tests.test_iter23.TestLocationPersisted" name="test_post_order_saves_lat_lng_to_order_and_profile" time="0.633" /><testcase classname="backend.tests.test_iter23.TestLocationPersisted" name="test_post_order_without_lat_falls_back_to_profile" time="0.385" /><testcase classname="backend.tests.test_iter23.TestAdminLiveRestaurant" name="test_endpoint_returns_orders_and_riders_arrays" time="0.148" /><testcase classname="backend.tests.test_iter23.TestAdminLiveRestaurant" name="test_endpoint_requires_admin" time="0.133" /><testcase classname="backend.tests.test_iter24_prefs.TestPrefsDefaults" name="test_unauth_get_returns_401_or_403" time="0.125" /><testcase classname="backend.tests.test_iter24_prefs.TestPrefsDefaults" name="test_unauth_post_returns_401_or_403" time="0.114" /><testcase classname="backend.tests.test_iter24_prefs.TestPrefsDefaults" name="test_default_prefs_for_new_user" time="0.114" /><testcase classname="backend.tests.test_iter24_prefs.TestPrefsPersistence" name="test_post_sound_false_persists" time="0.184" /><testcase classname="backend.tests.test_iter24_prefs.TestPrefsPersistence" name="test_post_voice_false_only_updates_voice" time="0.201" /><testcase classname="backend.tests.test_iter24_prefs.TestPrefsPersistence" name="test_idempotent_setting_same_value_twice" time="0.163" /><testcase classname="backend.tests.test_iter24_prefs.TestPrefsPersistence" name="test_toggle_back_to_true" time="0.204" /><testcase classname="backend.tests.test_iter24_prefs.TestPrefsPersistence" name="test_per_user_isolation" time="0.296" /></testsuite></testsuites>