<?xml version="1.0" encoding="utf-8"?><testsuites name="pytest tests"><testsuite name="pytest" errors="0" failures="0" skipped="0" tests="6" time="2.338" timestamp="2026-06-03T10:11:23.803274+00:00" hostname="agent-env-ef63f8d2-661d-4471-956d-6b3ae3af9570"><testcase classname="backend.tests.test_iter55" name="test_menu_image_upload_returns_data_url" time="0.329" /><testcase classname="backend.tests.test_iter55" name="test_kitchen_settings_admin_update_and_public_read" time="0.272" /><testcase classname="backend.tests.test_iter55" name="test_cash_totals_and_pending_deposit" time="0.165" /><testcase classname="backend.tests.test_iter55" name="test_mark_deposited_role_gate" time="0.120" /><testcase classname="backend.tests.test_iter55" name="test_mix_payment_creates_two_orders" time="1.136" /><testcase classname="backend.tests.test_iter55" name="test_mix_payment_rejects_mismatch_sum" time="0.173" /></testsuite></testsuites>