<?xml version="1.0" encoding="utf-8"?><testsuites name="pytest tests"><testsuite name="pytest" errors="0" failures="2" skipped="0" tests="20" time="3.677" timestamp="2026-05-09T23:08:03.480855+00:00" hostname="agent-env-ef63f8d2-661d-4471-956d-6b3ae3af9570"><testcase classname="backend.tests.test_iter28.TestMenuReturnableTiffin" name="test_menu_items_have_is_returnable_tiffin_flag" time="0.213" /><testcase classname="backend.tests.test_iter28.TestMenuReturnableTiffin" name="test_tiffin_specials_default_true" time="0.110" /><testcase classname="backend.tests.test_iter28.TestMenuReturnableTiffin" name="test_non_tiffin_default_false" time="0.109" /><testcase classname="backend.tests.test_iter28.TestRestaurantTheme" name="test_put_theme_accepts_all_new_fields" time="0.437"><failure message="AssertionError: pure_veg_label not echoed: None&#10;assert None == 'TEST_iter28_pure_veg_label'&#10; +  where None = &lt;built-in method get of dict object at 0xfbb2f0709900&gt;('pure_veg_label')&#10; +    where &lt;built-in method get of dict object at 0xfbb2f0709900&gt; = {'accent_color': '#aa0000', 'hero_bg_color': '#ff0000', 'hero_promise_line1': 'Ab Ghar Se Bahar Bhi Bindas Khao', 'hero_promise_line2': 'Ghar se Achha Khana', ...}.get">backend/tests/test_iter28.py:107: in test_put_theme_accepts_all_new_fields
    assert body.get(f) == f"TEST_iter28_{f}", f"{f} not echoed: {body.get(f)}"
E   AssertionError: pure_veg_label not echoed: None
E   assert None == 'TEST_iter28_pure_veg_label'
E    +  where None = &lt;built-in method get of dict object at 0xfbb2f0709900&gt;('pure_veg_label')
E    +    where &lt;built-in method get of dict object at 0xfbb2f0709900&gt; = {'accent_color': '#aa0000', 'hero_bg_color': '#ff0000', 'hero_promise_line1': 'Ab Ghar Se Bahar Bhi Bindas Khao', 'hero_promise_line2': 'Ghar se Achha Khana', ...}.get</failure></testcase><testcase classname="backend.tests.test_iter28.TestRestaurantTheme" name="test_get_theme_returns_persisted_new_fields" time="0.327"><failure message="AssertionError: assert None == 'Test Veg iter28'&#10; +  where None = &lt;built-in method get of dict object at 0xfbb2f05a9c80&gt;('pure_veg_label')&#10; +    where &lt;built-in method get of dict object at 0xfbb2f05a9c80&gt; = {'accent_color': '#aa0000', 'hero_bg_color': '#ff0000', 'hero_promise_line1': 'Ab Ghar Se Bahar Bhi Bindas Khao', 'hero_promise_line2': 'Ghar se Achha Khana', ...}.get">backend/tests/test_iter28.py:117: in test_get_theme_returns_persisted_new_fields
    assert body.get("pure_veg_label") == "Test Veg iter28"
E   AssertionError: assert None == 'Test Veg iter28'
E    +  where None = &lt;built-in method get of dict object at 0xfbb2f05a9c80&gt;('pure_veg_label')
E    +    where &lt;built-in method get of dict object at 0xfbb2f05a9c80&gt; = {'accent_color': '#aa0000', 'hero_bg_color': '#ff0000', 'hero_promise_line1': 'Ab Ghar Se Bahar Bhi Bindas Khao', 'hero_promise_line2': 'Ghar se Achha Khana', ...}.get</failure></testcase><testcase classname="backend.tests.test_iter28.TestRestaurantTheme" name="test_put_theme_non_admin_403" time="0.451" /><testcase classname="backend.tests.test_iter28.TestTakeawayPendency" name="test_list_admin_ok" time="0.108" /><testcase classname="backend.tests.test_iter28.TestTakeawayPendency" name="test_list_subscriber_403" time="0.129" /><testcase classname="backend.tests.test_iter28.TestTakeawayPendency" name="test_collect_unknown_id_404" time="0.110" /><testcase classname="backend.tests.test_iter28.TestTakeawayPendency" name="test_filter_collected_param" time="0.243" /><testcase classname="backend.tests.test_iter28.TestRawMaterials" name="test_get_raw_materials_breakdown_has_stock_fields" time="0.113" /><testcase classname="backend.tests.test_iter28.TestRawMaterials" name="test_stock_topup_updates_current_stock" time="0.242" /><testcase classname="backend.tests.test_iter28.TestRawMaterials" name="test_stock_topup_low_triggers_alert_and_auto_po" time="0.213" /><testcase classname="backend.tests.test_iter28.TestRawMaterials" name="test_stock_topup_unknown_key_404" time="0.116" /><testcase classname="backend.tests.test_iter28.TestRawMaterials" name="test_stock_topup_negative_qty_400" time="0.119" /><testcase classname="backend.tests.test_iter28.TestRawMaterials" name="test_stock_topup_non_admin_403" time="0.110" /><testcase classname="backend.tests.test_iter28.TestRegression" name="test_bottom_nav_public" time="0.112" /><testcase classname="backend.tests.test_iter28.TestRegression" name="test_notify_sound_public" time="0.101" /><testcase classname="backend.tests.test_iter28.TestRegression" name="test_plans_public" time="0.101" /><testcase classname="backend.tests.test_iter28.TestRegression" name="test_theme_public" time="0.101" /></testsuite></testsuites>