<?xml version="1.0" encoding="utf-8"?><testsuites name="pytest tests"><testsuite name="pytest" errors="0" failures="0" skipped="0" tests="4" time="1.654" timestamp="2026-05-09T00:54:37.114542+00:00" hostname="agent-env-ef63f8d2-661d-4471-956d-6b3ae3af9570"><testcase classname="backend.tests.test_iter23.TestLocationPersisted" name="test_post_order_saves_lat_lng_to_order_and_profile" time="0.735" /><testcase classname="backend.tests.test_iter23.TestLocationPersisted" name="test_post_order_without_lat_falls_back_to_profile" time="0.442" /><testcase classname="backend.tests.test_iter23.TestAdminLiveRestaurant" name="test_endpoint_returns_orders_and_riders_arrays" time="0.178" /><testcase classname="backend.tests.test_iter23.TestAdminLiveRestaurant" name="test_endpoint_requires_admin" time="0.148" /></testsuite></testsuites>