<?xml version="1.0" encoding="utf-8"?><testsuites name="pytest tests"><testsuite name="pytest" errors="0" failures="0" skipped="0" tests="8" time="2.781" timestamp="2026-06-02T06:13:19.245051+00:00" hostname="agent-env-ef63f8d2-661d-4471-956d-6b3ae3af9570"><testcase classname="backend.tests.test_iter54" name="test_partial_surcharge_200" time="0.622" /><testcase classname="backend.tests.test_iter54" name="test_multi_sub_block_same_plan" time="0.282" /><testcase classname="backend.tests.test_iter54" name="test_admin_delete_cash_entry" time="0.301" /><testcase classname="backend.tests.test_iter54" name="test_my_pending_cash_otp" time="0.204" /><testcase classname="backend.tests.test_iter54" name="test_geo_block_out_of_area" time="0.158" /><testcase classname="backend.tests.test_iter54" name="test_profile_validation_strict" time="0.244" /><testcase classname="backend.tests.test_iter54" name="test_cash_for_partial_clear" time="0.600" /><testcase classname="backend.tests.test_iter54" name="test_tiffin_pref_heading_cms" time="0.224" /></testsuite></testsuites>