<?xml version="1.0" encoding="utf-8"?><testsuites name="pytest tests"><testsuite name="pytest" errors="0" failures="0" skipped="0" tests="20" time="3.892" timestamp="2026-05-07T08:13:13.615801+00:00" hostname="agent-env-ef63f8d2-661d-4471-956d-6b3ae3af9570"><testcase classname="backend.tests.test_iter15" name="test_public_menu_returns_15_defaults_and_fee_fields" time="0.135" /><testcase classname="backend.tests.test_iter15" name="test_public_menu_no_auth_required" time="0.114" /><testcase classname="backend.tests.test_iter15" name="test_admin_menu_unauth_401" time="0.109" /><testcase classname="backend.tests.test_iter15" name="test_admin_menu_non_admin_403" time="0.106" /><testcase classname="backend.tests.test_iter15" name="test_admin_menu_save_negative_price_400" time="0.104" /><testcase classname="backend.tests.test_iter15" name="test_admin_menu_save_duplicate_id_400" time="0.109" /><testcase classname="backend.tests.test_iter15" name="test_admin_menu_strips_useless_discount" time="0.218" /><testcase classname="backend.tests.test_iter15" name="test_admin_menu_reset_restores_15" time="0.094" /><testcase classname="backend.tests.test_iter15" name="test_admin_menu_add_new_item_auto_id" time="0.319" /><testcase classname="backend.tests.test_iter15" name="test_create_order_unauth_401" time="0.105" /><testcase classname="backend.tests.test_iter15" name="test_create_order_empty_cart_400" time="0.098" /><testcase classname="backend.tests.test_iter15" name="test_create_order_invalid_item_400" time="0.099" /><testcase classname="backend.tests.test_iter15" name="test_create_order_under_400_charges_30_flat" time="0.333" /><testcase classname="backend.tests.test_iter15" name="test_create_order_over_400_free_delivery_then_verify" time="0.458" /><testcase classname="backend.tests.test_iter15" name="test_my_orders_returns_history" time="0.102" /><testcase classname="backend.tests.test_iter15" name="test_admin_orders_admin_only" time="0.230" /><testcase classname="backend.tests.test_iter15" name="test_verify_other_user_order_403" time="0.488" /><testcase classname="backend.tests.test_iter15" name="test_cylinder_default_present" time="0.105" /><testcase classname="backend.tests.test_iter15" name="test_staff_can_edit_raw_materials_with_custom_item" time="0.320" /><testcase classname="backend.tests.test_iter15" name="test_subscriber_cannot_edit_raw_materials_403" time="0.103" /></testsuite></testsuites>