<?xml version="1.0" encoding="utf-8"?><testsuites name="pytest tests"><testsuite name="pytest" errors="0" failures="0" skipped="0" tests="5" time="2.061" timestamp="2026-05-09T18:47:08.338682+00:00" hostname="agent-env-ef63f8d2-661d-4471-956d-6b3ae3af9570"><testcase classname="backend.tests.test_iter25_theme_geo.TestRestaurantTheme" name="test_get_theme_public_no_auth" time="0.153" /><testcase classname="backend.tests.test_iter25_theme_geo.TestRestaurantTheme" name="test_put_theme_requires_admin" time="0.358" /><testcase classname="backend.tests.test_iter25_theme_geo.TestRestaurantTheme" name="test_put_theme_admin_persists" time="0.619" /><testcase classname="backend.tests.test_iter25_theme_geo.TestOrderGeoPersistence" name="test_create_order_with_lat_lng_persists_on_order_and_user" time="0.752" /><testcase classname="backend.tests.test_iter25_theme_geo.TestOrderGeoPersistence" name="test_user_profile_lat_lng_saved_on_first_checkout" time="0.107" /></testsuite></testsuites>