<?xml version="1.0" encoding="utf-8"?><testsuites name="pytest tests"><testsuite name="pytest" errors="0" failures="0" skipped="0" tests="7" time="5.991" timestamp="2026-06-20T04:55:40.550692+00:00" hostname="agent-env-ef63f8d2-661d-4471-956d-6b3ae3af9570"><testcase classname="backend.tests.test_iter101_extra" name="test_auth_me_includes_mess_id_field" time="0.410" /><testcase classname="backend.tests.test_iter101_extra" name="test_assign_subscription_via_plan_id" time="0.420" /><testcase classname="backend.tests.test_iter101_extra" name="test_only_unread_filter_and_specific_ack" time="1.029" /><testcase classname="backend.tests.test_iter101_extra" name="test_wallet_adjust_pushes_notice_with_extend_and_meals" time="0.932" /><testcase classname="backend.tests.test_iter101_assign_sub" name="test_assign_subscription_custom_and_notice_flow" time="1.614" /><testcase classname="backend.tests.test_iter101_assign_sub" name="test_assign_subscription_replace_requires_explicit_flag" time="0.730" /><testcase classname="backend.tests.test_iter101_assign_sub" name="test_assign_subscription_validates_inputs" time="0.770" /></testsuite></testsuites>