<?xml version="1.0" encoding="utf-8"?><testsuites name="pytest tests"><testsuite name="pytest" errors="0" failures="0" skipped="0" tests="44" time="7.472" timestamp="2026-05-19T07:56:04.825671+00:00" hostname="agent-env-ef63f8d2-661d-4471-956d-6b3ae3af9570"><testcase classname="tests.test_iter7.TestAdminLive" name="test_requires_admin" time="0.234" /><testcase classname="tests.test_iter7.TestAdminLive" name="test_shape" time="0.151" /><testcase classname="tests.test_iter7.TestBoyMe" name="test_non_boy_403" time="0.142" /><testcase classname="tests.test_iter7.TestBoyMe" name="test_boy_ok" time="0.103" /><testcase classname="tests.test_iter7.TestBoyToday" name="test_returns_items_totals" time="0.144" /><testcase classname="tests.test_iter7.TestBoyLocation" name="test_non_boy_403" time="0.137" /><testcase classname="tests.test_iter7.TestBoyLocation" name="test_persists" time="0.105" /><testcase classname="tests.test_iter7.TestDispatch" name="test_start_assigns_items" time="0.217" /><testcase classname="tests.test_iter7.TestDispatch" name="test_start_no_items" time="0.104" /><testcase classname="tests.test_iter7.TestTrack" name="test_no_active" time="0.149" /><testcase classname="tests.test_iter7.TestTrack" name="test_with_boy_position" time="0.102" /><testcase classname="tests.test_iter7.TestMarkGeofence" name="test_too_far_400" time="0.108" /><testcase classname="tests.test_iter7.TestMarkGeofence" name="test_near_ok" time="0.111" /><testcase classname="tests.test_iter8.TestSlots" name="test_subscriber_403" time="0.103" /><testcase classname="tests.test_iter8.TestSlots" name="test_boy_returns_shape_open" time="0.138" /><testcase classname="tests.test_iter8.TestSlots" name="test_dispatch_blocked_when_closed" time="0.103" /><testcase classname="tests.test_iter8.TestSlots" name="test_dispatch_open_window_succeeds" time="0.107" /><testcase classname="tests.test_iter8.TestLocationGeocode" name="test_returns_pincode_or_null" time="0.621" /><testcase classname="tests.test_iter8.TestTiffinBalance" name="test_mark_delivered_increments_balance" time="0.219" /><testcase classname="tests.test_iter8.TestTiffinBalance" name="test_admin_collect_empty_decrements" time="0.101" /><testcase classname="tests.test_iter8.TestTiffinBalance" name="test_admin_collect_clamps_to_balance" time="0.104" /><testcase classname="tests.test_iter8.TestTiffinBalance" name="test_boy_collect_empty" time="0.106" /><testcase classname="tests.test_iter8.TestTiffinBalance" name="test_boy_collect_requires_boy" time="0.148" /><testcase classname="tests.test_iter8.TestTiffinBalance" name="test_admin_empties_list" time="0.104" /><testcase classname="tests.test_iter8.TestTiffinBalance" name="test_boy_empties_filters_by_pincode" time="0.128" /><testcase classname="tests.test_iter8.TestDispatchInPayloads" name="test_admin_live_includes_dispatch" time="0.111" /><testcase classname="tests.test_iter8.TestDispatchInPayloads" name="test_boy_today_includes_dispatch" time="0.146" /><testcase classname="tests.test_iter8.TestDispatchInPayloads" name="test_track_includes_dispatch_and_balance" time="0.102" /><testcase classname="tests.test_iter8.TestDashboardConfig" name="test_get_public_no_auth" time="0.103" /><testcase classname="tests.test_iter8.TestDashboardConfig" name="test_patch_admin_only" time="0.133" /><testcase classname="tests.test_iter8.TestDashboardConfig" name="test_patch_persists_and_order_preserved" time="0.533" /><testcase classname="tests.test_iter8.TestDashboardConfig" name="test_reset_admin_only" time="0.106" /><testcase classname="tests.test_iter9.TestReminders" name="test_admin_only" time="0.120" /><testcase classname="tests.test_iter9.TestReminders" name="test_runs_returns_shape" time="0.117" /><testcase classname="tests.test_iter9.TestReminders" name="test_dedupe_in_window" time="0.220" /><testcase classname="tests.test_iter9.TestAutoExpire" name="test_grace_started_then_expires" time="0.222" /><testcase classname="tests.test_iter9.TestAutoExpire" name="test_grace_clears_on_topup" time="0.107" /><testcase classname="tests.test_iter9.TestGeocodeStatus" name="test_location_returns_status" time="0.106" /><testcase classname="tests.test_iter9.TestGeocodeStatus" name="test_location_invalid_coords" time="0.115" /><testcase classname="tests.test_iter43.TestGoogleVerify" name="test_invalid_credential_returns_401" time="0.180" /><testcase classname="tests.test_iter43.TestGoogleVerify" name="test_missing_credential_returns_422" time="0.108" /><testcase classname="tests.test_iter43.TestRestaurantTheme" name="test_get_theme_returns_200" time="0.116" /><testcase classname="tests.test_iter43.TestRestaurantTheme" name="test_admin_put_pure_veg_color_fields" time="0.696" /><testcase classname="tests.test_iter43.TestRestaurantTheme" name="test_admin_put_rejects_unauthenticated" time="0.108" /></testsuite></testsuites>