<?xml version="1.0" encoding="utf-8"?><testsuites name="pytest tests"><testsuite name="pytest" errors="0" failures="0" skipped="21" tests="53" time="8.835" timestamp="2026-06-02T06:17:45.272686+00:00" hostname="agent-env-ef63f8d2-661d-4471-956d-6b3ae3af9570"><testcase classname="backend.tests.test_iter54" name="test_partial_surcharge_200" time="0.590" /><testcase classname="backend.tests.test_iter54" name="test_multi_sub_block_same_plan" time="0.278" /><testcase classname="backend.tests.test_iter54" name="test_admin_delete_cash_entry" time="0.251" /><testcase classname="backend.tests.test_iter54" name="test_my_pending_cash_otp" time="0.229" /><testcase classname="backend.tests.test_iter54" name="test_geo_block_out_of_area" time="0.154" /><testcase classname="backend.tests.test_iter54" name="test_profile_validation_strict" time="0.257" /><testcase classname="backend.tests.test_iter54" name="test_cash_for_partial_clear" time="0.672" /><testcase classname="backend.tests.test_iter54" name="test_tiffin_pref_heading_cms" time="0.195" /><testcase classname="backend.tests.test_iter53" name="test_tiffin_stock_crud" time="0.288" /><testcase classname="backend.tests.test_iter53" name="test_tiffin_stock_unauth" time="0.096" /><testcase classname="backend.tests.test_iter53" name="test_cash_order_otp_verify_flow" time="0.339" /><testcase classname="backend.tests.test_iter53" name="test_partial_payment_50pct_min" time="0.510" /><testcase classname="backend.tests.test_iter53" name="test_partial_verify_creates_pending_balance" time="0.487" /><testcase classname="backend.tests.test_iter53" name="test_partial_clear_balance_flow" time="0.892" /><testcase classname="backend.tests.test_iter53" name="test_tiffin_pref_admin_image_routes_exist" time="0.159" /><testcase classname="backend.tests.test_iter53_extra" name="test_pending_cash_redacts_otp_and_enriches_customer" time="0.221" /><testcase classname="backend.tests.test_iter53_extra" name="test_subscriber_cannot_access_admin_stock_or_cash" time="0.305" /><testcase classname="backend.tests.test_iter53_extra" name="test_threshold_persists_and_low_stock_flag" time="0.196" /><testcase classname="backend.tests.test_iter53_extra" name="test_assign_staff_and_resend_otp" time="0.349" /><testcase classname="backend.tests.test_iter53_extra" name="test_pending_partials_admin_listing" time="0.492" /><testcase classname="backend.tests.test_iter53_extra" name="test_stock_floor_at_zero_via_adjust" time="0.158" /><testcase classname="backend.tests.test_iter52.TestServiceableArea" name="test_public_no_auth" time="0.091" /><testcase classname="backend.tests.test_iter52.TestTiffinPreferences" name="test_unauthorized_returns_401" time="0.091" /><testcase classname="backend.tests.test_iter52.TestTiffinPreferences" name="test_get_defaults_all_true" time="0.094"><skipped type="pytest.skip" message="subscriber token unavailable">/app/backend/tests/test_iter52.py:152: subscriber token unavailable</skipped></testcase><testcase classname="backend.tests.test_iter52.TestTiffinPreferences" name="test_put_and_get_persistence_clamps_count" time="0.000"><skipped type="pytest.skip" message="subscriber token unavailable">/app/backend/tests/test_iter52.py:161: subscriber token unavailable</skipped></testcase><testcase classname="backend.tests.test_iter52.TestTiffinPreferences" name="test_put_in_range" time="0.000"><skipped type="pytest.skip" message="subscriber token unavailable">/app/backend/tests/test_iter52.py:178: subscriber token unavailable</skipped></testcase><testcase classname="backend.tests.test_iter52.TestTiffinPrefsForDiningSub" name="test_put_rejected_for_dining_sub" time="0.000"><skipped type="pytest.skip" message="subscriber token unavailable">/app/backend/tests/test_iter52.py:239: subscriber token unavailable</skipped></testcase><testcase classname="backend.tests.test_iter52.TestRosterTiffinPrefsSnapshot" name="test_generate_snapshots_prefs" time="0.105"><skipped type="pytest.skip" message="admin token unavailable">/app/backend/tests/test_iter52.py:303: admin token unavailable</skipped></testcase><testcase classname="backend.tests.test_iter51.TestPlanBifurcation" name="test_create_tiffin_dinner_plan" time="0.108"><skipped type="pytest.skip" message="admin token unavailable">/app/backend/tests/test_iter51.py:69: admin token unavailable</skipped></testcase><testcase classname="backend.tests.test_iter51.TestPlanBifurcation" name="test_admin_list_includes_new_plan" time="0.000"><skipped type="pytest.skip" message="admin token unavailable">/app/backend/tests/test_iter51.py:91: admin token unavailable</skipped></testcase><testcase classname="backend.tests.test_iter51.TestPlanBifurcation" name="test_public_plans_includes_active_plan" time="0.000"><skipped type="pytest.skip" message="create test was skipped; nothing to look up">/app/backend/tests/test_iter51.py:105: create test was skipped; nothing to look up</skipped></testcase><testcase classname="backend.tests.test_iter51.TestPlanBifurcation" name="test_delete_plan" time="0.000"><skipped type="pytest.skip" message="admin token unavailable">/app/backend/tests/test_iter51.py:114: admin token unavailable</skipped></testcase><testcase classname="backend.tests.test_iter51.TestLoginContentMarquee" name="test_post_marquee_keys_and_get" time="0.000"><skipped type="pytest.skip" message="admin token unavailable">/app/backend/tests/test_iter51.py:127: admin token unavailable</skipped></testcase><testcase classname="backend.tests.test_iter51.TestLoginContentMarquee" name="test_cleanup_marquee_overrides" time="0.000"><skipped type="pytest.skip" message="admin token unavailable">/app/backend/tests/test_iter51.py:152: admin token unavailable</skipped></testcase><testcase classname="backend.tests.test_iter51.TestLandingUpload" name="test_unauth_rejected" time="0.099" /><testcase classname="backend.tests.test_iter51.TestLandingUpload" name="test_admin_upload_success" time="0.000"><skipped type="pytest.skip" message="admin token unavailable">/app/backend/tests/test_iter51.py:181: admin token unavailable</skipped></testcase><testcase classname="backend.tests.test_iter51.TestLandingUpload" name="test_bad_mime_rejected" time="0.000"><skipped type="pytest.skip" message="admin token unavailable">/app/backend/tests/test_iter51.py:190: admin token unavailable</skipped></testcase><testcase classname="backend.tests.test_iter51.TestMealWindowEnforcement" name="test_dinner_scan_rejected_on_lunch_only" time="0.000"><skipped type="pytest.skip" message="admin token unavailable">/app/backend/tests/test_iter51.py:299: admin token unavailable</skipped></testcase><testcase classname="backend.tests.test_iter51.TestMealWindowEnforcement" name="test_lunch_scan_succeeds_on_lunch_only" time="0.000"><skipped type="pytest.skip" message="admin token unavailable">/app/backend/tests/test_iter51.py:307: admin token unavailable</skipped></testcase><testcase classname="backend.tests.test_iter51" name="test_restaurant_route_has_402_budget_path" time="0.001" /><testcase classname="backend.tests.test_iter47.TestPublicSmoke" name="test_get_plans_public" time="0.116" /><testcase classname="backend.tests.test_iter47.TestPublicSmoke" name="test_admin_plans_unauth" time="0.096" /><testcase classname="backend.tests.test_iter47.TestPublicSmoke" name="test_my_wallet_unauth" time="0.098" /><testcase classname="backend.tests.test_iter47.TestPublicSmoke" name="test_my_subscription_unauth" time="0.095" /><testcase classname="backend.tests.test_iter47.TestPublicSmoke" name="test_restaurant_menu_public" time="0.101" /><testcase classname="backend.tests.test_iter47.TestPublicSmoke" name="test_restaurant_order_unauth" time="0.107" /><testcase classname="backend.tests.test_iter47.TestPublicSmoke" name="test_restaurant_orders_list_unauth" time="0.095" /><testcase classname="backend.tests.test_iter47.TestAdminPlansCRUD" name="test_create_list_delete_plan" time="0.114"><skipped type="pytest.skip" message="admin token unavailable (OTP rate-limited and ADMIN_SESSION_TOKEN env not set)">/app/backend/tests/test_iter47.py:89: admin token unavailable (OTP rate-limited and ADMIN_SESSION_TOKEN env not set)</skipped></testcase><testcase classname="backend.tests.test_iter47.TestSubscriberWalletSubscription" name="test_my_wallet_shape" time="0.097"><skipped type="pytest.skip" message="subscriber token unavailable (OTP rate-limited and SUB_SESSION_TOKEN env not set)">/app/backend/tests/test_iter47.py:124: subscriber token unavailable (OTP rate-limited and SUB_SESSION_TOKEN env not set)</skipped></testcase><testcase classname="backend.tests.test_iter47.TestSubscriberWalletSubscription" name="test_my_wallet_transactions" time="0.000"><skipped type="pytest.skip" message="subscriber token unavailable (OTP rate-limited and SUB_SESSION_TOKEN env not set)">/app/backend/tests/test_iter47.py:132: subscriber token unavailable (OTP rate-limited and SUB_SESSION_TOKEN env not set)</skipped></testcase><testcase classname="backend.tests.test_iter47.TestSubscriberWalletSubscription" name="test_my_subscription_shape" time="0.000"><skipped type="pytest.skip" message="subscriber token unavailable (OTP rate-limited and SUB_SESSION_TOKEN env not set)">/app/backend/tests/test_iter47.py:140: subscriber token unavailable (OTP rate-limited and SUB_SESSION_TOKEN env not set)</skipped></testcase><testcase classname="backend.tests.test_iter47.TestSubscriberWalletSubscription" name="test_pause_resume_without_active_sub" time="0.000"><skipped type="pytest.skip" message="subscriber token unavailable (OTP rate-limited and SUB_SESSION_TOKEN env not set)">/app/backend/tests/test_iter47.py:148: subscriber token unavailable (OTP rate-limited and SUB_SESSION_TOKEN env not set)</skipped></testcase><testcase classname="backend.tests.test_iter47.TestRestaurantOrderFlow" name="test_order_create_list_verify_route_exists" time="0.000"><skipped type="pytest.skip" message="subscriber token unavailable (OTP rate-limited and SUB_SESSION_TOKEN env not set)">/app/backend/tests/test_iter47.py:162: subscriber token unavailable (OTP rate-limited and SUB_SESSION_TOKEN env not set)</skipped></testcase></testsuite></testsuites>