<?xml version="1.0" encoding="utf-8"?><testsuites name="pytest tests"><testsuite name="pytest" errors="0" failures="3" skipped="0" tests="23" time="4.217" timestamp="2026-05-10T09:26:27.915777+00:00" hostname="agent-env-ef63f8d2-661d-4471-956d-6b3ae3af9570"><testcase classname="backend.tests.test_iter29.TestHeaderMenu" name="test_get_header_menu_public_default" time="0.250" /><testcase classname="backend.tests.test_iter29.TestHeaderMenu" name="test_put_header_menu_non_admin_403" time="0.417" /><testcase classname="backend.tests.test_iter29.TestHeaderMenu" name="test_put_header_menu_admin_then_reset" time="0.680" /><testcase classname="backend.tests.test_iter29.TestManualTakeaway" name="test_manual_takeaway_admin_creates_row" time="0.098"><failure message="AssertionError: {&quot;detail&quot;:&quot;Not Found&quot;}&#10;assert 404 == 200&#10; +  where 404 = &lt;Response [404]&gt;.status_code">backend/tests/test_iter29.py:115: in test_manual_takeaway_admin_creates_row
    assert r.status_code == 200, r.text
E   AssertionError: {"detail":"Not Found"}
E   assert 404 == 200
E    +  where 404 = &lt;Response [404]&gt;.status_code</failure></testcase><testcase classname="backend.tests.test_iter29.TestManualTakeaway" name="test_manual_takeaway_subscriber_403" time="0.153"><failure message="AssertionError: {&quot;detail&quot;:&quot;Not Found&quot;}&#10;assert 404 == 403&#10; +  where 404 = &lt;Response [404]&gt;.status_code">backend/tests/test_iter29.py:133: in test_manual_takeaway_subscriber_403
    assert r.status_code == 403, r.text
E   AssertionError: {"detail":"Not Found"}
E   assert 404 == 403
E    +  where 404 = &lt;Response [404]&gt;.status_code</failure></testcase><testcase classname="backend.tests.test_iter29.TestManualTakeaway" name="test_manual_takeaway_validation" time="0.101"><failure message="AssertionError: {&quot;detail&quot;:&quot;Not Found&quot;}&#10;assert 404 in (400, 422)&#10; +  where 404 = &lt;Response [404]&gt;.status_code">backend/tests/test_iter29.py:140: in test_manual_takeaway_validation
    assert r.status_code in (400, 422), r.text
E   AssertionError: {"detail":"Not Found"}
E   assert 404 in (400, 422)
E    +  where 404 = &lt;Response [404]&gt;.status_code</failure></testcase><testcase classname="backend.tests.test_iter29.TestPnLExpenses" name="test_get_expenses_admin_default_zero_or_existing" time="0.106" /><testcase classname="backend.tests.test_iter29.TestPnLExpenses" name="test_get_expenses_subscriber_403" time="0.104" /><testcase classname="backend.tests.test_iter29.TestPnLExpenses" name="test_put_expenses_admin_persists" time="0.211" /><testcase classname="backend.tests.test_iter29.TestPnLExpenses" name="test_put_expenses_subscriber_403" time="0.106" /><testcase classname="backend.tests.test_iter29.TestPnLExpenses" name="test_put_expenses_negative_rejected" time="0.126" /><testcase classname="backend.tests.test_iter29.TestPnLDaily" name="test_daily_default_30_rows" time="0.110" /><testcase classname="backend.tests.test_iter29.TestPnLDaily" name="test_daily_pagination_bounds[1]" time="0.102" /><testcase classname="backend.tests.test_iter29.TestPnLDaily" name="test_daily_pagination_bounds[7]" time="0.103" /><testcase classname="backend.tests.test_iter29.TestPnLDaily" name="test_daily_pagination_bounds[60]" time="0.102" /><testcase classname="backend.tests.test_iter29.TestPnLDaily" name="test_daily_pagination_bounds[90]" time="0.121" /><testcase classname="backend.tests.test_iter29.TestPnLDaily" name="test_daily_clamps_above_90" time="0.121" /><testcase classname="backend.tests.test_iter29.TestPnLDaily" name="test_daily_clamps_zero" time="0.137" /><testcase classname="backend.tests.test_iter29.TestPnLDaily" name="test_daily_subscriber_403" time="0.098" /><testcase classname="backend.tests.test_iter29.TestThemeNewColors" name="test_put_theme_accepts_new_color_fields" time="0.099" /><testcase classname="backend.tests.test_iter29.TestThemeNewColors" name="test_get_theme_returns_persisted_new_colors" time="0.209" /><testcase classname="backend.tests.test_iter29.TestThemeNewColors" name="test_cleanup_theme_clear_new_colors" time="0.103" /><testcase classname="backend.tests.test_iter29.TestMenuReturnableTiffinPersist" name="test_put_menu_with_returnable_persists" time="0.455" /></testsuite></testsuites>