<?xml version="1.0" encoding="utf-8"?><testsuites name="pytest tests"><testsuite name="pytest" errors="0" failures="1" skipped="0" tests="10" time="2.867" timestamp="2026-05-11T12:28:55.250182+00:00" hostname="agent-env-ef63f8d2-661d-4471-956d-6b3ae3af9570"><testcase classname="backend.tests.test_iter36_upload.TestAdminMenuImageUpload" name="test_admin_login_role" time="0.452" /><testcase classname="backend.tests.test_iter36_upload.TestAdminMenuImageUpload" name="test_upload_returns_url_and_is_get_able" time="0.271" /><testcase classname="backend.tests.test_iter36_upload.TestAdminMenuImageUpload" name="test_reject_non_image_mime" time="0.077" /><testcase classname="backend.tests.test_iter36_upload.TestAdminMenuImageUpload" name="test_reject_oversized" time="0.861" /><testcase classname="backend.tests.test_iter36_upload.TestNonAdminForbidden" name="test_user_role_is_subscriber" time="0.348" /><testcase classname="backend.tests.test_iter36_upload.TestNonAdminForbidden" name="test_non_admin_upload_403" time="0.068" /><testcase classname="backend.tests.test_iter36_upload.TestNonAdminForbidden" name="test_anonymous_upload_401" time="0.207" /><testcase classname="backend.tests.test_iter36_upload.TestRegressions" name="test_menu_list" time="0.156" /><testcase classname="backend.tests.test_iter36_upload.TestRegressions" name="test_theme" time="0.141" /><testcase classname="backend.tests.test_iter36_upload.TestRegressions" name="test_admin_save_menu_roundtrip" time="0.194"><failure message="AssertionError: {&quot;detail&quot;:&quot;Method Not Allowed&quot;}&#10;assert 405 == 200&#10; +  where 405 = &lt;Response [405]&gt;.status_code">backend/tests/test_iter36_upload.py:150: in test_admin_save_menu_roundtrip
    assert save.status_code == 200, save.text
E   AssertionError: {"detail":"Method Not Allowed"}
E   assert 405 == 200
E    +  where 405 = &lt;Response [405]&gt;.status_code</failure></testcase></testsuite></testsuites>