<?xml version="1.0" encoding="utf-8"?><testsuites name="pytest tests"><testsuite name="pytest" errors="0" failures="0" skipped="0" tests="29" time="7.998" timestamp="2026-05-10T08:16:12.576233+00:00" hostname="agent-env-ef63f8d2-661d-4471-956d-6b3ae3af9570"><testcase classname="backend.tests.test_iter12.TestTestimonialsPublic" name="test_public_get_no_auth" time="0.129" /><testcase classname="backend.tests.test_iter12.TestTestimonialsPublic" name="test_public_does_not_show_hidden" time="0.427" /><testcase classname="backend.tests.test_iter12.TestTestimonialsAdminAuth" name="test_no_auth_returns_401_or_403" time="0.102" /><testcase classname="backend.tests.test_iter12.TestTestimonialsAdminAuth" name="test_subscriber_role_forbidden" time="0.359" /><testcase classname="backend.tests.test_iter12.TestTestimonialsAdminAuth" name="test_admin_get_all_includes_hidden" time="0.110" /><testcase classname="backend.tests.test_iter12.TestTestimonialsCRUD" name="test_put_clamping_and_trimming" time="0.323" /><testcase classname="backend.tests.test_iter12.TestTestimonialsCRUD" name="test_reset_restores_defaults" time="0.209" /><testcase classname="backend.tests.test_iter12.TestExpiryReminders" name="test_admin_only" time="0.112" /><testcase classname="backend.tests.test_iter12.TestExpiryReminders" name="test_no_auth" time="0.098" /><testcase classname="backend.tests.test_iter12.TestExpiryReminders" name="test_run_with_seeded_subs_and_idempotent" time="0.216" /><testcase classname="backend.tests.test_iter25_theme_geo.TestRestaurantTheme" name="test_get_theme_public_no_auth" time="0.105" /><testcase classname="backend.tests.test_iter25_theme_geo.TestRestaurantTheme" name="test_put_theme_requires_admin" time="0.358" /><testcase classname="backend.tests.test_iter25_theme_geo.TestRestaurantTheme" name="test_put_theme_admin_persists" time="0.428" /><testcase classname="backend.tests.test_iter25_theme_geo.TestOrderGeoPersistence" name="test_create_order_with_lat_lng_persists_on_order_and_user" time="0.673" /><testcase classname="backend.tests.test_iter25_theme_geo.TestOrderGeoPersistence" name="test_user_profile_lat_lng_saved_on_first_checkout" time="0.104" /><testcase classname="backend.tests.test_iter27_app_cms.TestBottomNav" name="test_get_bottom_nav_public_default" time="0.412" /><testcase classname="backend.tests.test_iter27_app_cms.TestBottomNav" name="test_put_bottom_nav_non_admin_403" time="0.304" /><testcase classname="backend.tests.test_iter27_app_cms.TestBottomNav" name="test_put_bottom_nav_partial_role_update" time="0.411" /><testcase classname="backend.tests.test_iter27_app_cms.TestBottomNav" name="test_put_bottom_nav_validation_too_many_items" time="0.100" /><testcase classname="backend.tests.test_iter27_app_cms.TestBottomNav" name="test_put_bottom_nav_validation_zero_items" time="0.099" /><testcase classname="backend.tests.test_iter27_app_cms.TestBottomNav" name="test_reset_bottom_nav" time="0.228" /><testcase classname="backend.tests.test_iter27_app_cms.TestBottomNav" name="test_reset_bottom_nav_non_admin_403" time="0.101" /><testcase classname="backend.tests.test_iter27_app_cms.TestNotifySound" name="test_get_notify_sound_default_empty_or_string" time="0.203" /><testcase classname="backend.tests.test_iter27_app_cms.TestNotifySound" name="test_put_notify_sound_https_ok" time="0.194" /><testcase classname="backend.tests.test_iter27_app_cms.TestNotifySound" name="test_put_notify_sound_data_audio_ok" time="0.129" /><testcase classname="backend.tests.test_iter27_app_cms.TestNotifySound" name="test_put_notify_sound_invalid_prefix" time="0.402" /><testcase classname="backend.tests.test_iter27_app_cms.TestNotifySound" name="test_put_notify_sound_non_admin_403" time="0.103" /><testcase classname="backend.tests.test_iter27_app_cms.TestNotifySound" name="test_delete_notify_sound" time="0.358" /><testcase classname="backend.tests.test_iter27_app_cms.TestDeliveryOtpGating" name="test_track_otp_gated_by_status" time="0.881" /></testsuite></testsuites>