<?xml version="1.0" encoding="utf-8"?><testsuites name="pytest tests"><testsuite name="pytest" errors="0" failures="0" skipped="0" tests="13" time="1.956" timestamp="2026-06-10T08:09:33.017706+00:00" hostname="agent-env-ef63f8d2-661d-4471-956d-6b3ae3af9570"><testcase classname="backend.tests.test_iter90_franchise_pages.TestPagesCatalog" name="test_unauth_returns_401" time="0.183" /><testcase classname="backend.tests.test_iter90_franchise_pages.TestPagesCatalog" name="test_franchise_role_forbidden" time="0.120" /><testcase classname="backend.tests.test_iter90_franchise_pages.TestPagesCatalog" name="test_admin_returns_21_entries" time="0.108" /><testcase classname="backend.tests.test_iter90_franchise_pages.TestGetFranchisePages" name="test_unauth_blocked" time="0.109" /><testcase classname="backend.tests.test_iter90_franchise_pages.TestGetFranchisePages" name="test_default_returns_all_when_null" time="0.099" /><testcase classname="backend.tests.test_iter90_franchise_pages.TestGetFranchisePages" name="test_404_for_unknown_mess" time="0.117" /><testcase classname="backend.tests.test_iter90_franchise_pages.TestPatchFranchisePages" name="test_save_subset_persists" time="0.227" /><testcase classname="backend.tests.test_iter90_franchise_pages.TestPatchFranchisePages" name="test_invalid_key_rejected_400" time="0.111" /><testcase classname="backend.tests.test_iter90_franchise_pages.TestPatchFranchisePages" name="test_franchise_role_cannot_patch" time="0.131" /><testcase classname="backend.tests.test_iter90_franchise_pages.TestMyVisiblePages" name="test_unauth_blocked" time="0.102" /><testcase classname="backend.tests.test_iter90_franchise_pages.TestMyVisiblePages" name="test_admin_returns_all_21" time="0.102" /><testcase classname="backend.tests.test_iter90_franchise_pages.TestMyVisiblePages" name="test_franchise_returns_mess_subset" time="0.398" /><testcase classname="backend.tests.test_iter90_franchise_pages.TestZRestore" name="test_restore_all_pages" time="0.004" /></testsuite></testsuites>