<?xml version="1.0" encoding="utf-8"?><testsuites name="pytest tests"><testsuite name="pytest" errors="0" failures="0" skipped="0" tests="7" time="3.265" timestamp="2026-05-07T20:41:23.704221+00:00" hostname="agent-env-ef63f8d2-661d-4471-956d-6b3ae3af9570"><testcase classname="backend.tests.test_iter16" name="test_orders_unauth_401" time="0.403" /><testcase classname="backend.tests.test_iter16" name="test_orders_empty_for_fresh_user" time="0.170" /><testcase classname="backend.tests.test_iter16" name="test_place_verify_then_history_lists_order" time="0.619" /><testcase classname="backend.tests.test_iter16" name="test_history_orders_user_isolation" time="0.169" /><testcase classname="backend.tests.test_iter16" name="test_menu_ids_intersect_with_order_items_for_reorder" time="0.880" /><testcase classname="backend.tests.test_iter16" name="test_track_endpoint_returns_items_for_reorder" time="0.714" /><testcase classname="backend.tests.test_iter16" name="test_history_limit_capped" time="0.143" /></testsuite></testsuites>