<?xml version="1.0" encoding="utf-8"?><testsuites name="pytest tests"><testsuite name="pytest" errors="0" failures="0" skipped="0" tests="7" time="3.183" timestamp="2026-06-01T20:28:08.831837+00:00" hostname="agent-env-ef63f8d2-661d-4471-956d-6b3ae3af9570"><testcase classname="tests.test_iter53" name="test_tiffin_stock_crud" time="0.382" /><testcase classname="tests.test_iter53" name="test_tiffin_stock_unauth" time="0.104" /><testcase classname="tests.test_iter53" name="test_cash_order_otp_verify_flow" time="0.375" /><testcase classname="tests.test_iter53" name="test_partial_payment_50pct_min" time="0.466" /><testcase classname="tests.test_iter53" name="test_partial_verify_creates_pending_balance" time="0.580" /><testcase classname="tests.test_iter53" name="test_partial_clear_balance_flow" time="0.976" /><testcase classname="tests.test_iter53" name="test_tiffin_pref_admin_image_routes_exist" time="0.154" /></testsuite></testsuites>