<?xml version="1.0" encoding="utf-8"?><testsuites name="pytest tests"><testsuite name="pytest" errors="0" failures="0" skipped="1" tests="62" time="11.983" timestamp="2026-05-27T11:56:42.293911+00:00" hostname="agent-env-ef63f8d2-661d-4471-956d-6b3ae3af9570"><testcase classname="tests.test_iter43.TestGoogleVerify" name="test_invalid_credential_returns_401" time="0.321" /><testcase classname="tests.test_iter43.TestGoogleVerify" name="test_missing_credential_returns_422" time="0.135" /><testcase classname="tests.test_iter43.TestRestaurantTheme" name="test_get_theme_returns_200" time="0.127" /><testcase classname="tests.test_iter43.TestRestaurantTheme" name="test_admin_put_pure_veg_color_fields" time="0.722" /><testcase classname="tests.test_iter43.TestRestaurantTheme" name="test_admin_put_rejects_unauthenticated" time="0.124" /><testcase classname="tests.test_iter46.TestTestimonialsExtraction" name="test_public_get_returns_200" time="0.145" /><testcase classname="tests.test_iter46.TestTestimonialsExtraction" name="test_admin_get_unauthenticated_returns_401" time="0.095" /><testcase classname="tests.test_iter46.TestTestimonialsExtraction" name="test_admin_put_with_otp_returns_200" time="0.664" /><testcase classname="tests.test_iter46.TestHeroLayoutTheme" name="test_admin_put_hero_layout_and_elements" time="0.485" /><testcase classname="tests.test_iter46.TestHeroLayoutTheme" name="test_admin_put_hero_layout_unauth_rejected" time="0.107" /><testcase classname="tests.test_iter47.TestPublicSmoke" name="test_get_plans_public" time="0.111" /><testcase classname="tests.test_iter47.TestPublicSmoke" name="test_admin_plans_unauth" time="0.110" /><testcase classname="tests.test_iter47.TestPublicSmoke" name="test_my_wallet_unauth" time="0.106" /><testcase classname="tests.test_iter47.TestPublicSmoke" name="test_my_subscription_unauth" time="0.096" /><testcase classname="tests.test_iter47.TestPublicSmoke" name="test_restaurant_menu_public" time="0.137" /><testcase classname="tests.test_iter47.TestPublicSmoke" name="test_restaurant_order_unauth" time="0.107" /><testcase classname="tests.test_iter47.TestPublicSmoke" name="test_restaurant_orders_list_unauth" time="0.104" /><testcase classname="tests.test_iter47.TestAdminPlansCRUD" name="test_create_list_delete_plan" time="0.668" /><testcase classname="tests.test_iter47.TestSubscriberWalletSubscription" name="test_my_wallet_shape" time="0.311" /><testcase classname="tests.test_iter47.TestSubscriberWalletSubscription" name="test_my_wallet_transactions" time="0.102" /><testcase classname="tests.test_iter47.TestSubscriberWalletSubscription" name="test_my_subscription_shape" time="0.109" /><testcase classname="tests.test_iter47.TestSubscriberWalletSubscription" name="test_pause_resume_without_active_sub" time="0.101"><skipped type="pytest.skip" message="Subscriber has an active subscription; pause/resume 404 path not applicable">/app/backend/tests/test_iter47.py:153: Subscriber has an active subscription; pause/resume 404 path not applicable</skipped></testcase><testcase classname="tests.test_iter47.TestRestaurantOrderFlow" name="test_order_create_list_verify_route_exists" time="0.670" /><testcase classname="tests.test_iter7.TestAdminLive" name="test_requires_admin" time="0.113" /><testcase classname="tests.test_iter7.TestAdminLive" name="test_shape" time="0.108" /><testcase classname="tests.test_iter7.TestBoyMe" name="test_non_boy_403" time="0.108" /><testcase classname="tests.test_iter7.TestBoyMe" name="test_boy_ok" time="0.122" /><testcase classname="tests.test_iter7.TestBoyToday" name="test_returns_items_totals" time="0.111" /><testcase classname="tests.test_iter7.TestBoyLocation" name="test_non_boy_403" time="0.101" /><testcase classname="tests.test_iter7.TestBoyLocation" name="test_persists" time="0.097" /><testcase classname="tests.test_iter7.TestDispatch" name="test_start_assigns_items" time="0.244" /><testcase classname="tests.test_iter7.TestDispatch" name="test_start_no_items" time="0.107" /><testcase classname="tests.test_iter7.TestTrack" name="test_no_active" time="0.102" /><testcase classname="tests.test_iter7.TestTrack" name="test_with_boy_position" time="0.104" /><testcase classname="tests.test_iter7.TestMarkGeofence" name="test_too_far_400" time="0.105" /><testcase classname="tests.test_iter7.TestMarkGeofence" name="test_near_ok" time="0.104" /><testcase classname="tests.test_iter8.TestSlots" name="test_subscriber_403" time="0.105" /><testcase classname="tests.test_iter8.TestSlots" name="test_boy_returns_shape_open" time="0.102" /><testcase classname="tests.test_iter8.TestSlots" name="test_dispatch_blocked_when_closed" time="0.116" /><testcase classname="tests.test_iter8.TestSlots" name="test_dispatch_open_window_succeeds" time="0.116" /><testcase classname="tests.test_iter8.TestLocationGeocode" name="test_returns_pincode_or_null" time="0.602" /><testcase classname="tests.test_iter8.TestTiffinBalance" name="test_mark_delivered_increments_balance" time="0.227" /><testcase classname="tests.test_iter8.TestTiffinBalance" name="test_admin_collect_empty_decrements" time="0.412" /><testcase classname="tests.test_iter8.TestTiffinBalance" name="test_admin_collect_clamps_to_balance" time="0.113" /><testcase classname="tests.test_iter8.TestTiffinBalance" name="test_boy_collect_empty" time="0.110" /><testcase classname="tests.test_iter8.TestTiffinBalance" name="test_boy_collect_requires_boy" time="0.109" /><testcase classname="tests.test_iter8.TestTiffinBalance" name="test_admin_empties_list" time="0.110" /><testcase classname="tests.test_iter8.TestTiffinBalance" name="test_boy_empties_filters_by_pincode" time="0.118" /><testcase classname="tests.test_iter8.TestDispatchInPayloads" name="test_admin_live_includes_dispatch" time="0.123" /><testcase classname="tests.test_iter8.TestDispatchInPayloads" name="test_boy_today_includes_dispatch" time="0.113" /><testcase classname="tests.test_iter8.TestDispatchInPayloads" name="test_track_includes_dispatch_and_balance" time="0.119" /><testcase classname="tests.test_iter8.TestDashboardConfig" name="test_get_public_no_auth" time="0.096" /><testcase classname="tests.test_iter8.TestDashboardConfig" name="test_patch_admin_only" time="0.100" /><testcase classname="tests.test_iter8.TestDashboardConfig" name="test_patch_persists_and_order_preserved" time="0.579" /><testcase classname="tests.test_iter8.TestDashboardConfig" name="test_reset_admin_only" time="0.132" /><testcase classname="tests.test_iter9.TestReminders" name="test_admin_only" time="0.109" /><testcase classname="tests.test_iter9.TestReminders" name="test_runs_returns_shape" time="0.104" /><testcase classname="tests.test_iter9.TestReminders" name="test_dedupe_in_window" time="0.228" /><testcase classname="tests.test_iter9.TestAutoExpire" name="test_grace_started_then_expires" time="0.241" /><testcase classname="tests.test_iter9.TestAutoExpire" name="test_grace_clears_on_topup" time="0.121" /><testcase classname="tests.test_iter9.TestGeocodeStatus" name="test_location_returns_status" time="0.112" /><testcase classname="tests.test_iter9.TestGeocodeStatus" name="test_location_invalid_coords" time="0.119" /></testsuite></testsuites>