<?xml version="1.0" encoding="utf-8"?><testsuites name="pytest tests"><testsuite name="pytest" errors="0" failures="0" skipped="0" tests="13" time="2.306" timestamp="2026-06-09T20:17:05.571087+00:00" hostname="agent-env-ef63f8d2-661d-4471-956d-6b3ae3af9570"><testcase classname="backend.tests.test_iter80_batchc.TestMetricsSeries" name="test_admin_metrics_default_30d_series_lengths" time="0.219" /><testcase classname="backend.tests.test_iter80_batchc.TestMetricsSeries" name="test_admin_metrics_7d" time="0.261" /><testcase classname="backend.tests.test_iter80_batchc.TestMetricsSeries" name="test_admin_metrics_90d" time="0.134" /><testcase classname="backend.tests.test_iter80_batchc.TestMetricsSeries" name="test_franchise_me_metrics_has_series" time="0.130" /><testcase classname="backend.tests.test_iter80_batchc.TestWalletAdjust" name="test_credit_increases_wallet_and_creates_override" time="0.215" /><testcase classname="backend.tests.test_iter80_batchc.TestWalletAdjust" name="test_debit_decreases_wallet" time="0.125" /><testcase classname="backend.tests.test_iter80_batchc.TestWalletAdjust" name="test_debit_floored_at_zero" time="0.135" /><testcase classname="backend.tests.test_iter80_batchc.TestWalletAdjust" name="test_non_admin_forbidden" time="0.113" /><testcase classname="backend.tests.test_iter80_batchc.TestWalletAdjust" name="test_empty_reason_400" time="0.147" /><testcase classname="backend.tests.test_iter80_batchc.TestWalletAdjust" name="test_zero_everything_400" time="0.133" /><testcase classname="backend.tests.test_iter80_batchc.TestWalletAdjust" name="test_extend_and_restore_only_no_wallet_change" time="0.201" /><testcase classname="backend.tests.test_iter80_batchc.TestWalletAdjust" name="test_wallet_history_endpoint" time="0.216" /><testcase classname="backend.tests.test_iter80_batchc.TestWalletAdjust" name="test_history_non_admin_forbidden" time="0.130" /></testsuite></testsuites>