<?xml version="1.0" encoding="utf-8"?><testsuites name="pytest tests"><testsuite name="pytest" errors="0" failures="0" skipped="0" tests="5" time="0.808" timestamp="2026-06-14T06:51:04.936521+00:00" hostname="agent-env-ef63f8d2-661d-4471-956d-6b3ae3af9570"><testcase classname="backend.tests.test_iter97_silent_branch.TestOtpDevEcho" name="test_send_otp_returns_dev_otp" time="0.177" /><testcase classname="backend.tests.test_iter97_silent_branch.TestOtpDevEcho" name="test_verify_otp_full_flow" time="0.217" /><testcase classname="backend.tests.test_iter97_silent_branch.TestMessesNearby" name="test_messes_list" time="0.133" /><testcase classname="backend.tests.test_iter97_silent_branch.TestMessesNearby" name="test_nearby_amravati_returns_amravati_first" time="0.091" /><testcase classname="backend.tests.test_iter97_silent_branch.TestMeMessPersistence" name="test_post_me_mess_persists" time="0.122" /></testsuite></testsuites>