<?xml version="1.0" encoding="utf-8"?><testsuites name="pytest tests"><testsuite name="pytest" errors="0" failures="0" skipped="0" tests="9" time="2.201" timestamp="2026-06-07T22:17:14.603839+00:00" hostname="agent-env-ef63f8d2-661d-4471-956d-6b3ae3af9570"><testcase classname="backend.tests.test_iter75" name="test_content_about_full_schema" time="0.327" /><testcase classname="backend.tests.test_iter75" name="test_content_about_admin_merge_persists" time="0.284" /><testcase classname="backend.tests.test_iter75" name="test_content_privacy_structure" time="0.146" /><testcase classname="backend.tests.test_iter75" name="test_content_refund_structure" time="0.131" /><testcase classname="backend.tests.test_iter75" name="test_messes_public_list_has_default" time="0.184" /><testcase classname="backend.tests.test_iter75" name="test_mess_detail_by_slug" time="0.158" /><testcase classname="backend.tests.test_iter75" name="test_admin_messes_list_requires_admin" time="0.219" /><testcase classname="backend.tests.test_iter75" name="test_admin_mess_crud_and_dup_slug" time="0.362" /><testcase classname="backend.tests.test_iter75" name="test_franchise_apply_public_creates_pending_review" time="0.226" /></testsuite></testsuites>