<?xml version="1.0" encoding="utf-8"?><testsuites name="pytest tests"><testsuite name="pytest" errors="0" failures="0" skipped="0" tests="5" time="1.300" timestamp="2026-05-19T08:01:05.467275+00:00" hostname="agent-env-ef63f8d2-661d-4471-956d-6b3ae3af9570"><testcase classname="backend.tests.test_iter43.TestGoogleVerify" name="test_invalid_credential_returns_401" time="0.213" /><testcase classname="backend.tests.test_iter43.TestGoogleVerify" name="test_missing_credential_returns_422" time="0.149" /><testcase classname="backend.tests.test_iter43.TestRestaurantTheme" name="test_get_theme_returns_200" time="0.101" /><testcase classname="backend.tests.test_iter43.TestRestaurantTheme" name="test_admin_put_pure_veg_color_fields" time="0.665" /><testcase classname="backend.tests.test_iter43.TestRestaurantTheme" name="test_admin_put_rejects_unauthenticated" time="0.109" /></testsuite></testsuites>