<?xml version="1.0" encoding="utf-8"?><testsuites name="pytest tests"><testsuite name="pytest" errors="0" failures="0" skipped="0" tests="9" time="1.859" timestamp="2026-06-08T07:53:35.301565+00:00" hostname="agent-env-ef63f8d2-661d-4471-956d-6b3ae3af9570"><testcase classname="backend.tests.test_iter76" name="test_franchise_apply_slug_sanitized" time="0.264" /><testcase classname="backend.tests.test_iter76" name="test_messes_nearby_returns_default_with_distance" time="0.113" /><testcase classname="backend.tests.test_iter76" name="test_messes_nearby_not_shadowed_by_slug_route" time="0.212" /><testcase classname="backend.tests.test_iter76" name="test_me_mess_get_set_validates" time="0.204" /><testcase classname="backend.tests.test_iter76" name="test_admin_mess_metrics_default_and_days" time="0.345" /><testcase classname="backend.tests.test_iter76" name="test_franchise_me_metrics_role_gating" time="0.179" /><testcase classname="backend.tests.test_iter76" name="test_admin_assign_owner_promotes_and_franchise_metrics_works" time="0.262" /><testcase classname="backend.tests.test_iter76" name="test_backfill_users_have_mess_id" time="0.006" /><testcase classname="backend.tests.test_iter76" name="test_iter75_regression_public_messes_and_franchise_apply" time="0.101" /></testsuite></testsuites>