<?xml version="1.0" encoding="utf-8"?><testsuites name="pytest tests"><testsuite name="pytest" errors="0" failures="0" skipped="0" tests="37" time="7.663" timestamp="2026-05-05T08:10:33.450065+00:00" hostname="agent-env-ef63f8d2-661d-4471-956d-6b3ae3af9570"><testcase classname="backend.tests.test_iter4.TestTheme" name="test_get_theme_defaults" time="0.161" /><testcase classname="backend.tests.test_iter4.TestTheme" name="test_admin_theme_update_subscriber_403" time="0.107" /><testcase classname="backend.tests.test_iter4.TestTheme" name="test_admin_theme_update_admin_ok" time="0.216" /><testcase classname="backend.tests.test_iter4.TestTheme" name="test_admin_theme_reset" time="0.210" /><testcase classname="backend.tests.test_iter4.TestTheme" name="test_admin_theme_reset_subscriber_403" time="0.102" /><testcase classname="backend.tests.test_iter4.TestWalletTransactions" name="test_requires_auth" time="0.106" /><testcase classname="backend.tests.test_iter4.TestWalletTransactions" name="test_empty_initial" time="0.103" /><testcase classname="backend.tests.test_iter4.TestWalletTransactions" name="test_credit_logged_on_payment_verify" time="0.342" /><testcase classname="backend.tests.test_iter4.TestWalletTransactions" name="test_debit_and_pause_logged_on_tick" time="0.426" /><testcase classname="backend.tests.test_iter4.TestAdminAutoPromote" name="test_otp_phone_creates_admin" time="0.211" /><testcase classname="backend.tests.test_iter4.TestAdminAutoPromote" name="test_existing_subscriber_promoted_on_otp_login" time="0.227" /><testcase classname="backend.tests.test_iter4.TestAdminAutoPromote" name="test_admin_email_promotion_via_create_or_get_user" time="0.254" /><testcase classname="backend.tests.test_iter4.TestRoleGating" name="test_admin_theme_requires_admin" time="0.101" /><testcase classname="backend.tests.test_iter4.TestRoleGating" name="test_wallet_txns_requires_auth" time="0.105" /><testcase classname="backend.tests.backend_test.TestRoot" name="test_root_rebrand" time="0.101" /><testcase classname="backend.tests.backend_test.TestPlans" name="test_plans_seeded" time="0.115" /><testcase classname="backend.tests.backend_test.TestOtp" name="test_send_otp_dev" time="0.104" /><testcase classname="backend.tests.backend_test.TestOtp" name="test_verify_otp_creates_user" time="0.198" /><testcase classname="backend.tests.backend_test.TestOtp" name="test_verify_otp_wrong" time="0.211" /><testcase classname="backend.tests.backend_test.TestOtp" name="test_verify_otp_too_many_attempts" time="0.711" /><testcase classname="backend.tests.backend_test.TestProfile" name="test_profile_update_ok" time="0.113" /><testcase classname="backend.tests.backend_test.TestProfile" name="test_profile_update_missing_field" time="0.102" /><testcase classname="backend.tests.backend_test.TestPayments" name="test_order_requires_complete_profile" time="0.146" /><testcase classname="backend.tests.backend_test.TestPayments" name="test_order_premium_mock" time="0.106" /><testcase classname="backend.tests.backend_test.TestPayments" name="test_order_invalid_plan" time="0.101" /><testcase classname="backend.tests.backend_test.TestPayments" name="test_verify_mock_creates_subscription" time="0.227" /><testcase classname="backend.tests.backend_test.TestWallet" name="test_my_wallet_no_sub" time="0.117" /><testcase classname="backend.tests.backend_test.TestWallet" name="test_my_subscription_inactive" time="0.130" /><testcase classname="backend.tests.backend_test.TestTick" name="test_inactivity_pauses_and_extends" time="0.324" /><testcase classname="backend.tests.backend_test.TestTick" name="test_recent_scan_causes_deduction" time="0.316" /><testcase classname="backend.tests.backend_test.TestAdminPlans" name="test_list_plans_subscriber_403" time="0.102" /><testcase classname="backend.tests.backend_test.TestAdminPlans" name="test_list_plans_admin" time="0.112" /><testcase classname="backend.tests.backend_test.TestAdminPlans" name="test_create_update_delete_plan" time="0.516" /><testcase classname="backend.tests.backend_test.TestAdminPlans" name="test_admin_stats_inr" time="0.128" /><testcase classname="backend.tests.backend_test.TestSelfScanHMAC" name="test_self_scan_works" time="0.403" /><testcase classname="backend.tests.backend_test.TestWebhook" name="test_webhook_no_event_received" time="0.128" /><testcase classname="backend.tests.backend_test.TestWebhook" name="test_webhook_payment_captured_idempotent" time="0.308" /></testsuite></testsuites>