<?xml version="1.0" encoding="utf-8"?><testsuites name="pytest tests"><testsuite name="pytest" errors="0" failures="0" skipped="0" tests="27" time="9.061" timestamp="2026-06-03T10:11:30.807365+00:00" hostname="agent-env-ef63f8d2-661d-4471-956d-6b3ae3af9570"><testcase classname="backend.tests.test_iter53" name="test_tiffin_stock_crud" time="0.338" /><testcase classname="backend.tests.test_iter53" name="test_tiffin_stock_unauth" time="0.121" /><testcase classname="backend.tests.test_iter53" name="test_cash_order_otp_verify_flow" time="0.321" /><testcase classname="backend.tests.test_iter53" name="test_partial_payment_50pct_min" time="0.471" /><testcase classname="backend.tests.test_iter53" name="test_partial_verify_creates_pending_balance" time="0.504" /><testcase classname="backend.tests.test_iter53" name="test_partial_clear_balance_flow" time="0.917" /><testcase classname="backend.tests.test_iter53" name="test_tiffin_pref_admin_image_routes_exist" time="0.162" /><testcase classname="backend.tests.test_iter53_extra" name="test_pending_cash_redacts_otp_and_enriches_customer" time="0.208" /><testcase classname="backend.tests.test_iter53_extra" name="test_subscriber_cannot_access_admin_stock_or_cash" time="0.379" /><testcase classname="backend.tests.test_iter53_extra" name="test_threshold_persists_and_low_stock_flag" time="0.220" /><testcase classname="backend.tests.test_iter53_extra" name="test_assign_staff_and_resend_otp" time="0.381" /><testcase classname="backend.tests.test_iter53_extra" name="test_pending_partials_admin_listing" time="0.753" /><testcase classname="backend.tests.test_iter53_extra" name="test_stock_floor_at_zero_via_adjust" time="0.170" /><testcase classname="backend.tests.test_iter54" name="test_partial_surcharge_200" time="0.530" /><testcase classname="backend.tests.test_iter54" name="test_multi_sub_block_same_plan" time="0.333" /><testcase classname="backend.tests.test_iter54" name="test_admin_delete_cash_entry" time="0.275" /><testcase classname="backend.tests.test_iter54" name="test_my_pending_cash_otp" time="0.210" /><testcase classname="backend.tests.test_iter54" name="test_geo_block_out_of_area" time="0.158" /><testcase classname="backend.tests.test_iter54" name="test_profile_validation_strict" time="0.256" /><testcase classname="backend.tests.test_iter54" name="test_cash_for_partial_clear" time="0.637" /><testcase classname="backend.tests.test_iter54" name="test_tiffin_pref_heading_cms" time="0.231" /><testcase classname="backend.tests.test_iter55" name="test_menu_image_upload_returns_data_url" time="0.113" /><testcase classname="backend.tests.test_iter55" name="test_kitchen_settings_admin_update_and_public_read" time="0.202" /><testcase classname="backend.tests.test_iter55" name="test_cash_totals_and_pending_deposit" time="0.164" /><testcase classname="backend.tests.test_iter55" name="test_mark_deposited_role_gate" time="0.106" /><testcase classname="backend.tests.test_iter55" name="test_mix_payment_creates_two_orders" time="0.560" /><testcase classname="backend.tests.test_iter55" name="test_mix_payment_rejects_mismatch_sum" time="0.170" /></testsuite></testsuites>