<?xml version="1.0" encoding="utf-8"?><testsuites name="pytest tests"><testsuite name="pytest" errors="0" failures="1" skipped="0" tests="46" time="10.313" timestamp="2026-05-05T09:21:07.292596+00:00" hostname="agent-env-ef63f8d2-661d-4471-956d-6b3ae3af9570"><testcase classname="backend.tests.test_iter5.TestPublicContent" name="test_footer" time="0.270" /><testcase classname="backend.tests.test_iter5.TestPublicContent" name="test_privacy" time="0.109" /><testcase classname="backend.tests.test_iter5.TestPublicContent" name="test_refund" time="0.149" /><testcase classname="backend.tests.test_iter5.TestPublicContent" name="test_contact" time="0.145" /><testcase classname="backend.tests.test_iter5.TestPublicContent" name="test_landing" time="0.140" /><testcase classname="backend.tests.test_iter5.TestPublicContent" name="test_unknown_key_404" time="0.136" /><testcase classname="backend.tests.test_iter5.TestAdminContent" name="test_update_requires_admin_and_persists" time="0.508" /><testcase classname="backend.tests.test_iter5.TestThemeDefaults" name="test_theme_new_defaults" time="0.167" /><testcase classname="backend.tests.test_iter5.TestThemeDefaults" name="test_theme_reset_returns_new_defaults" time="0.154" /><testcase classname="backend.tests.backend_test.TestRoot" name="test_root_rebrand" time="0.146" /><testcase classname="backend.tests.backend_test.TestPlans" name="test_plans_seeded" time="0.104" /><testcase classname="backend.tests.backend_test.TestOtp" name="test_send_otp_dev" time="0.125" /><testcase classname="backend.tests.backend_test.TestOtp" name="test_verify_otp_creates_user" time="0.246" /><testcase classname="backend.tests.backend_test.TestOtp" name="test_verify_otp_wrong" time="0.235" /><testcase classname="backend.tests.backend_test.TestOtp" name="test_verify_otp_too_many_attempts" time="0.818" /><testcase classname="backend.tests.backend_test.TestProfile" name="test_profile_update_ok" time="0.118" /><testcase classname="backend.tests.backend_test.TestProfile" name="test_profile_update_missing_field" time="0.115" /><testcase classname="backend.tests.backend_test.TestPayments" name="test_order_requires_complete_profile" time="0.130" /><testcase classname="backend.tests.backend_test.TestPayments" name="test_order_premium_mock" time="0.119" /><testcase classname="backend.tests.backend_test.TestPayments" name="test_order_invalid_plan" time="0.107" /><testcase classname="backend.tests.backend_test.TestPayments" name="test_verify_mock_creates_subscription" time="0.246" /><testcase classname="backend.tests.backend_test.TestWallet" name="test_my_wallet_no_sub" time="0.119" /><testcase classname="backend.tests.backend_test.TestWallet" name="test_my_subscription_inactive" time="0.118" /><testcase classname="backend.tests.backend_test.TestTick" name="test_inactivity_pauses_and_extends" time="0.351" /><testcase classname="backend.tests.backend_test.TestTick" name="test_recent_scan_causes_deduction" time="0.426" /><testcase classname="backend.tests.backend_test.TestAdminPlans" name="test_list_plans_subscriber_403" time="0.144" /><testcase classname="backend.tests.backend_test.TestAdminPlans" name="test_list_plans_admin" time="0.116" /><testcase classname="backend.tests.backend_test.TestAdminPlans" name="test_create_update_delete_plan" time="0.572" /><testcase classname="backend.tests.backend_test.TestAdminPlans" name="test_admin_stats_inr" time="0.124" /><testcase classname="backend.tests.backend_test.TestSelfScanHMAC" name="test_self_scan_works" time="0.455" /><testcase classname="backend.tests.backend_test.TestWebhook" name="test_webhook_no_event_received" time="0.103" /><testcase classname="backend.tests.backend_test.TestWebhook" name="test_webhook_payment_captured_idempotent" time="0.345" /><testcase classname="backend.tests.test_iter4.TestTheme" name="test_get_theme_defaults" time="0.143" /><testcase classname="backend.tests.test_iter4.TestTheme" name="test_admin_theme_update_subscriber_403" time="0.125" /><testcase classname="backend.tests.test_iter4.TestTheme" name="test_admin_theme_update_admin_ok" time="0.222" /><testcase classname="backend.tests.test_iter4.TestTheme" name="test_admin_theme_reset" time="0.222"><failure message="AssertionError: assert '142 50% 35%' == '142 45% 38%'&#10;  &#10;  - 142 45% 38%&#10;  + 142 50% 35%">backend/tests/test_iter4.py:126: in test_admin_theme_reset
    assert d["tokens"]["primary"] == "142 45% 38%"
E   AssertionError: assert '142 50% 35%' == '142 45% 38%'
E     
E     - 142 45% 38%
E     + 142 50% 35%</failure></testcase><testcase classname="backend.tests.test_iter4.TestTheme" name="test_admin_theme_reset_subscriber_403" time="0.105" /><testcase classname="backend.tests.test_iter4.TestWalletTransactions" name="test_requires_auth" time="0.101" /><testcase classname="backend.tests.test_iter4.TestWalletTransactions" name="test_empty_initial" time="0.105" /><testcase classname="backend.tests.test_iter4.TestWalletTransactions" name="test_credit_logged_on_payment_verify" time="0.336" /><testcase classname="backend.tests.test_iter4.TestWalletTransactions" name="test_debit_and_pause_logged_on_tick" time="0.467" /><testcase classname="backend.tests.test_iter4.TestAdminAutoPromote" name="test_otp_phone_creates_admin" time="0.221" /><testcase classname="backend.tests.test_iter4.TestAdminAutoPromote" name="test_existing_subscriber_promoted_on_otp_login" time="0.222" /><testcase classname="backend.tests.test_iter4.TestAdminAutoPromote" name="test_admin_email_promotion_via_create_or_get_user" time="0.343" /><testcase classname="backend.tests.test_iter4.TestRoleGating" name="test_admin_theme_requires_admin" time="0.103" /><testcase classname="backend.tests.test_iter4.TestRoleGating" name="test_wallet_txns_requires_auth" time="0.115" /></testsuite></testsuites>