<?xml version="1.0" encoding="utf-8"?><testsuites name="pytest tests"><testsuite name="pytest" errors="0" failures="0" skipped="0" tests="11" time="3.608" timestamp="2026-05-11T14:29:33.215634+00:00" hostname="agent-env-ef63f8d2-661d-4471-956d-6b3ae3af9570"><testcase classname="backend.tests.test_iter37_categories" name="test_public_categories_returns_list" time="0.335" /><testcase classname="backend.tests.test_iter37_categories" name="test_admin_categories_requires_auth" time="0.161" /><testcase classname="backend.tests.test_iter37_categories" name="test_admin_categories_forbidden_for_non_admin" time="0.680" /><testcase classname="backend.tests.test_iter37_categories" name="test_admin_categories_get_ok" time="0.655" /><testcase classname="backend.tests.test_iter37_categories" name="test_admin_put_categories_rejects_empty" time="0.137" /><testcase classname="backend.tests.test_iter37_categories" name="test_admin_put_categories_rejects_duplicate" time="0.143" /><testcase classname="backend.tests.test_iter37_categories" name="test_admin_put_categories_rejects_too_long" time="0.136" /><testcase classname="backend.tests.test_iter37_categories" name="test_rename_propagation_to_menu_items" time="0.680" /><testcase classname="backend.tests.test_iter37_categories" name="test_public_menu_still_works" time="0.128" /><testcase classname="backend.tests.test_iter37_categories" name="test_public_theme_still_works" time="0.224" /><testcase classname="backend.tests.test_iter37_categories" name="test_admin_menu_put_still_works" time="0.258" /></testsuite></testsuites>