<?xml version="1.0" encoding="utf-8"?><testsuites name="pytest tests"><testsuite name="pytest" errors="0" failures="0" skipped="0" tests="40" time="0.327" timestamp="2026-06-19T12:20:34.528862+00:00" hostname="agent-env-ef63f8d2-661d-4471-956d-6b3ae3af9570"><testcase classname="backend.tests.test_iter99_profile_and_negative_extend.TestProfileOriginalFailingPayload" name="test_rushikesh_payload_now_succeeds" time="0.012" /><testcase classname="backend.tests.test_iter99_profile_and_negative_extend.TestNameRegexAccepts" name="test_accept[Rohan 23]" time="0.005" /><testcase classname="backend.tests.test_iter99_profile_and_negative_extend.TestNameRegexAccepts" name="test_accept[\u0930\u093e\u0939\u0941\u0932]" time="0.004" /><testcase classname="backend.tests.test_iter99_profile_and_negative_extend.TestNameRegexAccepts" name="test_accept[\u0905\u092e\u093f\u0924]" time="0.004" /><testcase classname="backend.tests.test_iter99_profile_and_negative_extend.TestNameRegexAccepts" name="test_accept[\u0928\u092e\u0938\u094d\u0924\u0947]" time="0.004" /><testcase classname="backend.tests.test_iter99_profile_and_negative_extend.TestNameRegexAccepts" name="test_accept[\u0985\u09ae\u09bf\u09a4]" time="0.004" /><testcase classname="backend.tests.test_iter99_profile_and_negative_extend.TestNameRegexAccepts" name="test_accept[\u0b85\u0bae\u0bbf\u0ba4\u0bcd]" time="0.004" /><testcase classname="backend.tests.test_iter99_profile_and_negative_extend.TestNameRegexAccepts" name="test_accept[\u0a85\u0aae\u0abf\u0aa4]" time="0.004" /><testcase classname="backend.tests.test_iter99_profile_and_negative_extend.TestNameRegexAccepts" name="test_accept[\u0a05\u0a2e\u0a3f\u0a24]" time="0.004" /><testcase classname="backend.tests.test_iter99_profile_and_negative_extend.TestNameRegexAccepts" name="test_accept[\u0c05\u0c2e\u0c3f\u0c24\u0c4d]" time="0.004" /><testcase classname="backend.tests.test_iter99_profile_and_negative_extend.TestNameRegexAccepts" name="test_accept[\u0c85\u0cae\u0cbf\u0ca4\u0ccd]" time="0.004" /><testcase classname="backend.tests.test_iter99_profile_and_negative_extend.TestNameRegexAccepts" name="test_accept[\u0d05\u0d2e\u0d3f\u0d24\u0d4d]" time="0.004" /><testcase classname="backend.tests.test_iter99_profile_and_negative_extend.TestNameRegexAccepts" name="test_accept[Mary-Anne O'Brien]" time="0.004" /><testcase classname="backend.tests.test_iter99_profile_and_negative_extend.TestNameRegexAccepts" name="test_accept[Dr. A.P.J. Kalam]" time="0.004" /><testcase classname="backend.tests.test_iter99_profile_and_negative_extend.TestNameRegexAccepts" name="test_accept[AB]" time="0.004" /><testcase classname="backend.tests.test_iter99_profile_and_negative_extend.TestNameRegexAccepts" name="test_accept[XXXXXXXXXXXXXXXXXXXXXXXXXXXXXXXXXXXXXXXXXXXXXXXXXXXXXXXXXXXXXXXXXXXXXXXXXXXXXXXX]" time="0.004" /><testcase classname="backend.tests.test_iter99_profile_and_negative_extend.TestNameRegexRejects" name="test_reject[-required]" time="0.003" /><testcase classname="backend.tests.test_iter99_profile_and_negative_extend.TestNameRegexRejects" name="test_reject[A-invalid]" time="0.003" /><testcase classname="backend.tests.test_iter99_profile_and_negative_extend.TestNameRegexRejects" name="test_reject[XXXXXXXXXXXXXXXXXXXXXXXXXXXXXXXXXXXXXXXXXXXXXXXXXXXXXXXXXXXXXXXXXXXXXXXXXXXXXXXXX-invalid]" time="0.003" /><testcase classname="backend.tests.test_iter99_profile_and_negative_extend.TestAddressMinLength" name="test_address_9_chars_rejected" time="0.003" /><testcase classname="backend.tests.test_iter99_profile_and_negative_extend.TestAddressMinLength" name="test_address_18_chars_ok" time="0.004" /><testcase classname="backend.tests.test_iter99_profile_and_negative_extend.TestPhoneValidationUnchanged" name="test_phone_reject[1234567890]" time="0.003" /><testcase classname="backend.tests.test_iter99_profile_and_negative_extend.TestPhoneValidationUnchanged" name="test_phone_reject[5421372391]" time="0.003" /><testcase classname="backend.tests.test_iter99_profile_and_negative_extend.TestPhoneValidationUnchanged" name="test_phone_reject[842137239]" time="0.003" /><testcase classname="backend.tests.test_iter99_profile_and_negative_extend.TestPhoneValidationUnchanged" name="test_phone_reject[84213723910]" time="0.003" /><testcase classname="backend.tests.test_iter99_profile_and_negative_extend.TestPhoneValidationUnchanged" name="test_phone_reject[abcdefghij]" time="0.003" /><testcase classname="backend.tests.test_iter99_profile_and_negative_extend.TestPhoneValidationUnchanged" name="test_phone_accept[6421372391]" time="0.004" /><testcase classname="backend.tests.test_iter99_profile_and_negative_extend.TestPhoneValidationUnchanged" name="test_phone_accept[7421372391]" time="0.004" /><testcase classname="backend.tests.test_iter99_profile_and_negative_extend.TestPhoneValidationUnchanged" name="test_phone_accept[8421372391]" time="0.004" /><testcase classname="backend.tests.test_iter99_profile_and_negative_extend.TestPhoneValidationUnchanged" name="test_phone_accept[9421372391]" time="0.004" /><testcase classname="backend.tests.test_iter99_profile_and_negative_extend.TestNegativeExtendDays" name="test_negative_5_pulls_back_5_days" time="0.008" /><testcase classname="backend.tests.test_iter99_profile_and_negative_extend.TestNegativeExtendDays" name="test_huge_negative_clamps_to_start_date" time="0.006" /><testcase classname="backend.tests.test_iter99_profile_and_negative_extend.TestNegativeExtendDays" name="test_audit_records_signed_extend_days" time="0.005" /><testcase classname="backend.tests.test_iter99_profile_and_negative_extend.TestNegativeExtendDays" name="test_positive_extend_still_works" time="0.005" /><testcase classname="backend.tests.test_iter99_profile_and_negative_extend.TestExtendDaysCap" name="test_extend_days_5000_rejected" time="0.003" /><testcase classname="backend.tests.test_iter99_profile_and_negative_extend.TestExtendDaysCap" name="test_extend_days_neg_5000_rejected" time="0.003" /><testcase classname="backend.tests.test_iter99_profile_and_negative_extend.TestExtendDaysCap" name="test_extend_days_3650_boundary_ok" time="0.006" /><testcase classname="backend.tests.test_iter99_profile_and_negative_extend.TestExtendDaysCap" name="test_extend_days_neg_3650_boundary_ok" time="0.006" /><testcase classname="backend.tests.test_iter99_profile_and_negative_extend.TestIter98Regression" name="test_meals_delta_deduct" time="0.006" /><testcase classname="backend.tests.test_iter99_profile_and_negative_extend.TestIter98Regression" name="test_meals_delta_restore" time="0.008" /></testsuite></testsuites>