<?xml version="1.0" encoding="utf-8"?><testsuites name="pytest tests"><testsuite name="pytest" errors="0" failures="4" skipped="0" tests="114" time="111.426" timestamp="2026-05-09T20:51:04.955620+00:00" hostname="agent-env-ef63f8d2-661d-4471-956d-6b3ae3af9570"><testcase classname="tests.test_iter12.TestTestimonialsPublic" name="test_public_get_no_auth" time="0.154" /><testcase classname="tests.test_iter12.TestTestimonialsPublic" name="test_public_does_not_show_hidden" time="0.623" /><testcase classname="tests.test_iter12.TestTestimonialsAdminAuth" name="test_no_auth_returns_401_or_403" time="0.103" /><testcase classname="tests.test_iter12.TestTestimonialsAdminAuth" name="test_subscriber_role_forbidden" time="0.362" /><testcase classname="tests.test_iter12.TestTestimonialsAdminAuth" name="test_admin_get_all_includes_hidden" time="0.108" /><testcase classname="tests.test_iter12.TestTestimonialsCRUD" name="test_put_clamping_and_trimming" time="0.334" /><testcase classname="tests.test_iter12.TestTestimonialsCRUD" name="test_reset_restores_defaults" time="0.214" /><testcase classname="tests.test_iter12.TestExpiryReminders" name="test_admin_only" time="0.111" /><testcase classname="tests.test_iter12.TestExpiryReminders" name="test_no_auth" time="0.117" /><testcase classname="tests.test_iter12.TestExpiryReminders" name="test_run_with_seeded_subs_and_idempotent" time="0.245" /><testcase classname="tests.test_iter13" name="test_send_otp_per_phone_limit" time="0.464" /><testcase classname="tests.test_iter13" name="test_send_otp_invalid_phone_returns_400_not_429" time="0.547" /><testcase classname="tests.test_iter13" name="test_rate_limit_collection_has_ttl_index" time="0.111" /><testcase classname="tests.test_iter13" name="test_razorpay_status_unauth_returns_401" time="0.110" /><testcase classname="tests.test_iter13" name="test_razorpay_status_admin_returns_diagnostic" time="0.355" /><testcase classname="tests.test_iter14" name="test_auth_send_otp_route_still_at_original_path" time="0.120" /><testcase classname="tests.test_iter14" name="test_auth_me_unauth_returns_401" time="0.113" /><testcase classname="tests.test_iter14" name="test_payments_custom_preview_route_still_works" time="0.101" /><testcase classname="tests.test_iter14" name="test_payments_order_unauth_returns_401" time="0.112" /><testcase classname="tests.test_iter14" name="test_webhook_logs_event_when_no_secret" time="0.117" /><testcase classname="tests.test_iter14" name="test_webhook_admin_events_listing_shape" time="0.213" /><testcase classname="tests.test_iter14" name="test_webhook_admin_events_unauth_returns_401" time="0.106" /><testcase classname="tests.test_iter15" name="test_public_menu_returns_15_defaults_and_fee_fields" time="0.125"><failure message="assert 50 == 30">E   assert 50 == 30</failure></testcase><testcase classname="tests.test_iter15" name="test_public_menu_no_auth_required" time="0.105" /><testcase classname="tests.test_iter15" name="test_admin_menu_unauth_401" time="0.130" /><testcase classname="tests.test_iter15" name="test_admin_menu_non_admin_403" time="0.126" /><testcase classname="tests.test_iter15" name="test_admin_menu_save_negative_price_400" time="0.102" /><testcase classname="tests.test_iter15" name="test_admin_menu_save_duplicate_id_400" time="0.119" /><testcase classname="tests.test_iter15" name="test_admin_menu_strips_useless_discount" time="0.222" /><testcase classname="tests.test_iter15" name="test_admin_menu_reset_restores_15" time="0.110" /><testcase classname="tests.test_iter15" name="test_admin_menu_add_new_item_auto_id" time="0.359" /><testcase classname="tests.test_iter15" name="test_create_order_unauth_401" time="0.106" /><testcase classname="tests.test_iter15" name="test_create_order_empty_cart_400" time="0.123" /><testcase classname="tests.test_iter15" name="test_create_order_invalid_item_400" time="0.105" /><testcase classname="tests.test_iter15" name="test_create_order_under_400_charges_30_flat" time="0.362"><failure message="assert 50.0 == 30.0">E   assert 50.0 == 30.0</failure></testcase><testcase classname="tests.test_iter15" name="test_create_order_over_400_free_delivery_then_verify" time="0.449" /><testcase classname="tests.test_iter15" name="test_my_orders_returns_history" time="0.103" /><testcase classname="tests.test_iter15" name="test_admin_orders_admin_only" time="0.217" /><testcase classname="tests.test_iter15" name="test_verify_other_user_order_403" time="0.492" /><testcase classname="tests.test_iter15" name="test_cylinder_default_present" time="0.115" /><testcase classname="tests.test_iter15" name="test_staff_can_edit_raw_materials_with_custom_item" time="0.625" /><testcase classname="tests.test_iter15" name="test_subscriber_cannot_edit_raw_materials_403" time="0.117" /><testcase classname="tests.test_iter16" name="test_orders_unauth_401" time="0.120" /><testcase classname="tests.test_iter16" name="test_orders_empty_for_fresh_user" time="0.104" /><testcase classname="tests.test_iter16" name="test_place_verify_then_history_lists_order" time="0.572" /><testcase classname="tests.test_iter16" name="test_history_orders_user_isolation" time="0.105" /><testcase classname="tests.test_iter16" name="test_menu_ids_intersect_with_order_items_for_reorder" time="0.583" /><testcase classname="tests.test_iter16" name="test_track_endpoint_returns_items_for_reorder" time="0.584" /><testcase classname="tests.test_iter16" name="test_history_limit_capped" time="0.110" /><testcase classname="tests.test_iter17" name="test_cancel_unauth_401" time="0.109" /><testcase classname="tests.test_iter17" name="test_cancel_not_found_404" time="0.108" /><testcase classname="tests.test_iter17" name="test_cancel_other_users_order_403" time="0.597" /><testcase classname="tests.test_iter17" name="test_cancel_blocked_when_not_paid[preparing]" time="0.590" /><testcase classname="tests.test_iter17" name="test_cancel_blocked_when_not_paid[delivered]" time="0.583" /><testcase classname="tests.test_iter17" name="test_cancel_blocked_when_not_paid[cancelled]" time="0.579" /><testcase classname="tests.test_iter17" name="test_cancel_blocked_when_not_paid[out_for_delivery]" time="0.574" /><testcase classname="tests.test_iter17" name="test_cancel_happy_path_credits_wallet" time="0.708" /><testcase classname="tests.test_iter17" name="test_cancel_twice_idempotent_400" time="20.393"><failure message="requests.exceptions.ConnectTimeout: HTTPSConnectionPool(host='dining-pass-scan.preview.emergentagent.com', port=443): Max retries exceeded with url: /api/restaurant/verify (Caused by ConnectTimeoutError(&lt;HTTPSConnection(host='dining-pass-scan.preview.emergentagent.com', port=443) at 0xfacdc81fe390&gt;, 'Connection to dining-pass-scan.preview.emergentagent.com timed out. (connect timeout=10)'))">E   TimeoutError: timed out

The above exception was the direct cause of the following exception:
E   urllib3.exceptions.ConnectTimeoutError: (&lt;HTTPSConnection(host='dining-pass-scan.preview.emergentagent.com', port=443) at 0xfacdc81fe390&gt;, 'Connection to dining-pass-scan.preview.emergentagent.com timed out. (connect timeout=10)')

The above exception was the direct cause of the following exception:
E   urllib3.exceptions.MaxRetryError: HTTPSConnectionPool(host='dining-pass-scan.preview.emergentagent.com', port=443): Max retries exceeded with url: /api/restaurant/verify (Caused by ConnectTimeoutError(&lt;HTTPSConnection(host='dining-pass-scan.preview.emergentagent.com', port=443) at 0xfacdc81fe390&gt;, 'Connection to dining-pass-scan.preview.emergentagent.com timed out. (connect timeout=10)'))

During handling of the above exception, another exception occurred:
E   requests.exceptions.ConnectTimeout: HTTPSConnectionPool(host='dining-pass-scan.preview.emergentagent.com', port=443): Max retries exceeded with url: /api/restaurant/verify (Caused by ConnectTimeoutError(&lt;HTTPSConnection(host='dining-pass-scan.preview.emergentagent.com', port=443) at 0xfacdc81fe390&gt;, 'Connection to dining-pass-scan.preview.emergentagent.com timed out. (connect timeout=10)'))</failure></testcase><testcase classname="tests.test_iter17" name="test_regression_orders_list" time="12.230" /><testcase classname="tests.test_iter17" name="test_regression_track_endpoint" time="20.388"><failure message="requests.exceptions.ConnectTimeout: HTTPSConnectionPool(host='dining-pass-scan.preview.emergentagent.com', port=443): Max retries exceeded with url: /api/restaurant/verify (Caused by ConnectTimeoutError(&lt;HTTPSConnection(host='dining-pass-scan.preview.emergentagent.com', port=443) at 0xfacdc81485d0&gt;, 'Connection to dining-pass-scan.preview.emergentagent.com timed out. (connect timeout=10)'))">E   TimeoutError: timed out

The above exception was the direct cause of the following exception:
E   urllib3.exceptions.ConnectTimeoutError: (&lt;HTTPSConnection(host='dining-pass-scan.preview.emergentagent.com', port=443) at 0xfacdc81485d0&gt;, 'Connection to dining-pass-scan.preview.emergentagent.com timed out. (connect timeout=10)')

The above exception was the direct cause of the following exception:
E   urllib3.exceptions.MaxRetryError: HTTPSConnectionPool(host='dining-pass-scan.preview.emergentagent.com', port=443): Max retries exceeded with url: /api/restaurant/verify (Caused by ConnectTimeoutError(&lt;HTTPSConnection(host='dining-pass-scan.preview.emergentagent.com', port=443) at 0xfacdc81485d0&gt;, 'Connection to dining-pass-scan.preview.emergentagent.com timed out. (connect timeout=10)'))

During handling of the above exception, another exception occurred:
E   requests.exceptions.ConnectTimeout: HTTPSConnectionPool(host='dining-pass-scan.preview.emergentagent.com', port=443): Max retries exceeded with url: /api/restaurant/verify (Caused by ConnectTimeoutError(&lt;HTTPSConnection(host='dining-pass-scan.preview.emergentagent.com', port=443) at 0xfacdc81485d0&gt;, 'Connection to dining-pass-scan.preview.emergentagent.com timed out. (connect timeout=10)'))</failure></testcase><testcase classname="tests.test_iter17" name="test_regression_menu_still_serves" time="1.279" /><testcase classname="tests.test_iter21.TestRiderDashboardEndpoints" name="test_rider_me_returns_200" time="0.180" /><testcase classname="tests.test_iter21.TestRiderDashboardEndpoints" name="test_rider_active_orders_returns_200" time="0.142" /><testcase classname="tests.test_iter21.TestRiderDashboardEndpoints" name="test_rider_earnings_returns_200" time="0.123" /><testcase classname="tests.test_iter21.TestRiderDashboardEndpoints" name="test_rider_endpoints_403_for_non_rider" time="7.297" /><testcase classname="tests.test_iter21.TestRiderDashboardEndpoints" name="test_rider_endpoints_401_unauth" time="0.127" /><testcase classname="tests.test_iter21.TestTrackEndpointCustomerLatLng" name="test_track_returns_customer_lat_lng_from_user_profile" time="0.109" /><testcase classname="tests.test_iter21.TestTrackEndpointCustomerLatLng" name="test_track_403_for_other_user" time="0.149" /><testcase classname="tests.test_iter21.TestRiderOTPDeliveryFlow" name="test_full_delivery_otp_flow" time="0.473" /><testcase classname="tests.test_iter21.TestCreateOrGetUserSelfHeal" name="test_user_doc_has_required_fields" time="0.002" /><testcase classname="tests.test_iter22.TestCheckoutWallet" name="test_apply_wallet_reduces_payable" time="0.354" /><testcase classname="tests.test_iter22.TestCheckoutWallet" name="test_apply_wallet_false_default" time="0.376" /><testcase classname="tests.test_iter22.TestCheckoutWallet" name="test_full_wallet_payment_then_verify_deducts" time="0.248" /><testcase classname="tests.test_iter22.TestProfileAutoSave" name="test_order_writes_name_phone_address_to_user_doc" time="0.511" /><testcase classname="tests.test_iter22.TestRiderApplyFlow" name="test_apply_then_duplicate_then_approve_promotes" time="21.013" /><testcase classname="tests.test_iter22.TestRiderApplyFlow" name="test_reject_keeps_role" time="0.221" /><testcase classname="tests.test_iter22.TestAdminRoleByPhoneOrEmail" name="test_set_role_by_phone_only" time="0.108" /><testcase classname="tests.test_iter22.TestAdminRoleByPhoneOrEmail" name="test_set_role_by_email_only" time="0.115" /><testcase classname="tests.test_iter22.TestAdminRoleByPhoneOrEmail" name="test_set_role_missing_both_400" time="0.113" /><testcase classname="tests.test_iter22.TestAdminRoleByPhoneOrEmail" name="test_set_role_unknown_user_404" time="0.122" /><testcase classname="tests.test_iter22.TestMultiOrderList" name="test_two_in_flight_orders_listed" time="0.118" /><testcase classname="tests.test_iter23.TestLocationPersisted" name="test_post_order_saves_lat_lng_to_order_and_profile" time="0.594" /><testcase classname="tests.test_iter23.TestLocationPersisted" name="test_post_order_without_lat_falls_back_to_profile" time="0.359" /><testcase classname="tests.test_iter23.TestAdminLiveRestaurant" name="test_endpoint_returns_orders_and_riders_arrays" time="0.120" /><testcase classname="tests.test_iter23.TestAdminLiveRestaurant" name="test_endpoint_requires_admin" time="0.117" /><testcase classname="tests.test_iter24_prefs.TestPrefsDefaults" name="test_unauth_get_returns_401_or_403" time="0.113" /><testcase classname="tests.test_iter24_prefs.TestPrefsDefaults" name="test_unauth_post_returns_401_or_403" time="0.104" /><testcase classname="tests.test_iter24_prefs.TestPrefsDefaults" name="test_default_prefs_for_new_user" time="0.102" /><testcase classname="tests.test_iter24_prefs.TestPrefsPersistence" name="test_post_sound_false_persists" time="0.164" /><testcase classname="tests.test_iter24_prefs.TestPrefsPersistence" name="test_post_voice_false_only_updates_voice" time="0.282" /><testcase classname="tests.test_iter24_prefs.TestPrefsPersistence" name="test_idempotent_setting_same_value_twice" time="0.160" /><testcase classname="tests.test_iter24_prefs.TestPrefsPersistence" name="test_toggle_back_to_true" time="0.216" /><testcase classname="tests.test_iter24_prefs.TestPrefsPersistence" name="test_per_user_isolation" time="0.295" /><testcase classname="tests.test_iter25_theme_geo.TestRestaurantTheme" name="test_get_theme_public_no_auth" time="0.118" /><testcase classname="tests.test_iter25_theme_geo.TestRestaurantTheme" name="test_put_theme_requires_admin" time="0.481" /><testcase classname="tests.test_iter25_theme_geo.TestRestaurantTheme" name="test_put_theme_admin_persists" time="0.544" /><testcase classname="tests.test_iter25_theme_geo.TestOrderGeoPersistence" name="test_create_order_with_lat_lng_persists_on_order_and_user" time="0.717" /><testcase classname="tests.test_iter25_theme_geo.TestOrderGeoPersistence" name="test_user_profile_lat_lng_saved_on_first_checkout" time="0.112" /><testcase classname="tests.test_iter26_menu_geo" name="test_menu_returns_kitchen_coords_default_or_set" time="0.095" /><testcase classname="tests.test_iter26_menu_geo" name="test_menu_kitchen_coords_reflect_admin_setting" time="0.874" /><testcase classname="tests.test_iter27_app_cms.TestBottomNav" name="test_get_bottom_nav_public_default" time="0.459" /><testcase classname="tests.test_iter27_app_cms.TestBottomNav" name="test_put_bottom_nav_non_admin_403" time="0.348" /><testcase classname="tests.test_iter27_app_cms.TestBottomNav" name="test_put_bottom_nav_partial_role_update" time="0.443" /><testcase classname="tests.test_iter27_app_cms.TestBottomNav" name="test_put_bottom_nav_validation_too_many_items" time="0.100" /><testcase classname="tests.test_iter27_app_cms.TestBottomNav" name="test_put_bottom_nav_validation_zero_items" time="0.100" /><testcase classname="tests.test_iter27_app_cms.TestBottomNav" name="test_reset_bottom_nav" time="0.216" /><testcase classname="tests.test_iter27_app_cms.TestBottomNav" name="test_reset_bottom_nav_non_admin_403" time="0.111" /><testcase classname="tests.test_iter27_app_cms.TestNotifySound" name="test_get_notify_sound_default_empty_or_string" time="0.230" /><testcase classname="tests.test_iter27_app_cms.TestNotifySound" name="test_put_notify_sound_https_ok" time="0.217" /><testcase classname="tests.test_iter27_app_cms.TestNotifySound" name="test_put_notify_sound_data_audio_ok" time="0.124" /><testcase classname="tests.test_iter27_app_cms.TestNotifySound" name="test_put_notify_sound_invalid_prefix" time="0.453" /><testcase classname="tests.test_iter27_app_cms.TestNotifySound" name="test_put_notify_sound_non_admin_403" time="0.111" /><testcase classname="tests.test_iter27_app_cms.TestNotifySound" name="test_delete_notify_sound" time="0.374" /><testcase classname="tests.test_iter27_app_cms.TestDeliveryOtpGating" name="test_track_otp_gated_by_status" time="0.928" /></testsuite></testsuites>