<?xml version="1.0" encoding="utf-8"?><testsuites name="pytest tests"><testsuite name="pytest" errors="0" failures="0" skipped="0" tests="34" time="0.273" timestamp="2026-06-10T16:29:39.714789+00:00" hostname="agent-env-ef63f8d2-661d-4471-956d-6b3ae3af9570"><testcase classname="backend.tests.test_iter93_franchise_ops.TestFranchiseAccess200" name="test_fr_read_200[GET-/admin/raw-materials-None]" time="0.013" /><testcase classname="backend.tests.test_iter93_franchise_ops.TestFranchiseAccess200" name="test_fr_read_200[GET-/admin/tiffin-stock-None]" time="0.004" /><testcase classname="backend.tests.test_iter93_franchise_ops.TestFranchiseAccess200" name="test_fr_read_200[GET-/admin/payments/cash-totals-None]" time="0.004" /><testcase classname="backend.tests.test_iter93_franchise_ops.TestFranchiseAccess200" name="test_fr_read_200[GET-/admin/payments/cash-pending-deposit-None]" time="0.005" /><testcase classname="backend.tests.test_iter93_franchise_ops.TestFranchiseAccess200" name="test_fr_read_200[GET-/admin/kitchen-settings-None]" time="0.003" /><testcase classname="backend.tests.test_iter93_franchise_ops.TestFranchiseAccess200" name="test_fr_read_200[GET-/admin/kitchen/recent-None]" time="0.014" /><testcase classname="backend.tests.test_iter93_franchise_ops.TestFranchiseAccess200" name="test_fr_read_200[GET-/admin/refunds?status=pending-None]" time="0.003" /><testcase classname="backend.tests.test_iter93_franchise_ops.TestFranchiseAccess200" name="test_fr_read_200[GET-/admin/notifications/bank-deposit-None]" time="0.004" /><testcase classname="backend.tests.test_iter93_franchise_ops.TestFranchiseAccess200" name="test_fr_read_200[GET-/counter/qr?meal=lunch-None]" time="0.002" /><testcase classname="backend.tests.test_iter93_franchise_ops.TestFranchiseAccess200" name="test_fr_read_200[GET-/kitchen/close-out?date=2026-06-10-None]" time="0.003" /><testcase classname="backend.tests.test_iter93_franchise_ops.TestFranchiseAccess200" name="test_fr_kitchen_reconcile" time="0.003" /><testcase classname="backend.tests.test_iter93_franchise_ops.TestFranchiseAccess200" name="test_fr_mess_metrics" time="0.005" /><testcase classname="backend.tests.test_iter93_franchise_ops.TestFranchiseAccess200" name="test_fr_put_raw_materials" time="0.002" /><testcase classname="backend.tests.test_iter93_franchise_ops.TestFranchiseAccess200" name="test_fr_stock_topup" time="0.002" /><testcase classname="backend.tests.test_iter93_franchise_ops.TestFranchiseAccess200" name="test_fr_mark_deposited" time="0.002" /><testcase classname="backend.tests.test_iter93_franchise_ops.TestFranchiseAccess200" name="test_fr_put_kitchen_settings" time="0.003" /><testcase classname="backend.tests.test_iter93_franchise_ops.TestFranchiseAccess200" name="test_fr_kitchen_close_out_post" time="0.003" /><testcase classname="backend.tests.test_iter93_franchise_ops.TestFranchiseAccess200" name="test_fr_attendance_scan" time="0.002" /><testcase classname="backend.tests.test_iter93_franchise_ops.TestFranchiseAccess200" name="test_fr_mess_menu_cal_post" time="0.002" /><testcase classname="backend.tests.test_iter93_franchise_ops.TestFranchiseAccess200" name="test_fr_mess_menu_cal_delete" time="0.003" /><testcase classname="backend.tests.test_iter93_franchise_ops.TestSubscriber403" name="test_subscriber_blocked[GET-/admin/raw-materials]" time="0.002" /><testcase classname="backend.tests.test_iter93_franchise_ops.TestSubscriber403" name="test_subscriber_blocked[GET-/admin/tiffin-stock]" time="0.003" /><testcase classname="backend.tests.test_iter93_franchise_ops.TestSubscriber403" name="test_subscriber_blocked[GET-/admin/payments/cash-totals]" time="0.003" /><testcase classname="backend.tests.test_iter93_franchise_ops.TestSubscriber403" name="test_subscriber_blocked[GET-/admin/kitchen-settings]" time="0.003" /><testcase classname="backend.tests.test_iter93_franchise_ops.TestSubscriber403" name="test_subscriber_blocked[GET-/admin/kitchen/recent]" time="0.003" /><testcase classname="backend.tests.test_iter93_franchise_ops.TestSubscriber403" name="test_subscriber_blocked[GET-/admin/notifications/bank-deposit]" time="0.003" /><testcase classname="backend.tests.test_iter93_franchise_ops.TestSubscriber403" name="test_subscriber_blocked[GET-/admin/refunds?status=pending]" time="0.003" /><testcase classname="backend.tests.test_iter93_franchise_ops.TestAdmin200" name="test_admin_ok[GET-/admin/raw-materials]" time="0.003" /><testcase classname="backend.tests.test_iter93_franchise_ops.TestAdmin200" name="test_admin_ok[GET-/admin/tiffin-stock]" time="0.004" /><testcase classname="backend.tests.test_iter93_franchise_ops.TestAdmin200" name="test_admin_ok[GET-/admin/payments/cash-totals]" time="0.004" /><testcase classname="backend.tests.test_iter93_franchise_ops.TestAdmin200" name="test_admin_ok[GET-/admin/kitchen-settings]" time="0.003" /><testcase classname="backend.tests.test_iter93_franchise_ops.TestAdmin200" name="test_admin_ok[GET-/admin/kitchen/recent]" time="0.014" /><testcase classname="backend.tests.test_iter93_franchise_ops.TestAdmin200" name="test_admin_ok[GET-/admin/notifications/bank-deposit]" time="0.004" /><testcase classname="backend.tests.test_iter93_franchise_ops.TestAdmin200" name="test_admin_ok[GET-/admin/refunds?status=pending]" time="0.005" /></testsuite></testsuites>