<?xml version="1.0" encoding="utf-8"?><testsuites name="pytest tests"><testsuite name="pytest" errors="0" failures="0" skipped="0" tests="10" time="3.876" timestamp="2026-06-06T11:05:30.590703+00:00" hostname="agent-env-ef63f8d2-661d-4471-956d-6b3ae3af9570"><testcase classname="backend.tests.test_iter73" name="test_mess_order_cash_dining_no_razorpay" time="1.934" /><testcase classname="backend.tests.test_iter73" name="test_mess_order_online_dining_live_razorpay_checkout" time="0.431" /><testcase classname="backend.tests.test_iter73" name="test_mess_order_delivery_phone_validation" time="0.270" /><testcase classname="backend.tests.test_iter73" name="test_mess_order_partial_rejected" time="0.117" /><testcase classname="backend.tests.test_iter73" name="test_kiosk_rejects_delivery" time="0.109" /><testcase classname="backend.tests.test_iter73" name="test_kiosk_online_upi_qr" time="0.117" /><testcase classname="backend.tests.test_iter73" name="test_kiosk_mixed_payment_balance" time="0.223" /><testcase classname="backend.tests.test_iter73" name="test_kiosk_confirm_online_settles" time="0.164" /><testcase classname="backend.tests.test_iter73" name="test_kiosk_confirm_mixed_requires_both" time="0.256" /><testcase classname="backend.tests.test_iter73" name="test_content_footer_contract" time="0.101" /></testsuite></testsuites>