<?xml version="1.0" encoding="utf-8"?><testsuites name="pytest tests"><testsuite name="pytest" errors="0" failures="0" skipped="0" tests="15" time="1.546" timestamp="2026-06-10T05:59:11.826853+00:00" hostname="agent-env-ef63f8d2-661d-4471-956d-6b3ae3af9570"><testcase classname="backend.tests.test_iter86_pnl_perbranch.TestPerMessTiffinStock" name="test_franchise_get_scoped_to_branch" time="0.412" /><testcase classname="backend.tests.test_iter86_pnl_perbranch.TestPerMessTiffinStock" name="test_franchise_topup_writes_to_branch_doc" time="0.111" /><testcase classname="backend.tests.test_iter86_pnl_perbranch.TestPerMessTiffinStock" name="test_admin_topup_writes_to_legacy_active" time="0.146" /><testcase classname="backend.tests.test_iter86_pnl_perbranch.TestPerMessTiffinStock" name="test_admin_can_peek_branch_via_mess_id" time="0.058" /><testcase classname="backend.tests.test_iter86_pnl_perbranch.TestPerMessTiffinStock" name="test_movements_include_mess_id_field" time="0.001" /><testcase classname="backend.tests.test_iter86_pnl_perbranch.TestPerBranchHoursAdmin" name="test_admin_post_with_mess_id_writes_to_branch_key" time="0.055" /><testcase classname="backend.tests.test_iter86_pnl_perbranch.TestPerBranchHoursAdmin" name="test_admin_get_with_mess_id_returns_branch_scope" time="0.053" /><testcase classname="backend.tests.test_iter86_pnl_perbranch.TestKioskGetUnlock" name="test_get_bt_config_franchise" time="0.051" /><testcase classname="backend.tests.test_iter86_pnl_perbranch.TestKioskGetUnlock" name="test_get_qr_provider_franchise" time="0.052" /><testcase classname="backend.tests.test_iter86_pnl_perbranch.TestBranchPnl" name="test_franchise_pnl_branch_scope" time="0.052" /><testcase classname="backend.tests.test_iter86_pnl_perbranch.TestBranchPnl" name="test_admin_pnl_global_scope" time="0.048" /><testcase classname="backend.tests.test_iter86_pnl_perbranch.TestBranchPnl" name="test_admin_pnl_peek_branch" time="0.051" /><testcase classname="backend.tests.test_iter86_pnl_perbranch.TestBranchPnl" name="test_pnl_config_defaults" time="0.053" /><testcase classname="backend.tests.test_iter86_pnl_perbranch.TestBranchPnl" name="test_pnl_config_post_persists" time="0.103" /><testcase classname="backend.tests.test_iter86_pnl_perbranch.TestBranchPnl" name="test_pct_target_hit_computation" time="0.107" /></testsuite></testsuites>