<?xml version="1.0" encoding="utf-8"?><testsuites name="pytest tests"><testsuite name="pytest" errors="0" failures="13" skipped="0" tests="72" time="14.322" timestamp="2026-05-06T12:31:34.525770+00:00" hostname="agent-env-ef63f8d2-661d-4471-956d-6b3ae3af9570"><testcase classname="backend.tests.backend_test.TestRoot" name="test_root_rebrand" time="0.142" /><testcase classname="backend.tests.backend_test.TestPlans" name="test_plans_seeded" time="0.113" /><testcase classname="backend.tests.backend_test.TestOtp" name="test_send_otp_dev" time="0.123" /><testcase classname="backend.tests.backend_test.TestOtp" name="test_verify_otp_creates_user" time="0.220" /><testcase classname="backend.tests.backend_test.TestOtp" name="test_verify_otp_wrong" time="0.239" /><testcase classname="backend.tests.backend_test.TestOtp" name="test_verify_otp_too_many_attempts" time="0.893" /><testcase classname="backend.tests.backend_test.TestProfile" name="test_profile_update_ok" time="0.142" /><testcase classname="backend.tests.backend_test.TestProfile" name="test_profile_update_missing_field" time="0.150" /><testcase classname="backend.tests.backend_test.TestPayments" name="test_order_requires_complete_profile" time="0.120" /><testcase classname="backend.tests.backend_test.TestPayments" name="test_order_premium_mock" time="0.863"><failure message="AssertionError: Internal Server Error&#10;assert 500 == 200&#10; +  where 500 = &lt;Response [500]&gt;.status_code">backend/tests/backend_test.py:214: in test_order_premium_mock
    assert r.status_code == 200, r.text
E   AssertionError: Internal Server Error
E   assert 500 == 200
E    +  where 500 = &lt;Response [500]&gt;.status_code</failure></testcase><testcase classname="backend.tests.backend_test.TestPayments" name="test_order_invalid_plan" time="0.123" /><testcase classname="backend.tests.backend_test.TestPayments" name="test_verify_mock_creates_subscription" time="0.355"><failure message="requests.exceptions.JSONDecodeError: Expecting value: line 1 column 1 (char 0)">/root/.venv/lib/python3.11/site-packages/requests/models.py:978: in json
    return complexjson.loads(self.text, **kwargs)
           ^^^^^^^^^^^^^^^^^^^^^^^^^^^^^^^^^^^^^^
/usr/local/lib/python3.11/json/__init__.py:346: in loads
    return _default_decoder.decode(s)
           ^^^^^^^^^^^^^^^^^^^^^^^^^^
/usr/local/lib/python3.11/json/decoder.py:337: in decode
    obj, end = self.raw_decode(s, idx=_w(s, 0).end())
               ^^^^^^^^^^^^^^^^^^^^^^^^^^^^^^^^^^^^^^
/usr/local/lib/python3.11/json/decoder.py:355: in raw_decode
    raise JSONDecodeError("Expecting value", s, err.value) from None
E   json.decoder.JSONDecodeError: Expecting value: line 1 column 1 (char 0)

During handling of the above exception, another exception occurred:
backend/tests/backend_test.py:237: in test_verify_mock_creates_subscription
    ).json()
      ^^^^^^
/root/.venv/lib/python3.11/site-packages/requests/models.py:982: in json
    raise RequestsJSONDecodeError(e.msg, e.doc, e.pos)
E   requests.exceptions.JSONDecodeError: Expecting value: line 1 column 1 (char 0)</failure></testcase><testcase classname="backend.tests.backend_test.TestWallet" name="test_my_wallet_no_sub" time="0.112" /><testcase classname="backend.tests.backend_test.TestWallet" name="test_my_subscription_inactive" time="0.118" /><testcase classname="backend.tests.backend_test.TestTick" name="test_inactivity_pauses_and_extends" time="0.338"><failure message="requests.exceptions.JSONDecodeError: Expecting value: line 1 column 1 (char 0)">/root/.venv/lib/python3.11/site-packages/requests/models.py:978: in json
    return complexjson.loads(self.text, **kwargs)
           ^^^^^^^^^^^^^^^^^^^^^^^^^^^^^^^^^^^^^^
/usr/local/lib/python3.11/json/__init__.py:346: in loads
    return _default_decoder.decode(s)
           ^^^^^^^^^^^^^^^^^^^^^^^^^^
/usr/local/lib/python3.11/json/decoder.py:337: in decode
    obj, end = self.raw_decode(s, idx=_w(s, 0).end())
               ^^^^^^^^^^^^^^^^^^^^^^^^^^^^^^^^^^^^^^
/usr/local/lib/python3.11/json/decoder.py:355: in raw_decode
    raise JSONDecodeError("Expecting value", s, err.value) from None
E   json.decoder.JSONDecodeError: Expecting value: line 1 column 1 (char 0)

During handling of the above exception, another exception occurred:
backend/tests/backend_test.py:292: in test_inactivity_pauses_and_extends
    ).json()
      ^^^^^^
/root/.venv/lib/python3.11/site-packages/requests/models.py:982: in json
    raise RequestsJSONDecodeError(e.msg, e.doc, e.pos)
E   requests.exceptions.JSONDecodeError: Expecting value: line 1 column 1 (char 0)</failure></testcase><testcase classname="backend.tests.backend_test.TestTick" name="test_recent_scan_causes_deduction" time="0.371"><failure message="requests.exceptions.JSONDecodeError: Expecting value: line 1 column 1 (char 0)">/root/.venv/lib/python3.11/site-packages/requests/models.py:978: in json
    return complexjson.loads(self.text, **kwargs)
           ^^^^^^^^^^^^^^^^^^^^^^^^^^^^^^^^^^^^^^
/usr/local/lib/python3.11/json/__init__.py:346: in loads
    return _default_decoder.decode(s)
           ^^^^^^^^^^^^^^^^^^^^^^^^^^
/usr/local/lib/python3.11/json/decoder.py:337: in decode
    obj, end = self.raw_decode(s, idx=_w(s, 0).end())
               ^^^^^^^^^^^^^^^^^^^^^^^^^^^^^^^^^^^^^^
/usr/local/lib/python3.11/json/decoder.py:355: in raw_decode
    raise JSONDecodeError("Expecting value", s, err.value) from None
E   json.decoder.JSONDecodeError: Expecting value: line 1 column 1 (char 0)

During handling of the above exception, another exception occurred:
backend/tests/backend_test.py:327: in test_recent_scan_causes_deduction
    ).json()
      ^^^^^^
/root/.venv/lib/python3.11/site-packages/requests/models.py:982: in json
    raise RequestsJSONDecodeError(e.msg, e.doc, e.pos)
E   requests.exceptions.JSONDecodeError: Expecting value: line 1 column 1 (char 0)</failure></testcase><testcase classname="backend.tests.backend_test.TestAdminPlans" name="test_list_plans_subscriber_403" time="0.132" /><testcase classname="backend.tests.backend_test.TestAdminPlans" name="test_list_plans_admin" time="0.121" /><testcase classname="backend.tests.backend_test.TestAdminPlans" name="test_create_update_delete_plan" time="0.602" /><testcase classname="backend.tests.backend_test.TestAdminPlans" name="test_admin_stats_inr" time="0.108" /><testcase classname="backend.tests.backend_test.TestSelfScanHMAC" name="test_self_scan_works" time="0.330"><failure message="requests.exceptions.JSONDecodeError: Expecting value: line 1 column 1 (char 0)">/root/.venv/lib/python3.11/site-packages/requests/models.py:978: in json
    return complexjson.loads(self.text, **kwargs)
           ^^^^^^^^^^^^^^^^^^^^^^^^^^^^^^^^^^^^^^
/usr/local/lib/python3.11/json/__init__.py:346: in loads
    return _default_decoder.decode(s)
           ^^^^^^^^^^^^^^^^^^^^^^^^^^
/usr/local/lib/python3.11/json/decoder.py:337: in decode
    obj, end = self.raw_decode(s, idx=_w(s, 0).end())
               ^^^^^^^^^^^^^^^^^^^^^^^^^^^^^^^^^^^^^^
/usr/local/lib/python3.11/json/decoder.py:355: in raw_decode
    raise JSONDecodeError("Expecting value", s, err.value) from None
E   json.decoder.JSONDecodeError: Expecting value: line 1 column 1 (char 0)

During handling of the above exception, another exception occurred:
backend/tests/backend_test.py:448: in test_self_scan_works
    ).json()
      ^^^^^^
/root/.venv/lib/python3.11/site-packages/requests/models.py:982: in json
    raise RequestsJSONDecodeError(e.msg, e.doc, e.pos)
E   requests.exceptions.JSONDecodeError: Expecting value: line 1 column 1 (char 0)</failure></testcase><testcase classname="backend.tests.backend_test.TestWebhook" name="test_webhook_no_event_received" time="0.115" /><testcase classname="backend.tests.backend_test.TestWebhook" name="test_webhook_payment_captured_idempotent" time="0.358"><failure message="requests.exceptions.JSONDecodeError: Expecting value: line 1 column 1 (char 0)">/root/.venv/lib/python3.11/site-packages/requests/models.py:978: in json
    return complexjson.loads(self.text, **kwargs)
           ^^^^^^^^^^^^^^^^^^^^^^^^^^^^^^^^^^^^^^
/usr/local/lib/python3.11/json/__init__.py:346: in loads
    return _default_decoder.decode(s)
           ^^^^^^^^^^^^^^^^^^^^^^^^^^
/usr/local/lib/python3.11/json/decoder.py:337: in decode
    obj, end = self.raw_decode(s, idx=_w(s, 0).end())
               ^^^^^^^^^^^^^^^^^^^^^^^^^^^^^^^^^^^^^^
/usr/local/lib/python3.11/json/decoder.py:355: in raw_decode
    raise JSONDecodeError("Expecting value", s, err.value) from None
E   json.decoder.JSONDecodeError: Expecting value: line 1 column 1 (char 0)

During handling of the above exception, another exception occurred:
backend/tests/backend_test.py:479: in test_webhook_payment_captured_idempotent
    ).json()
      ^^^^^^
/root/.venv/lib/python3.11/site-packages/requests/models.py:982: in json
    raise RequestsJSONDecodeError(e.msg, e.doc, e.pos)
E   requests.exceptions.JSONDecodeError: Expecting value: line 1 column 1 (char 0)</failure></testcase><testcase classname="backend.tests.test_iter4.TestTheme" name="test_get_theme_defaults" time="0.111"><failure message="AssertionError: assert 'efoodcare' == 'eFoodCare'&#10;  &#10;  - eFoodCare&#10;  ?  ^   ^&#10;  + efoodcare&#10;  ?  ^   ^">backend/tests/test_iter4.py:85: in test_get_theme_defaults
    assert d["brand_name"] == "eFoodCare"
E   AssertionError: assert 'efoodcare' == 'eFoodCare'
E     
E     - eFoodCare
E     ?  ^   ^
E     + efoodcare
E     ?  ^   ^</failure></testcase><testcase classname="backend.tests.test_iter4.TestTheme" name="test_admin_theme_update_subscriber_403" time="0.105" /><testcase classname="backend.tests.test_iter4.TestTheme" name="test_admin_theme_update_admin_ok" time="0.232" /><testcase classname="backend.tests.test_iter4.TestTheme" name="test_admin_theme_reset" time="0.223"><failure message="AssertionError: assert '0 65% 38%' == '142 50% 35%'&#10;  &#10;  - 142 50% 35%&#10;  + 0 65% 38%">backend/tests/test_iter4.py:127: in test_admin_theme_reset
    assert d["tokens"]["primary"] == "142 50% 35%"
E   AssertionError: assert '0 65% 38%' == '142 50% 35%'
E     
E     - 142 50% 35%
E     + 0 65% 38%</failure></testcase><testcase classname="backend.tests.test_iter4.TestTheme" name="test_admin_theme_reset_subscriber_403" time="0.112" /><testcase classname="backend.tests.test_iter4.TestWalletTransactions" name="test_requires_auth" time="0.100" /><testcase classname="backend.tests.test_iter4.TestWalletTransactions" name="test_empty_initial" time="0.103" /><testcase classname="backend.tests.test_iter4.TestWalletTransactions" name="test_credit_logged_on_payment_verify" time="0.345"><failure message="requests.exceptions.JSONDecodeError: Expecting value: line 1 column 1 (char 0)">/root/.venv/lib/python3.11/site-packages/requests/models.py:978: in json
    return complexjson.loads(self.text, **kwargs)
           ^^^^^^^^^^^^^^^^^^^^^^^^^^^^^^^^^^^^^^
/usr/local/lib/python3.11/json/__init__.py:346: in loads
    return _default_decoder.decode(s)
           ^^^^^^^^^^^^^^^^^^^^^^^^^^
/usr/local/lib/python3.11/json/decoder.py:337: in decode
    obj, end = self.raw_decode(s, idx=_w(s, 0).end())
               ^^^^^^^^^^^^^^^^^^^^^^^^^^^^^^^^^^^^^^
/usr/local/lib/python3.11/json/decoder.py:355: in raw_decode
    raise JSONDecodeError("Expecting value", s, err.value) from None
E   json.decoder.JSONDecodeError: Expecting value: line 1 column 1 (char 0)

During handling of the above exception, another exception occurred:
backend/tests/test_iter4.py:153: in test_credit_logged_on_payment_verify
    ).json()
      ^^^^^^
/root/.venv/lib/python3.11/site-packages/requests/models.py:982: in json
    raise RequestsJSONDecodeError(e.msg, e.doc, e.pos)
E   requests.exceptions.JSONDecodeError: Expecting value: line 1 column 1 (char 0)</failure></testcase><testcase classname="backend.tests.test_iter4.TestWalletTransactions" name="test_debit_and_pause_logged_on_tick" time="0.351"><failure message="requests.exceptions.JSONDecodeError: Expecting value: line 1 column 1 (char 0)">/root/.venv/lib/python3.11/site-packages/requests/models.py:978: in json
    return complexjson.loads(self.text, **kwargs)
           ^^^^^^^^^^^^^^^^^^^^^^^^^^^^^^^^^^^^^^
/usr/local/lib/python3.11/json/__init__.py:346: in loads
    return _default_decoder.decode(s)
           ^^^^^^^^^^^^^^^^^^^^^^^^^^
/usr/local/lib/python3.11/json/decoder.py:337: in decode
    obj, end = self.raw_decode(s, idx=_w(s, 0).end())
               ^^^^^^^^^^^^^^^^^^^^^^^^^^^^^^^^^^^^^^
/usr/local/lib/python3.11/json/decoder.py:355: in raw_decode
    raise JSONDecodeError("Expecting value", s, err.value) from None
E   json.decoder.JSONDecodeError: Expecting value: line 1 column 1 (char 0)

During handling of the above exception, another exception occurred:
backend/tests/test_iter4.py:176: in test_debit_and_pause_logged_on_tick
    ).json()
      ^^^^^^
/root/.venv/lib/python3.11/site-packages/requests/models.py:982: in json
    raise RequestsJSONDecodeError(e.msg, e.doc, e.pos)
E   requests.exceptions.JSONDecodeError: Expecting value: line 1 column 1 (char 0)</failure></testcase><testcase classname="backend.tests.test_iter4.TestAdminAutoPromote" name="test_otp_phone_creates_admin" time="0.231" /><testcase classname="backend.tests.test_iter4.TestAdminAutoPromote" name="test_existing_subscriber_promoted_on_otp_login" time="0.249" /><testcase classname="backend.tests.test_iter4.TestAdminAutoPromote" name="test_admin_email_promotion_via_create_or_get_user" time="0.257" /><testcase classname="backend.tests.test_iter4.TestRoleGating" name="test_admin_theme_requires_admin" time="0.111" /><testcase classname="backend.tests.test_iter4.TestRoleGating" name="test_wallet_txns_requires_auth" time="0.109" /><testcase classname="backend.tests.test_iter5.TestPublicContent" name="test_footer" time="0.148" /><testcase classname="backend.tests.test_iter5.TestPublicContent" name="test_privacy" time="0.104" /><testcase classname="backend.tests.test_iter5.TestPublicContent" name="test_refund" time="0.121" /><testcase classname="backend.tests.test_iter5.TestPublicContent" name="test_contact" time="0.147" /><testcase classname="backend.tests.test_iter5.TestPublicContent" name="test_landing" time="0.107" /><testcase classname="backend.tests.test_iter5.TestPublicContent" name="test_unknown_key_404" time="0.097" /><testcase classname="backend.tests.test_iter5.TestAdminContent" name="test_update_requires_admin_and_persists" time="0.381" /><testcase classname="backend.tests.test_iter5.TestThemeDefaults" name="test_theme_new_defaults" time="0.128"><failure message="AssertionError: assert '0 65% 38%' == '142 50% 35%'&#10;  &#10;  - 142 50% 35%&#10;  + 0 65% 38%">backend/tests/test_iter5.py:187: in test_theme_new_defaults
    assert tokens.get("primary") == "142 50% 35%"
E   AssertionError: assert '0 65% 38%' == '142 50% 35%'
E     
E     - 142 50% 35%
E     + 0 65% 38%</failure></testcase><testcase classname="backend.tests.test_iter5.TestThemeDefaults" name="test_theme_reset_returns_new_defaults" time="0.149"><failure message="AssertionError: assert '0 65% 38%' == '142 50% 35%'&#10;  &#10;  - 142 50% 35%&#10;  + 0 65% 38%">backend/tests/test_iter5.py:198: in test_theme_reset_returns_new_defaults
    assert d["tokens"]["primary"] == "142 50% 35%"
E   AssertionError: assert '0 65% 38%' == '142 50% 35%'
E     
E     - 142 50% 35%
E     + 0 65% 38%</failure></testcase><testcase classname="backend.tests.test_iter6.TestProfilePhotoUrl" name="test_profile_accepts_and_persists_photo_url" time="0.207" /><testcase classname="backend.tests.test_iter6.TestProfilePhotoUrl" name="test_profile_rejects_oversized_photo" time="0.224" /><testcase classname="backend.tests.test_iter6.TestPaymentsOrderRequiresPhoto" name="test_missing_photo_returns_400_with_message" time="0.116" /><testcase classname="backend.tests.test_iter6.TestPaymentsOrderRequiresPhoto" name="test_with_all_4_fields_proceeds" time="0.341"><failure message="AssertionError: Internal Server Error&#10;assert 500 == 200&#10; +  where 500 = &lt;Response [500]&gt;.status_code">backend/tests/test_iter6.py:131: in test_with_all_4_fields_proceeds
    assert r.status_code == 200, r.text
E   AssertionError: Internal Server Error
E   assert 500 == 200
E    +  where 500 = &lt;Response [500]&gt;.status_code</failure></testcase><testcase classname="backend.tests.test_iter6.TestWalletNoSubscription" name="test_wallet_returns_zero_for_user_without_sub" time="0.122" /><testcase classname="backend.tests.test_iter6.TestWalletNoSubscription" name="test_wallet_txns_returns_empty_for_user_without_sub" time="0.118" /><testcase classname="backend.tests.test_iter6.TestRegression" name="test_theme" time="0.114" /><testcase classname="backend.tests.test_iter6.TestRegression" name="test_content_footer" time="0.100" /><testcase classname="backend.tests.test_iter6.TestRegression" name="test_plans" time="0.111" /><testcase classname="backend.tests.test_iter6.TestRegression" name="test_send_otp_dev" time="0.107" /><testcase classname="backend.tests.test_iter6.TestRegression" name="test_menu_today" time="0.122" /><testcase classname="backend.tests.test_iter6.TestRegression" name="test_stats_today" time="0.109" /><testcase classname="backend.tests.test_iter6.TestRegression" name="test_counter_qr_public" time="0.109" /><testcase classname="backend.tests.test_iter7.TestAdminLive" name="test_requires_admin" time="0.107" /><testcase classname="backend.tests.test_iter7.TestAdminLive" name="test_shape" time="0.109" /><testcase classname="backend.tests.test_iter7.TestBoyMe" name="test_non_boy_403" time="0.104" /><testcase classname="backend.tests.test_iter7.TestBoyMe" name="test_boy_ok" time="0.116" /><testcase classname="backend.tests.test_iter7.TestBoyToday" name="test_returns_items_totals" time="0.137" /><testcase classname="backend.tests.test_iter7.TestBoyLocation" name="test_non_boy_403" time="0.131" /><testcase classname="backend.tests.test_iter7.TestBoyLocation" name="test_persists" time="0.128" /><testcase classname="backend.tests.test_iter7.TestDispatch" name="test_start_assigns_items" time="0.282" /><testcase classname="backend.tests.test_iter7.TestDispatch" name="test_start_no_items" time="0.126" /><testcase classname="backend.tests.test_iter7.TestTrack" name="test_no_active" time="0.127" /><testcase classname="backend.tests.test_iter7.TestTrack" name="test_with_boy_position" time="0.141" /><testcase classname="backend.tests.test_iter7.TestMarkGeofence" name="test_too_far_400" time="0.111" /><testcase classname="backend.tests.test_iter7.TestMarkGeofence" name="test_near_ok" time="0.113" /></testsuite></testsuites>