<?xml version="1.0" encoding="utf-8"?><testsuites name="pytest tests"><testsuite name="pytest" errors="0" failures="0" skipped="0" tests="14" time="0.231" timestamp="2026-06-11T06:17:26.089001+00:00" hostname="agent-env-ef63f8d2-661d-4471-956d-6b3ae3af9570"><testcase classname="backend.tests.test_iter96_branch_scope.TestTakeawayPendencyScope" name="test_fr_sees_only_branch_pendency" time="0.015" /><testcase classname="backend.tests.test_iter96_branch_scope.TestTakeawayPendencyScope" name="test_admin_as_yavatmal_returns_only_yavatmal" time="0.005" /><testcase classname="backend.tests.test_iter96_branch_scope.TestTakeawayPendencyScope" name="test_admin_as_amravati_includes_seeded_rows" time="0.006" /><testcase classname="backend.tests.test_iter96_branch_scope.TestTakeawayPendencyScope" name="test_admin_no_param_returns_global" time="0.004" /><testcase classname="backend.tests.test_iter96_branch_scope.TestTakeawayCollectScope" name="test_fr_cross_branch_collect_blocked_403" time="0.003" /><testcase classname="backend.tests.test_iter96_branch_scope.TestTakeawayCollectScope" name="test_fr_in_branch_collect_ok" time="0.005" /><testcase classname="backend.tests.test_iter96_branch_scope.TestRestaurantOrdersScope" name="test_fr_sees_only_branch_orders" time="0.007" /><testcase classname="backend.tests.test_iter96_branch_scope.TestRestaurantOrdersScope" name="test_admin_as_yavatmal_zero_orders" time="0.004" /><testcase classname="backend.tests.test_iter96_branch_scope.TestRestaurantOrdersScope" name="test_admin_as_amravati_includes_seeded" time="0.007" /><testcase classname="backend.tests.test_iter96_branch_scope.TestRestaurantOrdersScope" name="test_admin_no_param_returns_global" time="0.006" /><testcase classname="backend.tests.test_iter96_branch_scope.TestFranchiseMessWriteProtection" name="test_fr_post_messes_403_not_422" time="0.003" /><testcase classname="backend.tests.test_iter96_branch_scope.TestFranchiseMessWriteProtection" name="test_fr_put_messes_403" time="0.002" /><testcase classname="backend.tests.test_iter96_branch_scope.TestFranchiseMessWriteProtection" name="test_fr_assign_owner_blocked" time="0.004" /><testcase classname="backend.tests.test_iter96_branch_scope.TestFranchiseMessWriteProtection" name="test_admin_post_messes_works" time="0.006" /></testsuite></testsuites>