<?xml version="1.0" encoding="utf-8"?><testsuites name="pytest tests"><testsuite name="pytest" errors="0" failures="0" skipped="0" tests="12" time="7.288" timestamp="2026-05-07T21:30:19.746162+00:00" hostname="agent-env-ef63f8d2-661d-4471-956d-6b3ae3af9570"><testcase classname="backend.tests.test_iter17" name="test_cancel_unauth_401" time="0.343" /><testcase classname="backend.tests.test_iter17" name="test_cancel_not_found_404" time="0.136" /><testcase classname="backend.tests.test_iter17" name="test_cancel_other_users_order_403" time="0.755" /><testcase classname="backend.tests.test_iter17" name="test_cancel_blocked_when_not_paid[preparing]" time="0.674" /><testcase classname="backend.tests.test_iter17" name="test_cancel_blocked_when_not_paid[delivered]" time="0.691" /><testcase classname="backend.tests.test_iter17" name="test_cancel_blocked_when_not_paid[cancelled]" time="0.682" /><testcase classname="backend.tests.test_iter17" name="test_cancel_blocked_when_not_paid[out_for_delivery]" time="0.685" /><testcase classname="backend.tests.test_iter17" name="test_cancel_happy_path_credits_wallet" time="0.984" /><testcase classname="backend.tests.test_iter17" name="test_cancel_twice_idempotent_400" time="0.993" /><testcase classname="backend.tests.test_iter17" name="test_regression_orders_list" time="0.168" /><testcase classname="backend.tests.test_iter17" name="test_regression_track_endpoint" time="0.824" /><testcase classname="backend.tests.test_iter17" name="test_regression_menu_still_serves" time="0.215" /></testsuite></testsuites>