<?xml version="1.0" encoding="utf-8"?><testsuites name="pytest tests"><testsuite name="pytest" errors="0" failures="0" skipped="0" tests="20" time="3.293" timestamp="2026-05-10T08:16:01.177583+00:00" hostname="agent-env-ef63f8d2-661d-4471-956d-6b3ae3af9570"><testcase classname="backend.tests.test_iter28.TestMenuReturnableTiffin" name="test_menu_items_have_is_returnable_tiffin_flag" time="0.233" /><testcase classname="backend.tests.test_iter28.TestMenuReturnableTiffin" name="test_tiffin_specials_default_true" time="0.136" /><testcase classname="backend.tests.test_iter28.TestMenuReturnableTiffin" name="test_non_tiffin_default_false" time="0.105" /><testcase classname="backend.tests.test_iter28.TestRestaurantTheme" name="test_put_theme_accepts_all_new_fields" time="0.434" /><testcase classname="backend.tests.test_iter28.TestRestaurantTheme" name="test_get_theme_returns_persisted_new_fields" time="0.231" /><testcase classname="backend.tests.test_iter28.TestRestaurantTheme" name="test_put_theme_non_admin_403" time="0.318" /><testcase classname="backend.tests.test_iter28.TestTakeawayPendency" name="test_list_admin_ok" time="0.103" /><testcase classname="backend.tests.test_iter28.TestTakeawayPendency" name="test_list_subscriber_403" time="0.111" /><testcase classname="backend.tests.test_iter28.TestTakeawayPendency" name="test_collect_unknown_id_404" time="0.104" /><testcase classname="backend.tests.test_iter28.TestTakeawayPendency" name="test_filter_collected_param" time="0.200" /><testcase classname="backend.tests.test_iter28.TestRawMaterials" name="test_get_raw_materials_breakdown_has_stock_fields" time="0.108" /><testcase classname="backend.tests.test_iter28.TestRawMaterials" name="test_stock_topup_updates_current_stock" time="0.206" /><testcase classname="backend.tests.test_iter28.TestRawMaterials" name="test_stock_topup_low_triggers_alert_and_auto_po" time="0.216" /><testcase classname="backend.tests.test_iter28.TestRawMaterials" name="test_stock_topup_unknown_key_404" time="0.103" /><testcase classname="backend.tests.test_iter28.TestRawMaterials" name="test_stock_topup_negative_qty_400" time="0.097" /><testcase classname="backend.tests.test_iter28.TestRawMaterials" name="test_stock_topup_non_admin_403" time="0.094" /><testcase classname="backend.tests.test_iter28.TestRegression" name="test_bottom_nav_public" time="0.105" /><testcase classname="backend.tests.test_iter28.TestRegression" name="test_notify_sound_public" time="0.105" /><testcase classname="backend.tests.test_iter28.TestRegression" name="test_plans_public" time="0.101" /><testcase classname="backend.tests.test_iter28.TestRegression" name="test_theme_public" time="0.110" /></testsuite></testsuites>