<?xml version="1.0" encoding="utf-8"?><testsuites name="pytest tests"><testsuite name="pytest" errors="17" failures="1" skipped="0" tests="62" time="9.629" timestamp="2026-05-10T21:25:09.268968+00:00" hostname="agent-env-ef63f8d2-661d-4471-956d-6b3ae3af9570"><testcase classname="tests.test_iter31_guest_cart" name="test_guest_cart_upsert_and_get_roundtrip" time="0.245" /><testcase classname="tests.test_iter31_guest_cart" name="test_guest_cart_invalid_token_get_returns_400" time="0.024" /><testcase classname="tests.test_iter31_guest_cart" name="test_guest_cart_invalid_token_put_returns_422_or_400" time="0.025" /><testcase classname="tests.test_iter31_guest_cart" name="test_guest_cart_unknown_token_returns_empty_cart" time="0.025" /><testcase classname="tests.test_iter31_takeaway_e2e" name="test_takeaway_pendency_e2e_choreography" time="0.026"><failure message="assert 429 == 200&#10; +  where 429 = &lt;Response [429 Too Many Requests]&gt;.status_code">E   assert 429 == 200
     +  where 429 = &lt;Response [429 Too Many Requests]&gt;.status_code</failure></testcase><testcase classname="tests.test_iter27_app_cms.TestBottomNav" name="test_get_bottom_nav_public_default" time="0.620" /><testcase classname="tests.test_iter27_app_cms.TestBottomNav" name="test_put_bottom_nav_non_admin_403" time="0.399" /><testcase classname="tests.test_iter27_app_cms.TestBottomNav" name="test_put_bottom_nav_partial_role_update" time="0.528" /><testcase classname="tests.test_iter27_app_cms.TestBottomNav" name="test_put_bottom_nav_validation_too_many_items" time="0.246" /><testcase classname="tests.test_iter27_app_cms.TestBottomNav" name="test_put_bottom_nav_validation_zero_items" time="0.111" /><testcase classname="tests.test_iter27_app_cms.TestBottomNav" name="test_reset_bottom_nav" time="0.228" /><testcase classname="tests.test_iter27_app_cms.TestBottomNav" name="test_reset_bottom_nav_non_admin_403" time="0.142" /><testcase classname="tests.test_iter27_app_cms.TestNotifySound" name="test_get_notify_sound_default_empty_or_string" time="0.264" /><testcase classname="tests.test_iter27_app_cms.TestNotifySound" name="test_put_notify_sound_https_ok" time="0.221" /><testcase classname="tests.test_iter27_app_cms.TestNotifySound" name="test_put_notify_sound_data_audio_ok" time="0.122" /><testcase classname="tests.test_iter27_app_cms.TestNotifySound" name="test_put_notify_sound_invalid_prefix" time="0.508" /><testcase classname="tests.test_iter27_app_cms.TestNotifySound" name="test_put_notify_sound_non_admin_403" time="0.104" /><testcase classname="tests.test_iter27_app_cms.TestNotifySound" name="test_delete_notify_sound" time="0.388" /><testcase classname="tests.test_iter27_app_cms.TestDeliveryOtpGating" name="test_track_otp_gated_by_status" time="0.936" /><testcase classname="tests.test_iter28.TestMenuReturnableTiffin" name="test_menu_items_have_is_returnable_tiffin_flag" time="0.155" /><testcase classname="tests.test_iter28.TestMenuReturnableTiffin" name="test_tiffin_specials_default_true" time="0.126" /><testcase classname="tests.test_iter28.TestMenuReturnableTiffin" name="test_non_tiffin_default_false" time="0.122" /><testcase classname="tests.test_iter28.TestRestaurantTheme" name="test_put_theme_accepts_all_new_fields" time="0.350" /><testcase classname="tests.test_iter28.TestRestaurantTheme" name="test_get_theme_returns_persisted_new_fields" time="0.221" /><testcase classname="tests.test_iter28.TestRestaurantTheme" name="test_put_theme_non_admin_403" time="0.358" /><testcase classname="tests.test_iter28.TestTakeawayPendency" name="test_list_admin_ok" time="0.121" /><testcase classname="tests.test_iter28.TestTakeawayPendency" name="test_list_subscriber_403" time="0.125" /><testcase classname="tests.test_iter28.TestTakeawayPendency" name="test_collect_unknown_id_404" time="0.099" /><testcase classname="tests.test_iter28.TestTakeawayPendency" name="test_filter_collected_param" time="0.215" /><testcase classname="tests.test_iter28.TestRawMaterials" name="test_get_raw_materials_breakdown_has_stock_fields" time="0.165" /><testcase classname="tests.test_iter28.TestRawMaterials" name="test_stock_topup_updates_current_stock" time="0.230" /><testcase classname="tests.test_iter28.TestRawMaterials" name="test_stock_topup_low_triggers_alert_and_auto_po" time="0.207" /><testcase classname="tests.test_iter28.TestRawMaterials" name="test_stock_topup_unknown_key_404" time="0.120" /><testcase classname="tests.test_iter28.TestRawMaterials" name="test_stock_topup_negative_qty_400" time="0.112" /><testcase classname="tests.test_iter28.TestRawMaterials" name="test_stock_topup_non_admin_403" time="0.170" /><testcase classname="tests.test_iter28.TestRegression" name="test_bottom_nav_public" time="0.104" /><testcase classname="tests.test_iter28.TestRegression" name="test_notify_sound_public" time="0.110" /><testcase classname="tests.test_iter28.TestRegression" name="test_plans_public" time="0.101" /><testcase classname="tests.test_iter28.TestRegression" name="test_theme_public" time="0.101" /><testcase classname="tests.test_iter29.TestHeaderMenu" name="test_get_header_menu_public_default" time="0.119" /><testcase classname="tests.test_iter29.TestHeaderMenu" name="test_put_header_menu_non_admin_403" time="0.321" /><testcase classname="tests.test_iter29.TestHeaderMenu" name="test_put_header_menu_admin_then_reset" time="0.107"><error message="failed on setup with &quot;AssertionError: {&quot;detail&quot;:&quot;Too many requests · OTP per phone (10 min) · try again in 571s&quot;}&#10;assert 429 == 200&#10; +  where 429 = &lt;Response [429]&gt;.status_code&quot;">E   AssertionError: {"detail":"Too many requests · OTP per phone (10 min) · try again in 571s"}
    assert 429 == 200
     +  where 429 = &lt;Response [429]&gt;.status_code</error></testcase><testcase classname="tests.test_iter29.TestManualTakeaway" name="test_manual_takeaway_admin_creates_row" time="0.000"><error message="failed on setup with &quot;AssertionError: {&quot;detail&quot;:&quot;Too many requests · OTP per phone (10 min) · try again in 571s&quot;}&#10;assert 429 == 200&#10; +  where 429 = &lt;Response [429]&gt;.status_code&quot;">E   AssertionError: {"detail":"Too many requests · OTP per phone (10 min) · try again in 571s"}
    assert 429 == 200
     +  where 429 = &lt;Response [429]&gt;.status_code</error></testcase><testcase classname="tests.test_iter29.TestManualTakeaway" name="test_manual_takeaway_subscriber_403" time="0.108" /><testcase classname="tests.test_iter29.TestManualTakeaway" name="test_manual_takeaway_validation" time="0.000"><error message="failed on setup with &quot;AssertionError: {&quot;detail&quot;:&quot;Too many requests · OTP per phone (10 min) · try again in 571s&quot;}&#10;assert 429 == 200&#10; +  where 429 = &lt;Response [429]&gt;.status_code&quot;">E   AssertionError: {"detail":"Too many requests · OTP per phone (10 min) · try again in 571s"}
    assert 429 == 200
     +  where 429 = &lt;Response [429]&gt;.status_code</error></testcase><testcase classname="tests.test_iter29.TestPnLExpenses" name="test_get_expenses_admin_default_zero_or_existing" time="0.000"><error message="failed on setup with &quot;AssertionError: {&quot;detail&quot;:&quot;Too many requests · OTP per phone (10 min) · try again in 571s&quot;}&#10;assert 429 == 200&#10; +  where 429 = &lt;Response [429]&gt;.status_code&quot;">E   AssertionError: {"detail":"Too many requests · OTP per phone (10 min) · try again in 571s"}
    assert 429 == 200
     +  where 429 = &lt;Response [429]&gt;.status_code</error></testcase><testcase classname="tests.test_iter29.TestPnLExpenses" name="test_get_expenses_subscriber_403" time="0.116" /><testcase classname="tests.test_iter29.TestPnLExpenses" name="test_put_expenses_admin_persists" time="0.000"><error message="failed on setup with &quot;AssertionError: {&quot;detail&quot;:&quot;Too many requests · OTP per phone (10 min) · try again in 571s&quot;}&#10;assert 429 == 200&#10; +  where 429 = &lt;Response [429]&gt;.status_code&quot;">E   AssertionError: {"detail":"Too many requests · OTP per phone (10 min) · try again in 571s"}
    assert 429 == 200
     +  where 429 = &lt;Response [429]&gt;.status_code</error></testcase><testcase classname="tests.test_iter29.TestPnLExpenses" name="test_put_expenses_subscriber_403" time="0.104" /><testcase classname="tests.test_iter29.TestPnLExpenses" name="test_put_expenses_negative_rejected" time="0.000"><error message="failed on setup with &quot;AssertionError: {&quot;detail&quot;:&quot;Too many requests · OTP per phone (10 min) · try again in 571s&quot;}&#10;assert 429 == 200&#10; +  where 429 = &lt;Response [429]&gt;.status_code&quot;">E   AssertionError: {"detail":"Too many requests · OTP per phone (10 min) · try again in 571s"}
    assert 429 == 200
     +  where 429 = &lt;Response [429]&gt;.status_code</error></testcase><testcase classname="tests.test_iter29.TestPnLDaily" name="test_daily_default_30_rows" time="0.000"><error message="failed on setup with &quot;AssertionError: {&quot;detail&quot;:&quot;Too many requests · OTP per phone (10 min) · try again in 571s&quot;}&#10;assert 429 == 200&#10; +  where 429 = &lt;Response [429]&gt;.status_code&quot;">E   AssertionError: {"detail":"Too many requests · OTP per phone (10 min) · try again in 571s"}
    assert 429 == 200
     +  where 429 = &lt;Response [429]&gt;.status_code</error></testcase><testcase classname="tests.test_iter29.TestPnLDaily" name="test_daily_pagination_bounds[1]" time="0.000"><error message="failed on setup with &quot;AssertionError: {&quot;detail&quot;:&quot;Too many requests · OTP per phone (10 min) · try again in 571s&quot;}&#10;assert 429 == 200&#10; +  where 429 = &lt;Response [429]&gt;.status_code&quot;">E   AssertionError: {"detail":"Too many requests · OTP per phone (10 min) · try again in 571s"}
    assert 429 == 200
     +  where 429 = &lt;Response [429]&gt;.status_code</error></testcase><testcase classname="tests.test_iter29.TestPnLDaily" name="test_daily_pagination_bounds[7]" time="0.000"><error message="failed on setup with &quot;AssertionError: {&quot;detail&quot;:&quot;Too many requests · OTP per phone (10 min) · try again in 571s&quot;}&#10;assert 429 == 200&#10; +  where 429 = &lt;Response [429]&gt;.status_code&quot;">E   AssertionError: {"detail":"Too many requests · OTP per phone (10 min) · try again in 571s"}
    assert 429 == 200
     +  where 429 = &lt;Response [429]&gt;.status_code</error></testcase><testcase classname="tests.test_iter29.TestPnLDaily" name="test_daily_pagination_bounds[60]" time="0.000"><error message="failed on setup with &quot;AssertionError: {&quot;detail&quot;:&quot;Too many requests · OTP per phone (10 min) · try again in 571s&quot;}&#10;assert 429 == 200&#10; +  where 429 = &lt;Response [429]&gt;.status_code&quot;">E   AssertionError: {"detail":"Too many requests · OTP per phone (10 min) · try again in 571s"}
    assert 429 == 200
     +  where 429 = &lt;Response [429]&gt;.status_code</error></testcase><testcase classname="tests.test_iter29.TestPnLDaily" name="test_daily_pagination_bounds[90]" time="0.000"><error message="failed on setup with &quot;AssertionError: {&quot;detail&quot;:&quot;Too many requests · OTP per phone (10 min) · try again in 571s&quot;}&#10;assert 429 == 200&#10; +  where 429 = &lt;Response [429]&gt;.status_code&quot;">E   AssertionError: {"detail":"Too many requests · OTP per phone (10 min) · try again in 571s"}
    assert 429 == 200
     +  where 429 = &lt;Response [429]&gt;.status_code</error></testcase><testcase classname="tests.test_iter29.TestPnLDaily" name="test_daily_clamps_above_90" time="0.000"><error message="failed on setup with &quot;AssertionError: {&quot;detail&quot;:&quot;Too many requests · OTP per phone (10 min) · try again in 571s&quot;}&#10;assert 429 == 200&#10; +  where 429 = &lt;Response [429]&gt;.status_code&quot;">E   AssertionError: {"detail":"Too many requests · OTP per phone (10 min) · try again in 571s"}
    assert 429 == 200
     +  where 429 = &lt;Response [429]&gt;.status_code</error></testcase><testcase classname="tests.test_iter29.TestPnLDaily" name="test_daily_clamps_zero" time="0.000"><error message="failed on setup with &quot;AssertionError: {&quot;detail&quot;:&quot;Too many requests · OTP per phone (10 min) · try again in 571s&quot;}&#10;assert 429 == 200&#10; +  where 429 = &lt;Response [429]&gt;.status_code&quot;">E   AssertionError: {"detail":"Too many requests · OTP per phone (10 min) · try again in 571s"}
    assert 429 == 200
     +  where 429 = &lt;Response [429]&gt;.status_code</error></testcase><testcase classname="tests.test_iter29.TestPnLDaily" name="test_daily_subscriber_403" time="0.129" /><testcase classname="tests.test_iter29.TestThemeNewColors" name="test_put_theme_accepts_new_color_fields" time="0.000"><error message="failed on setup with &quot;AssertionError: {&quot;detail&quot;:&quot;Too many requests · OTP per phone (10 min) · try again in 571s&quot;}&#10;assert 429 == 200&#10; +  where 429 = &lt;Response [429]&gt;.status_code&quot;">E   AssertionError: {"detail":"Too many requests · OTP per phone (10 min) · try again in 571s"}
    assert 429 == 200
     +  where 429 = &lt;Response [429]&gt;.status_code</error></testcase><testcase classname="tests.test_iter29.TestThemeNewColors" name="test_get_theme_returns_persisted_new_colors" time="0.000"><error message="failed on setup with &quot;AssertionError: {&quot;detail&quot;:&quot;Too many requests · OTP per phone (10 min) · try again in 571s&quot;}&#10;assert 429 == 200&#10; +  where 429 = &lt;Response [429]&gt;.status_code&quot;">E   AssertionError: {"detail":"Too many requests · OTP per phone (10 min) · try again in 571s"}
    assert 429 == 200
     +  where 429 = &lt;Response [429]&gt;.status_code</error></testcase><testcase classname="tests.test_iter29.TestThemeNewColors" name="test_cleanup_theme_clear_new_colors" time="0.000"><error message="failed on setup with &quot;AssertionError: {&quot;detail&quot;:&quot;Too many requests · OTP per phone (10 min) · try again in 571s&quot;}&#10;assert 429 == 200&#10; +  where 429 = &lt;Response [429]&gt;.status_code&quot;">E   AssertionError: {"detail":"Too many requests · OTP per phone (10 min) · try again in 571s"}
    assert 429 == 200
     +  where 429 = &lt;Response [429]&gt;.status_code</error></testcase><testcase classname="tests.test_iter29.TestMenuReturnableTiffinPersist" name="test_put_menu_with_returnable_persists" time="0.000"><error message="failed on setup with &quot;AssertionError: {&quot;detail&quot;:&quot;Too many requests · OTP per phone (10 min) · try again in 571s&quot;}&#10;assert 429 == 200&#10; +  where 429 = &lt;Response [429]&gt;.status_code&quot;">E   AssertionError: {"detail":"Too many requests · OTP per phone (10 min) · try again in 571s"}
    assert 429 == 200
     +  where 429 = &lt;Response [429]&gt;.status_code</error></testcase></testsuite></testsuites>