<?xml version="1.0" encoding="utf-8"?><testsuites name="pytest tests"><testsuite name="pytest" errors="0" failures="0" skipped="0" tests="3" time="1.903" timestamp="2026-06-20T05:52:14.126359+00:00" hostname="agent-env-ef63f8d2-661d-4471-956d-6b3ae3af9570"><testcase classname="backend.tests.test_iter102_merge" name="test_detect_and_merge_existing_duplicates" time="1.001" /><testcase classname="backend.tests.test_iter102_merge" name="test_phone_collision_also_detected" time="0.409" /><testcase classname="backend.tests.test_iter102_merge" name="test_merge_validates_inputs" time="0.375" /></testsuite></testsuites>