<?xml version="1.0" encoding="utf-8"?><testsuites name="pytest tests"><testsuite name="pytest" errors="0" failures="0" skipped="0" tests="11" time="2.789" timestamp="2026-06-10T07:40:11.420357+00:00" hostname="agent-env-ef63f8d2-661d-4471-956d-6b3ae3af9570"><testcase classname="backend.tests.test_iter89_franchise.TestBottomNavFranchise" name="test_get_includes_franchise_default" time="0.249" /><testcase classname="backend.tests.test_iter89_franchise.TestBottomNavFranchise" name="test_non_admin_put_forbidden" time="0.731" /><testcase classname="backend.tests.test_iter89_franchise.TestBottomNavFranchise" name="test_admin_put_franchise_persists" time="0.484" /><testcase classname="backend.tests.test_iter89_franchise.TestBottomNavFranchise" name="test_admin_put_franchise_length_validation" time="0.102" /><testcase classname="backend.tests.test_iter89_franchise.TestAdminUsersScoping" name="test_admin_sees_all_users" time="0.166" /><testcase classname="backend.tests.test_iter89_franchise.TestAdminUsersScoping" name="test_franchise_owner_scoped" time="0.323" /><testcase classname="backend.tests.test_iter89_franchise.TestAdminRoleAssignment" name="test_franchise_can_assign_whitelisted_role" time="0.150" /><testcase classname="backend.tests.test_iter89_franchise.TestAdminRoleAssignment" name="test_franchise_cannot_assign_admin" time="0.111" /><testcase classname="backend.tests.test_iter89_franchise.TestAdminRoleAssignment" name="test_franchise_cannot_assign_franchise_owner" time="0.104" /><testcase classname="backend.tests.test_iter89_franchise.TestAdminRoleAssignment" name="test_franchise_cannot_touch_admin_target" time="0.106" /><testcase classname="backend.tests.test_iter89_franchise.TestAdminRoleAssignment" name="test_admin_can_still_assign_any_role" time="0.105" /></testsuite></testsuites>