<?xml version="1.0" encoding="utf-8"?><testsuites name="pytest tests"><testsuite name="pytest" errors="0" failures="0" skipped="1" tests="13" time="2.527" timestamp="2026-05-19T11:55:26.779445+00:00" hostname="agent-env-ef63f8d2-661d-4471-956d-6b3ae3af9570"><testcase classname="test_iter47.TestPublicSmoke" name="test_get_plans_public" time="0.180" /><testcase classname="test_iter47.TestPublicSmoke" name="test_admin_plans_unauth" time="0.098" /><testcase classname="test_iter47.TestPublicSmoke" name="test_my_wallet_unauth" time="0.094" /><testcase classname="test_iter47.TestPublicSmoke" name="test_my_subscription_unauth" time="0.099" /><testcase classname="test_iter47.TestPublicSmoke" name="test_restaurant_menu_public" time="0.103" /><testcase classname="test_iter47.TestPublicSmoke" name="test_restaurant_order_unauth" time="0.105" /><testcase classname="test_iter47.TestPublicSmoke" name="test_restaurant_orders_list_unauth" time="0.090" /><testcase classname="test_iter47.TestAdminPlansCRUD" name="test_create_list_delete_plan" time="0.497" /><testcase classname="test_iter47.TestSubscriberWalletSubscription" name="test_my_wallet_shape" time="0.218" /><testcase classname="test_iter47.TestSubscriberWalletSubscription" name="test_my_wallet_transactions" time="0.098" /><testcase classname="test_iter47.TestSubscriberWalletSubscription" name="test_my_subscription_shape" time="0.105" /><testcase classname="test_iter47.TestSubscriberWalletSubscription" name="test_pause_resume_without_active_sub" time="0.102"><skipped type="pytest.skip" message="Subscriber has an active subscription; pause/resume 404 path not applicable">/app/backend/tests/test_iter47.py:153: Subscriber has an active subscription; pause/resume 404 path not applicable</skipped></testcase><testcase classname="test_iter47.TestRestaurantOrderFlow" name="test_order_create_list_verify_route_exists" time="0.657" /></testsuite></testsuites>