<?xml version="1.0" encoding="utf-8"?><testsuites name="pytest tests"><testsuite name="pytest" errors="0" failures="0" skipped="0" tests="13" time="2.415" timestamp="2026-05-06T12:31:27.021991+00:00" hostname="agent-env-ef63f8d2-661d-4471-956d-6b3ae3af9570"><testcase classname="backend.tests.test_iter7.TestAdminLive" name="test_requires_admin" time="0.317" /><testcase classname="backend.tests.test_iter7.TestAdminLive" name="test_shape" time="0.121" /><testcase classname="backend.tests.test_iter7.TestBoyMe" name="test_non_boy_403" time="0.176" /><testcase classname="backend.tests.test_iter7.TestBoyMe" name="test_boy_ok" time="0.190" /><testcase classname="backend.tests.test_iter7.TestBoyToday" name="test_returns_items_totals" time="0.148" /><testcase classname="backend.tests.test_iter7.TestBoyLocation" name="test_non_boy_403" time="0.119" /><testcase classname="backend.tests.test_iter7.TestBoyLocation" name="test_persists" time="0.158" /><testcase classname="backend.tests.test_iter7.TestDispatch" name="test_start_assigns_items" time="0.381" /><testcase classname="backend.tests.test_iter7.TestDispatch" name="test_start_no_items" time="0.132" /><testcase classname="backend.tests.test_iter7.TestTrack" name="test_no_active" time="0.132" /><testcase classname="backend.tests.test_iter7.TestTrack" name="test_with_boy_position" time="0.124" /><testcase classname="backend.tests.test_iter7.TestMarkGeofence" name="test_too_far_400" time="0.138" /><testcase classname="backend.tests.test_iter7.TestMarkGeofence" name="test_near_ok" time="0.126" /></testsuite></testsuites>