<?xml version="1.0" encoding="utf-8"?><testsuites name="pytest tests"><testsuite name="pytest" errors="0" failures="0" skipped="0" tests="15" time="4.358" timestamp="2026-05-09T18:59:45.466574+00:00" hostname="agent-env-ef63f8d2-661d-4471-956d-6b3ae3af9570"><testcase classname="tests.test_iter25_theme_geo.TestRestaurantTheme" name="test_get_theme_public_no_auth" time="0.180" /><testcase classname="tests.test_iter25_theme_geo.TestRestaurantTheme" name="test_put_theme_requires_admin" time="0.317" /><testcase classname="tests.test_iter25_theme_geo.TestRestaurantTheme" name="test_put_theme_admin_persists" time="0.447" /><testcase classname="tests.test_iter25_theme_geo.TestOrderGeoPersistence" name="test_create_order_with_lat_lng_persists_on_order_and_user" time="0.718" /><testcase classname="tests.test_iter25_theme_geo.TestOrderGeoPersistence" name="test_user_profile_lat_lng_saved_on_first_checkout" time="0.120" /><testcase classname="tests.test_iter24_prefs.TestPrefsDefaults" name="test_unauth_get_returns_401_or_403" time="0.107" /><testcase classname="tests.test_iter24_prefs.TestPrefsDefaults" name="test_unauth_post_returns_401_or_403" time="0.122" /><testcase classname="tests.test_iter24_prefs.TestPrefsDefaults" name="test_default_prefs_for_new_user" time="0.109" /><testcase classname="tests.test_iter24_prefs.TestPrefsPersistence" name="test_post_sound_false_persists" time="0.182" /><testcase classname="tests.test_iter24_prefs.TestPrefsPersistence" name="test_post_voice_false_only_updates_voice" time="0.226" /><testcase classname="tests.test_iter24_prefs.TestPrefsPersistence" name="test_idempotent_setting_same_value_twice" time="0.174" /><testcase classname="tests.test_iter24_prefs.TestPrefsPersistence" name="test_toggle_back_to_true" time="0.210" /><testcase classname="tests.test_iter24_prefs.TestPrefsPersistence" name="test_per_user_isolation" time="0.330" /><testcase classname="tests.test_iter26_menu_geo" name="test_menu_returns_kitchen_coords_default_or_set" time="0.115" /><testcase classname="tests.test_iter26_menu_geo" name="test_menu_kitchen_coords_reflect_admin_setting" time="0.844" /></testsuite></testsuites>