<?xml version="1.0" encoding="utf-8"?><testsuites name="pytest tests"><testsuite name="pytest" errors="0" failures="0" skipped="0" tests="8" time="1.760" timestamp="2026-05-09T16:28:32.123605+00:00" hostname="agent-env-ef63f8d2-661d-4471-956d-6b3ae3af9570"><testcase classname="backend.tests.test_iter24_prefs.TestPrefsDefaults" name="test_unauth_get_returns_401_or_403" time="0.257" /><testcase classname="backend.tests.test_iter24_prefs.TestPrefsDefaults" name="test_unauth_post_returns_401_or_403" time="0.103" /><testcase classname="backend.tests.test_iter24_prefs.TestPrefsDefaults" name="test_default_prefs_for_new_user" time="0.155" /><testcase classname="backend.tests.test_iter24_prefs.TestPrefsPersistence" name="test_post_sound_false_persists" time="0.158" /><testcase classname="backend.tests.test_iter24_prefs.TestPrefsPersistence" name="test_post_voice_false_only_updates_voice" time="0.209" /><testcase classname="backend.tests.test_iter24_prefs.TestPrefsPersistence" name="test_idempotent_setting_same_value_twice" time="0.173" /><testcase classname="backend.tests.test_iter24_prefs.TestPrefsPersistence" name="test_toggle_back_to_true" time="0.216" /><testcase classname="backend.tests.test_iter24_prefs.TestPrefsPersistence" name="test_per_user_isolation" time="0.336" /></testsuite></testsuites>