<?xml version="1.0" encoding="utf-8"?><testsuites name="pytest tests"><testsuite name="pytest" errors="0" failures="0" skipped="0" tests="38" time="1.274" timestamp="2026-06-19T12:20:42.900911+00:00" hostname="agent-env-ef63f8d2-661d-4471-956d-6b3ae3af9570"><testcase classname="backend.tests.test_iter98_wallet_meals_bidirectional.TestMealsDeltaBidirectional" name="test_deduct_raises_meals_used" time="0.017" /><testcase classname="backend.tests.test_iter98_wallet_meals_bidirectional.TestMealsDeltaBidirectional" name="test_restore_lowers_meals_used" time="0.006" /><testcase classname="backend.tests.test_iter98_wallet_meals_bidirectional.TestLegacyRestoreMeals" name="test_legacy_restore_meals_still_works" time="0.006" /><testcase classname="backend.tests.test_iter98_wallet_meals_bidirectional.TestLegacyRestoreMeals" name="test_meals_delta_and_restore_meals_merge" time="0.006" /><testcase classname="backend.tests.test_iter98_wallet_meals_bidirectional.TestHardClamp" name="test_deduct_caps_at_meals_total" time="0.006" /><testcase classname="backend.tests.test_iter98_wallet_meals_bidirectional.TestHardClamp" name="test_restore_floors_at_zero" time="0.006" /><testcase classname="backend.tests.test_iter98_wallet_meals_bidirectional.TestValidation" name="test_400_when_all_fields_zero" time="0.003" /><testcase classname="backend.tests.test_iter98_wallet_meals_bidirectional.TestValidation" name="test_400_when_reason_blank" time="0.003" /><testcase classname="backend.tests.test_iter98_wallet_meals_bidirectional.TestAuditPersistence" name="test_audit_doc_records_meals_fields" time="0.006" /><testcase classname="backend.tests.test_iter98_wallet_meals_bidirectional.TestRegressionDeltaAndExtend" name="test_wallet_credit_still_works" time="0.006" /><testcase classname="backend.tests.test_iter98_wallet_meals_bidirectional.TestRegressionDeltaAndExtend" name="test_wallet_debit_still_works" time="0.005" /><testcase classname="backend.tests.test_iter98_wallet_meals_bidirectional.TestRegressionDeltaAndExtend" name="test_extend_days_still_works" time="0.006" /><testcase classname="backend.tests.test_iter98_wallet_meals_bidirectional.TestFranchiseScope" name="test_fr_a_can_adjust_own_branch_user" time="0.005" /><testcase classname="backend.tests.test_iter98_wallet_meals_bidirectional.TestFranchiseScope" name="test_fr_b_blocked_cross_branch" time="0.007" /><testcase classname="backend.tests.test_iter97_silent_branch.TestOtpDevEcho" name="test_send_otp_returns_dev_otp" time="0.222" /><testcase classname="backend.tests.test_iter97_silent_branch.TestOtpDevEcho" name="test_verify_otp_full_flow" time="0.182" /><testcase classname="backend.tests.test_iter97_silent_branch.TestMessesNearby" name="test_messes_list" time="0.157" /><testcase classname="backend.tests.test_iter97_silent_branch.TestMessesNearby" name="test_nearby_amravati_returns_amravati_first" time="0.111" /><testcase classname="backend.tests.test_iter97_silent_branch.TestMeMessPersistence" name="test_post_me_mess_persists" time="0.084" /><testcase classname="backend.tests.test_iter92_franchise_branch_scope.TestAdminStats" name="test_stats_admin_global_scope" time="0.067" /><testcase classname="backend.tests.test_iter92_franchise_branch_scope.TestAdminStats" name="test_stats_franchise_branch_scope" time="0.065" /><testcase classname="backend.tests.test_iter92_franchise_branch_scope.TestAdminStats" name="test_stats_franchise_b_isolated" time="0.018" /><testcase classname="backend.tests.test_iter92_franchise_branch_scope.TestAttendance" name="test_attendance_admin_returns_ok" time="0.003" /><testcase classname="backend.tests.test_iter92_franchise_branch_scope.TestAttendance" name="test_attendance_franchise_returns_ok" time="0.005" /><testcase classname="backend.tests.test_iter92_franchise_branch_scope.TestRestaurantOrdersList" name="test_admin_sees_both_branches" time="0.007" /><testcase classname="backend.tests.test_iter92_franchise_branch_scope.TestRestaurantOrdersList" name="test_franchise_a_sees_only_branch_a" time="0.008" /><testcase classname="backend.tests.test_iter92_franchise_branch_scope.TestRestaurantOrdersList" name="test_franchise_b_sees_only_branch_b" time="0.004" /><testcase classname="backend.tests.test_iter92_franchise_branch_scope.TestOrderStatus" name="test_franchise_same_branch_can_set_status" time="0.004" /><testcase classname="backend.tests.test_iter92_franchise_branch_scope.TestOrderStatus" name="test_franchise_cross_branch_status_403" time="0.004" /><testcase classname="backend.tests.test_iter92_franchise_branch_scope.TestAssignRider" name="test_franchise_same_branch_assign" time="0.005" /><testcase classname="backend.tests.test_iter92_franchise_branch_scope.TestAssignRider" name="test_franchise_cross_branch_assign_403" time="0.004" /><testcase classname="backend.tests.test_iter92_franchise_branch_scope.TestWalletAdjust" name="test_franchise_same_branch_adjust" time="0.006" /><testcase classname="backend.tests.test_iter92_franchise_branch_scope.TestWalletAdjust" name="test_franchise_cross_branch_adjust_403" time="0.004" /><testcase classname="backend.tests.test_iter92_franchise_branch_scope.TestWalletAdjust" name="test_admin_can_adjust_any" time="0.005" /><testcase classname="backend.tests.test_iter92_franchise_branch_scope.TestWalletHistory" name="test_franchise_same_branch_history" time="0.005" /><testcase classname="backend.tests.test_iter92_franchise_branch_scope.TestWalletHistory" name="test_franchise_cross_branch_history_403" time="0.004" /><testcase classname="backend.tests.test_iter92_franchise_branch_scope.TestRefundDecision" name="test_franchise_cross_branch_refund_403" time="0.004" /><testcase classname="backend.tests.test_iter92_franchise_branch_scope.TestRefundDecision" name="test_franchise_same_branch_refund_approve" time="0.014" /></testsuite></testsuites>