<?xml version="1.0" encoding="utf-8"?><testsuites name="pytest tests"><testsuite name="pytest" errors="0" failures="0" skipped="2" tests="49" time="19.682" timestamp="2026-05-19T11:50:55.420335+00:00" hostname="agent-env-ef63f8d2-661d-4471-956d-6b3ae3af9570"><testcase classname="test_iter43.TestGoogleVerify" name="test_invalid_credential_returns_401" time="0.306" /><testcase classname="test_iter43.TestGoogleVerify" name="test_missing_credential_returns_422" time="0.101" /><testcase classname="test_iter43.TestRestaurantTheme" name="test_get_theme_returns_200" time="0.110" /><testcase classname="test_iter43.TestRestaurantTheme" name="test_admin_put_pure_veg_color_fields" time="0.758" /><testcase classname="test_iter43.TestRestaurantTheme" name="test_admin_put_rejects_unauthenticated" time="0.103" /><testcase classname="test_iter46.TestTestimonialsExtraction" name="test_public_get_returns_200" time="0.111" /><testcase classname="test_iter46.TestTestimonialsExtraction" name="test_admin_get_unauthenticated_returns_401" time="0.099" /><testcase classname="test_iter46.TestTestimonialsExtraction" name="test_admin_put_with_otp_returns_200" time="12.355"><skipped type="pytest.skip" message="send-otp failed: 429 {&quot;detail&quot;:&quot;Too many requests · OTP per phone (10 min) · try again in 478s&quot;}">/app/backend/tests/test_iter46.py:64: send-otp failed: 429 {"detail":"Too many requests · OTP per phone (10 min) · try again in 478s"}</skipped></testcase><testcase classname="test_iter46.TestHeroLayoutTheme" name="test_admin_put_hero_layout_and_elements" time="0.000"><skipped type="pytest.skip" message="send-otp failed: 429 {&quot;detail&quot;:&quot;Too many requests · OTP per phone (10 min) · try again in 478s&quot;}">/app/backend/tests/test_iter46.py:109: send-otp failed: 429 {"detail":"Too many requests · OTP per phone (10 min) · try again in 478s"}</skipped></testcase><testcase classname="test_iter46.TestHeroLayoutTheme" name="test_admin_put_hero_layout_unauth_rejected" time="0.097" /><testcase classname="test_iter7.TestAdminLive" name="test_requires_admin" time="0.131" /><testcase classname="test_iter7.TestAdminLive" name="test_shape" time="0.106" /><testcase classname="test_iter7.TestBoyMe" name="test_non_boy_403" time="0.116" /><testcase classname="test_iter7.TestBoyMe" name="test_boy_ok" time="0.111" /><testcase classname="test_iter7.TestBoyToday" name="test_returns_items_totals" time="0.112" /><testcase classname="test_iter7.TestBoyLocation" name="test_non_boy_403" time="0.102" /><testcase classname="test_iter7.TestBoyLocation" name="test_persists" time="0.111" /><testcase classname="test_iter7.TestDispatch" name="test_start_assigns_items" time="0.210" /><testcase classname="test_iter7.TestDispatch" name="test_start_no_items" time="0.115" /><testcase classname="test_iter7.TestTrack" name="test_no_active" time="0.113" /><testcase classname="test_iter7.TestTrack" name="test_with_boy_position" time="0.133" /><testcase classname="test_iter7.TestMarkGeofence" name="test_too_far_400" time="0.114" /><testcase classname="test_iter7.TestMarkGeofence" name="test_near_ok" time="0.151" /><testcase classname="test_iter8.TestSlots" name="test_subscriber_403" time="0.106" /><testcase classname="test_iter8.TestSlots" name="test_boy_returns_shape_open" time="0.131" /><testcase classname="test_iter8.TestSlots" name="test_dispatch_blocked_when_closed" time="0.099" /><testcase classname="test_iter8.TestSlots" name="test_dispatch_open_window_succeeds" time="0.132" /><testcase classname="test_iter8.TestLocationGeocode" name="test_returns_pincode_or_null" time="0.108" /><testcase classname="test_iter8.TestTiffinBalance" name="test_mark_delivered_increments_balance" time="0.229" /><testcase classname="test_iter8.TestTiffinBalance" name="test_admin_collect_empty_decrements" time="0.105" /><testcase classname="test_iter8.TestTiffinBalance" name="test_admin_collect_clamps_to_balance" time="0.112" /><testcase classname="test_iter8.TestTiffinBalance" name="test_boy_collect_empty" time="0.120" /><testcase classname="test_iter8.TestTiffinBalance" name="test_boy_collect_requires_boy" time="0.110" /><testcase classname="test_iter8.TestTiffinBalance" name="test_admin_empties_list" time="0.115" /><testcase classname="test_iter8.TestTiffinBalance" name="test_boy_empties_filters_by_pincode" time="0.122" /><testcase classname="test_iter8.TestDispatchInPayloads" name="test_admin_live_includes_dispatch" time="0.107" /><testcase classname="test_iter8.TestDispatchInPayloads" name="test_boy_today_includes_dispatch" time="0.104" /><testcase classname="test_iter8.TestDispatchInPayloads" name="test_track_includes_dispatch_and_balance" time="0.125" /><testcase classname="test_iter8.TestDashboardConfig" name="test_get_public_no_auth" time="0.105" /><testcase classname="test_iter8.TestDashboardConfig" name="test_patch_admin_only" time="0.104" /><testcase classname="test_iter8.TestDashboardConfig" name="test_patch_persists_and_order_preserved" time="0.566" /><testcase classname="test_iter8.TestDashboardConfig" name="test_reset_admin_only" time="0.101" /><testcase classname="test_iter9.TestReminders" name="test_admin_only" time="0.123" /><testcase classname="test_iter9.TestReminders" name="test_runs_returns_shape" time="0.106" /><testcase classname="test_iter9.TestReminders" name="test_dedupe_in_window" time="0.225" /><testcase classname="test_iter9.TestAutoExpire" name="test_grace_started_then_expires" time="0.280" /><testcase classname="test_iter9.TestAutoExpire" name="test_grace_clears_on_topup" time="0.115" /><testcase classname="test_iter9.TestGeocodeStatus" name="test_location_returns_status" time="0.188" /><testcase classname="test_iter9.TestGeocodeStatus" name="test_location_invalid_coords" time="0.106" /></testsuite></testsuites>