<?xml version="1.0" encoding="utf-8"?><testsuites name="pytest tests"><testsuite name="pytest" errors="0" failures="2" skipped="0" tests="18" time="1.892" timestamp="2026-06-10T05:02:04.747035+00:00" hostname="agent-env-ef63f8d2-661d-4471-956d-6b3ae3af9570"><testcase classname="backend.tests.test_iter85_franchise.TestTiffinStockFranchise" name="test_get_stock_franchise" time="0.342" /><testcase classname="backend.tests.test_iter85_franchise.TestTiffinStockFranchise" name="test_topup_franchise" time="0.111" /><testcase classname="backend.tests.test_iter85_franchise.TestTiffinStockFranchise" name="test_history_franchise" time="0.049" /><testcase classname="backend.tests.test_iter85_franchise.TestTiffinStockFranchise" name="test_adjust_franchise_should_be_allowed" time="0.046"><failure message="AssertionError: BUG: adjust returns 403 for franchise_owner but review request requires access. tiffin_stock.py line 135 still has 'if user.role != admin'. Body: {&quot;detail&quot;:&quot;Admin only&quot;}&#10;assert 403 != 403&#10; +  where 403 = &lt;Response [403]&gt;.status_code">backend/tests/test_iter85_franchise.py:146: in test_adjust_franchise_should_be_allowed
    assert r.status_code != 403, (
E   AssertionError: BUG: adjust returns 403 for franchise_owner but review request requires access. tiffin_stock.py line 135 still has 'if user.role != admin'. Body: {"detail":"Admin only"}
E   assert 403 != 403
E    +  where 403 = &lt;Response [403]&gt;.status_code</failure></testcase><testcase classname="backend.tests.test_iter85_franchise.TestTiffinStockFranchise" name="test_threshold_franchise_should_be_allowed" time="0.047"><failure message="AssertionError: BUG: threshold returns 403 for franchise_owner but review request requires access. tiffin_stock.py line 169 still has 'if user.role != admin'. Body: {&quot;detail&quot;:&quot;Admin only&quot;}&#10;assert 403 != 403&#10; +  where 403 = &lt;Response [403]&gt;.status_code">backend/tests/test_iter85_franchise.py:155: in test_threshold_franchise_should_be_allowed
    assert r.status_code != 403, (
E   AssertionError: BUG: threshold returns 403 for franchise_owner but review request requires access. tiffin_stock.py line 169 still has 'if user.role != admin'. Body: {"detail":"Admin only"}
E   assert 403 != 403
E    +  where 403 = &lt;Response [403]&gt;.status_code</failure></testcase><testcase classname="backend.tests.test_iter85_franchise.TestMessMenuCalFranchise" name="test_upsert_franchise" time="0.049" /><testcase classname="backend.tests.test_iter85_franchise.TestMessMenuCalFranchise" name="test_bulk_franchise" time="0.054" /><testcase classname="backend.tests.test_iter85_franchise.TestMessMenuCalFranchise" name="test_get_month_franchise" time="0.050" /><testcase classname="backend.tests.test_iter85_franchise.TestMessMenuCalFranchise" name="test_delete_franchise" time="0.139" /><testcase classname="backend.tests.test_iter85_franchise.TestMessMenuCalFranchise" name="test_config_get_put_franchise" time="0.093" /><testcase classname="backend.tests.test_iter85_franchise.TestMessMenuPushFranchise" name="test_get_push_config" time="0.047" /><testcase classname="backend.tests.test_iter85_franchise.TestMessMenuPushFranchise" name="test_put_push_config" time="0.084" /><testcase classname="backend.tests.test_iter85_franchise.TestMessMenuPushFranchise" name="test_preview_franchise" time="0.047" /><testcase classname="backend.tests.test_iter85_franchise.TestRestaurantHoursFranchise" name="test_get_hours_returns_branch_scope" time="0.049" /><testcase classname="backend.tests.test_iter85_franchise.TestRestaurantHoursFranchise" name="test_post_hours_writes_to_branch_key" time="0.051" /><testcase classname="backend.tests.test_iter85_franchise.TestRestaurantHoursFranchise" name="test_public_status_branch_param" time="0.255" /><testcase classname="backend.tests.test_iter85_franchise.TestRestaurantHoursFranchise" name="test_public_status_unknown_mess_falls_back_to_global" time="0.149" /><testcase classname="backend.tests.test_iter85_franchise.TestWalletAdjustNegative" name="test_wallet_adjust_franchise_403" time="0.048" /></testsuite></testsuites>