<?xml version="1.0" encoding="utf-8"?><testsuites name="pytest tests"><testsuite name="pytest" errors="0" failures="0" skipped="0" tests="9" time="1.667" timestamp="2026-05-08T21:00:50.847370+00:00" hostname="agent-env-ef63f8d2-661d-4471-956d-6b3ae3af9570"><testcase classname="backend.tests.test_iter21.TestRiderDashboardEndpoints" name="test_rider_me_returns_200" time="0.190" /><testcase classname="backend.tests.test_iter21.TestRiderDashboardEndpoints" name="test_rider_active_orders_returns_200" time="0.165" /><testcase classname="backend.tests.test_iter21.TestRiderDashboardEndpoints" name="test_rider_earnings_returns_200" time="0.138" /><testcase classname="backend.tests.test_iter21.TestRiderDashboardEndpoints" name="test_rider_endpoints_403_for_non_rider" time="0.149" /><testcase classname="backend.tests.test_iter21.TestRiderDashboardEndpoints" name="test_rider_endpoints_401_unauth" time="0.116" /><testcase classname="backend.tests.test_iter21.TestTrackEndpointCustomerLatLng" name="test_track_returns_customer_lat_lng_from_user_profile" time="0.145" /><testcase classname="backend.tests.test_iter21.TestTrackEndpointCustomerLatLng" name="test_track_403_for_other_user" time="0.148" /><testcase classname="backend.tests.test_iter21.TestRiderOTPDeliveryFlow" name="test_full_delivery_otp_flow" time="0.475" /><testcase classname="backend.tests.test_iter21.TestCreateOrGetUserSelfHeal" name="test_user_doc_has_required_fields" time="0.002" /></testsuite></testsuites>