<?xml version="1.0" encoding="utf-8"?><testsuites name="pytest tests"><testsuite name="pytest" errors="0" failures="0" skipped="0" tests="28" time="0.360" timestamp="2026-06-10T19:24:33.215773+00:00" hostname="agent-env-ef63f8d2-661d-4471-956d-6b3ae3af9570"><testcase classname="backend.tests.test_iter94_franchise_branch.TestControlTower" name="test_admin_global" time="0.027" /><testcase classname="backend.tests.test_iter94_franchise_branch.TestControlTower" name="test_franchise_branch_scope" time="0.011" /><testcase classname="backend.tests.test_iter94_franchise_branch.TestControlTower" name="test_branch_count_le_global" time="0.018" /><testcase classname="backend.tests.test_iter94_franchise_branch.TestControlTower" name="test_subscriber_blocked" time="0.004" /><testcase classname="backend.tests.test_iter94_franchise_branch.TestFranchiseMyMess" name="test_franchise_returns_branch" time="0.004" /><testcase classname="backend.tests.test_iter94_franchise_branch.TestFranchiseMyMess" name="test_admin_global" time="0.004" /><testcase classname="backend.tests.test_iter94_franchise_branch.TestFranchiseMyMess" name="test_subscriber_403" time="0.004" /><testcase classname="backend.tests.test_iter94_franchise_branch.TestKitchenRadius" name="test_franchise_updates_kitchen" time="0.008" /><testcase classname="backend.tests.test_iter94_franchise_branch.TestKitchenRadius" name="test_invalid_coords_400" time="0.003" /><testcase classname="backend.tests.test_iter94_franchise_branch.TestKitchenRadius" name="test_radius_over_50_400" time="0.003" /><testcase classname="backend.tests.test_iter94_franchise_branch.TestKitchenRadius" name="test_admin_blocked_400" time="0.003" /><testcase classname="backend.tests.test_iter94_franchise_branch.TestKitchenRadius" name="test_subscriber_403" time="0.003" /><testcase classname="backend.tests.test_iter94_franchise_branch.TestFranchiseDeliveryAccess" name="test_fr_200[GET-/admin/delivery/today-None]" time="0.009" /><testcase classname="backend.tests.test_iter94_franchise_branch.TestFranchiseDeliveryAccess" name="test_fr_200[GET-/admin/delivery/boys-None]" time="0.004" /><testcase classname="backend.tests.test_iter94_franchise_branch.TestFranchiseDeliveryAccess" name="test_fr_200[GET-/admin/delivery/settings-None]" time="0.003" /><testcase classname="backend.tests.test_iter94_franchise_branch.TestFranchiseDeliveryAccess" name="test_fr_200[GET-/admin/restaurant/takeaway-pendency-None]" time="0.004" /><testcase classname="backend.tests.test_iter94_franchise_branch.TestFranchiseDeliveryAccess" name="test_fr_takeaway_collect_not_403" time="0.003" /><testcase classname="backend.tests.test_iter94_franchise_branch.TestFranchiseDeliveryAccess" name="test_fr_takeaway_manual_not_403" time="0.003" /><testcase classname="backend.tests.test_iter94_franchise_branch.TestFranchiseDeliveryAccess" name="test_subscriber_403[GET-/admin/delivery/today-None]" time="0.003" /><testcase classname="backend.tests.test_iter94_franchise_branch.TestFranchiseDeliveryAccess" name="test_subscriber_403[GET-/admin/delivery/boys-None]" time="0.003" /><testcase classname="backend.tests.test_iter94_franchise_branch.TestFranchiseDeliveryAccess" name="test_subscriber_403[GET-/admin/delivery/settings-None]" time="0.003" /><testcase classname="backend.tests.test_iter94_franchise_branch.TestFranchiseDeliveryAccess" name="test_subscriber_403[GET-/admin/restaurant/takeaway-pendency-None]" time="0.004" /><testcase classname="backend.tests.test_iter94_franchise_branch.TestRegression" name="test_fr_still_200[/admin/raw-materials]" time="0.018" /><testcase classname="backend.tests.test_iter94_franchise_branch.TestRegression" name="test_fr_still_200[/admin/tiffin-stock]" time="0.005" /><testcase classname="backend.tests.test_iter94_franchise_branch.TestRegression" name="test_fr_still_200[/admin/payments/cash-totals]" time="0.006" /><testcase classname="backend.tests.test_iter94_franchise_branch.TestRegression" name="test_fr_still_200[/admin/kitchen-settings]" time="0.004" /><testcase classname="backend.tests.test_iter94_franchise_branch.TestRegression" name="test_fr_still_200[/admin/kitchen/recent]" time="0.019" /><testcase classname="backend.tests.test_iter94_franchise_branch.TestRegression" name="test_fr_still_200[/admin/refunds?status=pending]" time="0.008" /></testsuite></testsuites>