<?xml version="1.0" encoding="utf-8"?><testsuites name="pytest tests"><testsuite name="pytest" errors="0" failures="0" skipped="0" tests="35" time="6.409" timestamp="2026-05-04T20:52:30.468783+00:00" hostname="agent-env-ef63f8d2-661d-4471-956d-6b3ae3af9570"><testcase classname="backend.tests.backend_test.TestPublic" name="test_root" time="0.159" /><testcase classname="backend.tests.backend_test.TestPublic" name="test_plans" time="0.120" /><testcase classname="backend.tests.backend_test.TestPublic" name="test_menu_today" time="0.110" /><testcase classname="backend.tests.backend_test.TestPublic" name="test_me_unauth" time="0.113" /><testcase classname="backend.tests.backend_test.TestSubscriber" name="test_me" time="0.143" /><testcase classname="backend.tests.backend_test.TestSubscriber" name="test_sub_inactive" time="0.130" /><testcase classname="backend.tests.backend_test.TestSubscriber" name="test_sub_active" time="0.109" /><testcase classname="backend.tests.backend_test.TestSubscriber" name="test_qr" time="0.110" /><testcase classname="backend.tests.backend_test.TestAttendance" name="test_staff_scan_marks" time="0.135" /><testcase classname="backend.tests.backend_test.TestAttendance" name="test_duplicate_scan_409" time="0.124" /><testcase classname="backend.tests.backend_test.TestAttendance" name="test_invalid_qr_404" time="0.110" /><testcase classname="backend.tests.backend_test.TestAttendance" name="test_counter_qr_staff_ok" time="0.116" /><testcase classname="backend.tests.backend_test.TestAttendance" name="test_counter_qr_subscriber_403" time="0.119" /><testcase classname="backend.tests.backend_test.TestAttendance" name="test_self_scan_no_sub_400" time="0.280" /><testcase classname="backend.tests.backend_test.TestAttendance" name="test_self_scan_ok" time="0.271" /><testcase classname="backend.tests.backend_test.TestAdmin" name="test_stats_subscriber_403" time="0.124" /><testcase classname="backend.tests.backend_test.TestAdmin" name="test_stats_admin" time="0.132" /><testcase classname="backend.tests.backend_test.TestAdmin" name="test_users" time="0.117" /><testcase classname="backend.tests.backend_test.TestAdmin" name="test_today_attendance" time="0.132" /><testcase classname="backend.tests.backend_test.TestAdmin" name="test_role_update" time="0.126" /><testcase classname="backend.tests.backend_test.TestAdmin" name="test_menu_upsert" time="0.118" /><testcase classname="backend.tests.backend_test.TestStripe" name="test_checkout" time="0.946" /><testcase classname="backend.tests.backend_test.TestCounterQRPublic" name="test_public_lunch" time="0.132" /><testcase classname="backend.tests.backend_test.TestCounterQRPublic" name="test_public_dinner" time="0.125" /><testcase classname="backend.tests.backend_test.TestCounterQRPublic" name="test_public_invalid_meal" time="0.161" /><testcase classname="backend.tests.backend_test.TestCounterQRAuth" name="test_staff_gets_code" time="0.127" /><testcase classname="backend.tests.backend_test.TestCounterQRAuth" name="test_admin_gets_code" time="0.111" /><testcase classname="backend.tests.backend_test.TestCounterQRAuth" name="test_subscriber_forbidden" time="0.133" /><testcase classname="backend.tests.backend_test.TestStatsToday" name="test_stats_today_no_auth" time="0.104" /><testcase classname="backend.tests.backend_test.TestPoster" name="test_poster_png" time="0.153" /><testcase classname="backend.tests.backend_test.TestPoster" name="test_poster_invalid" time="0.118" /><testcase classname="backend.tests.backend_test.TestSelfScanHMAC" name="test_self_scan_with_hmac_lunch" time="0.256" /><testcase classname="backend.tests.backend_test.TestSelfScanHMAC" name="test_self_scan_invalid_code" time="0.348" /><testcase classname="backend.tests.backend_test.TestSelfScanHMAC" name="test_self_scan_duplicate_409" time="0.387" /><testcase classname="backend.tests.backend_test.TestSelfScanHMAC" name="test_self_scan_uses_code_meal_not_client" time="0.229" /></testsuite></testsuites>