<?xml version="1.0" encoding="utf-8"?><testsuites name="pytest tests"><testsuite name="pytest" errors="0" failures="0" skipped="0" tests="23" time="5.334" timestamp="2026-05-05T07:12:23.819700+00:00" hostname="agent-env-ef63f8d2-661d-4471-956d-6b3ae3af9570"><testcase classname="tests.backend_test.TestRoot" name="test_root_rebrand" time="0.103" /><testcase classname="tests.backend_test.TestPlans" name="test_plans_seeded" time="0.113" /><testcase classname="tests.backend_test.TestOtp" name="test_send_otp_dev" time="0.130" /><testcase classname="tests.backend_test.TestOtp" name="test_verify_otp_creates_user" time="0.246" /><testcase classname="tests.backend_test.TestOtp" name="test_verify_otp_wrong" time="0.205" /><testcase classname="tests.backend_test.TestOtp" name="test_verify_otp_too_many_attempts" time="0.851" /><testcase classname="tests.backend_test.TestProfile" name="test_profile_update_ok" time="0.100" /><testcase classname="tests.backend_test.TestProfile" name="test_profile_update_missing_field" time="0.100" /><testcase classname="tests.backend_test.TestPayments" name="test_order_requires_complete_profile" time="0.120" /><testcase classname="tests.backend_test.TestPayments" name="test_order_premium_mock" time="0.126" /><testcase classname="tests.backend_test.TestPayments" name="test_order_invalid_plan" time="0.117" /><testcase classname="tests.backend_test.TestPayments" name="test_verify_mock_creates_subscription" time="0.201" /><testcase classname="tests.backend_test.TestWallet" name="test_my_wallet_no_sub" time="0.102" /><testcase classname="tests.backend_test.TestWallet" name="test_my_subscription_inactive" time="0.154" /><testcase classname="tests.backend_test.TestTick" name="test_inactivity_pauses_and_extends" time="0.332" /><testcase classname="tests.backend_test.TestTick" name="test_recent_scan_causes_deduction" time="0.392" /><testcase classname="tests.backend_test.TestAdminPlans" name="test_list_plans_subscriber_403" time="0.108" /><testcase classname="tests.backend_test.TestAdminPlans" name="test_list_plans_admin" time="0.103" /><testcase classname="tests.backend_test.TestAdminPlans" name="test_create_update_delete_plan" time="0.600" /><testcase classname="tests.backend_test.TestAdminPlans" name="test_admin_stats_inr" time="0.126" /><testcase classname="tests.backend_test.TestSelfScanHMAC" name="test_self_scan_works" time="0.420" /><testcase classname="tests.backend_test.TestWebhook" name="test_webhook_no_event_received" time="0.108" /><testcase classname="tests.backend_test.TestWebhook" name="test_webhook_payment_captured_idempotent" time="0.310" /></testsuite></testsuites>